TN:
SF:src/App.js
FN:13,App
FNF:1
FNH:0
FNDA:0,App
DA:14,0
LF:1
LH:0
BRF:0
BRH:0
end_of_record
TN:
SF:src/App.solution.js
FN:12,App
FNF:1
FNH:0
FNDA:0,App
DA:13,0
LF:1
LH:0
BRF:0
BRH:0
end_of_record
TN:
SF:src/alldata.js
FN:3,AllData
FNF:1
FNH:0
FNDA:0,AllData
DA:4,0
DA:5,0
LF:2
LH:0
BRF:0
BRH:0
end_of_record
TN:
SF:src/balance.js
FN:4,Balance
FNF:1
FNH:0
FNDA:0,Balance
DA:6,0
LF:1
LH:0
BRF:0
BRH:0
end_of_record
TN:
SF:src/balance.solution.js
FN:4,Balance
FNF:1
FNH:1
FNDA:1,Balance
DA:5,1
DA:6,1
LF:2
LH:2
BRF:0
BRH:0
end_of_record
TN:
SF:src/context.js
FN:4,(anonymous_0)
FNF:1
FNH:0
FNDA:0,(anonymous_0)
DA:2,1
DA:4,1
DA:5,0
LF:3
LH:2
BRF:0
BRH:0
end_of_record
TN:
SF:src/createaccount.js
FN:3,CreateAccount
FNF:1
FNH:0
FNDA:0,CreateAccount
DA:4,0
DA:5,0
LF:2
LH:0
BRF:0
BRH:0
end_of_record
TN:
SF:src/deposit.js
FN:2,Deposit
FNF:1
FNH:0
FNDA:0,Deposit
DA:3,0
LF:1
LH:0
BRF:0
BRH:0
end_of_record
TN:
SF:src/home.js
FN:3,Home
FNF:1
FNH:0
FNDA:0,Home
DA:4,0
DA:5,0
LF:2
LH:0
BRF:0
BRH:0
end_of_record
TN:
SF:src/login.js
FN:2,Login
FNF:1
FNH:0
FNDA:0,Login
DA:3,0
LF:1
LH:0
BRF:0
BRH:0
end_of_record
TN:
SF:src/navbar.js
FN:3,NavBar
FNF:1
FNH:0
FNDA:0,NavBar
DA:4,0
LF:1
LH:0
BRF:0
BRH:0
end_of_record
TN:
SF:src/withdraw.js
FN:3,Withdraw
FNF:1
FNH:0
FNDA:0,Withdraw
DA:4,0
LF:1
LH:0
BRF:0
BRH:0
end_of_record
