{"/Users/shashankbr/MO-PCCO.R3-assignment-files/RA_11.1/task-01/src/App.js": {"path":"/Users/shashankbr/MO-PCCO.R3-assignment-files/RA_11.1/task-01/src/App.js","statementMap":{"0":{"start":{"line":6,"column":1},"end":{"line":10,"column":3}}},"fnMap":{"0":{"name":"App","decl":{"start":{"line":5,"column":9},"end":{"line":5,"column":12}},"loc":{"start":{"line":5,"column":15},"end":{"line":11,"column":1}},"line":5}},"branchMap":{},"s":{"0":0},"f":{"0":0},"b":{}}
,"/Users/shashankbr/MO-PCCO.R3-assignment-files/RA_11.1/task-01/src/LikeButton.js": {"path":"/Users/shashankbr/MO-PCCO.R3-assignment-files/RA_11.1/task-01/src/LikeButton.js","statementMap":{"0":{"start":{"line":4,"column":27},"end":{"line":4,"column":42}},"1":{"start":{"line":6,"column":1},"end":{"line":8,"column":2}},"2":{"start":{"line":10,"column":1},"end":{"line":10,"column":61}},"3":{"start":{"line":10,"column":31},"end":{"line":10,"column":45}}},"fnMap":{"0":{"name":"LikeButton","decl":{"start":{"line":3,"column":9},"end":{"line":3,"column":19}},"loc":{"start":{"line":3,"column":22},"end":{"line":11,"column":1}},"line":3},"1":{"name":"(anonymous_1)","decl":{"start":{"line":10,"column":25},"end":{"line":10,"column":26}},"loc":{"start":{"line":10,"column":31},"end":{"line":10,"column":45}},"line":10}},"branchMap":{"0":{"loc":{"start":{"line":6,"column":1},"end":{"line":8,"column":2}},"type":"if","locations":[{"start":{"line":6,"column":1},"end":{"line":8,"column":2}},{"start":{},"end":{}}],"line":6}},"s":{"0":0,"1":0,"2":0,"3":0},"f":{"0":0,"1":0},"b":{"0":[0,0]}}
,"/Users/shashankbr/MO-PCCO.R3-assignment-files/RA_11.1/task-01/src/LikeButton.solution.js": {"path":"/Users/shashankbr/MO-PCCO.R3-assignment-files/RA_11.1/task-01/src/LikeButton.solution.js","statementMap":{"0":{"start":{"line":4,"column":27},"end":{"line":4,"column":42}},"1":{"start":{"line":6,"column":1},"end":{"line":8,"column":2}},"2":{"start":{"line":7,"column":2},"end":{"line":7,"column":27}},"3":{"start":{"line":10,"column":1},"end":{"line":10,"column":61}},"4":{"start":{"line":10,"column":31},"end":{"line":10,"column":45}}},"fnMap":{"0":{"name":"LikeButton","decl":{"start":{"line":3,"column":9},"end":{"line":3,"column":19}},"loc":{"start":{"line":3,"column":22},"end":{"line":11,"column":1}},"line":3},"1":{"name":"(anonymous_1)","decl":{"start":{"line":10,"column":25},"end":{"line":10,"column":26}},"loc":{"start":{"line":10,"column":31},"end":{"line":10,"column":45}},"line":10}},"branchMap":{"0":{"loc":{"start":{"line":6,"column":1},"end":{"line":8,"column":2}},"type":"if","locations":[{"start":{"line":6,"column":1},"end":{"line":8,"column":2}},{"start":{},"end":{}}],"line":6}},"s":{"0":2,"1":2,"2":1,"3":1,"4":1},"f":{"0":2,"1":1},"b":{"0":[1,1]},"_coverageSchema":"1a1c01bbd47fc00a2c39e90264f33305004495a9","hash":"edb5fa1c1f24107a4b5689a47a3080646db3ce46"}
}
