TN:
SF:src/App.js
FN:5,App
FNF:1
FNH:0
FNDA:0,App
DA:6,0
LF:1
LH:0
BRF:0
BRH:0
end_of_record
TN:
SF:src/LikeButton.js
FN:3,LikeButton
FN:10,(anonymous_1)
FNF:2
FNH:0
FNDA:0,LikeButton
FNDA:0,(anonymous_1)
DA:4,0
DA:6,0
DA:10,0
LF:3
LH:0
BRDA:6,0,0,0
BRDA:6,0,1,0
BRF:2
BRH:0
end_of_record
TN:
SF:src/LikeButton.solution.js
FN:3,LikeButton
FN:10,(anonymous_1)
FNF:2
FNH:2
FNDA:2,LikeButton
FNDA:1,(anonymous_1)
DA:4,2
DA:6,2
DA:7,1
DA:10,1
LF:4
LH:4
BRDA:6,0,0,1
BRDA:6,0,1,1
BRF:2
BRH:2
end_of_record
