{"/Users/shashankbr/MO-PCCO.R3-assignment-files/RA_16.1/task-03/src/AddRecipe.js": {"path":"/Users/shashankbr/MO-PCCO.R3-assignment-files/RA_16.1/task-03/src/AddRecipe.js","statementMap":{"0":{"start":{"line":5,"column":18},"end":{"line":57,"column":1}},"1":{"start":{"line":6,"column":25},"end":{"line":6,"column":37}},"2":{"start":{"line":7,"column":39},"end":{"line":7,"column":51}},"3":{"start":{"line":8,"column":41},"end":{"line":8,"column":53}},"4":{"start":{"line":9,"column":23},"end":{"line":9,"column":48}},"5":{"start":{"line":11,"column":22},"end":{"line":22,"column":2}},"6":{"start":{"line":12,"column":2},"end":{"line":12,"column":21}},"7":{"start":{"line":13,"column":2},"end":{"line":18,"column":5}},"8":{"start":{"line":19,"column":2},"end":{"line":19,"column":14}},"9":{"start":{"line":20,"column":2},"end":{"line":20,"column":21}},"10":{"start":{"line":21,"column":2},"end":{"line":21,"column":22}},"11":{"start":{"line":24,"column":1},"end":{"line":56,"column":3}},"12":{"start":{"line":33,"column":22},"end":{"line":33,"column":45}},"13":{"start":{"line":42,"column":22},"end":{"line":42,"column":52}},"14":{"start":{"line":51,"column":22},"end":{"line":51,"column":53}}},"fnMap":{"0":{"name":"(anonymous_0)","decl":{"start":{"line":5,"column":18},"end":{"line":5,"column":19}},"loc":{"start":{"line":5,"column":24},"end":{"line":57,"column":1}},"line":5},"1":{"name":"(anonymous_1)","decl":{"start":{"line":11,"column":22},"end":{"line":11,"column":23}},"loc":{"start":{"line":11,"column":29},"end":{"line":22,"column":2}},"line":11},"2":{"name":"(anonymous_2)","decl":{"start":{"line":33,"column":15},"end":{"line":33,"column":16}},"loc":{"start":{"line":33,"column":22},"end":{"line":33,"column":45}},"line":33},"3":{"name":"(anonymous_3)","decl":{"start":{"line":42,"column":15},"end":{"line":42,"column":16}},"loc":{"start":{"line":42,"column":22},"end":{"line":42,"column":52}},"line":42},"4":{"name":"(anonymous_4)","decl":{"start":{"line":51,"column":15},"end":{"line":51,"column":16}},"loc":{"start":{"line":51,"column":22},"end":{"line":51,"column":53}},"line":51}},"branchMap":{},"s":{"0":0,"1":0,"2":0,"3":0,"4":0,"5":0,"6":0,"7":0,"8":0,"9":0,"10":0,"11":0,"12":0,"13":0,"14":0},"f":{"0":0,"1":0,"2":0,"3":0,"4":0},"b":{}}
,"/Users/shashankbr/MO-PCCO.R3-assignment-files/RA_16.1/task-03/src/App.js": {"path":"/Users/shashankbr/MO-PCCO.R3-assignment-files/RA_16.1/task-03/src/App.js","statementMap":{"0":{"start":{"line":7,"column":12},"end":{"line":17,"column":1}},"1":{"start":{"line":8,"column":1},"end":{"line":16,"column":3}}},"fnMap":{"0":{"name":"(anonymous_0)","decl":{"start":{"line":7,"column":12},"end":{"line":7,"column":13}},"loc":{"start":{"line":7,"column":18},"end":{"line":17,"column":1}},"line":7}},"branchMap":{},"s":{"0":0,"1":0},"f":{"0":0},"b":{}}
,"/Users/shashankbr/MO-PCCO.R3-assignment-files/RA_16.1/task-03/src/RecipeCard.js": {"path":"/Users/shashankbr/MO-PCCO.R3-assignment-files/RA_16.1/task-03/src/RecipeCard.js","statementMap":{"0":{"start":{"line":4,"column":19},"end":{"line":75,"column":1}},"1":{"start":{"line":5,"column":40},"end":{"line":5,"column":65}},"2":{"start":{"line":6,"column":1},"end":{"line":6,"column":27}},"3":{"start":{"line":7,"column":35},"end":{"line":7,"column":50}},"4":{"start":{"line":8,"column":39},"end":{"line":8,"column":60}},"5":{"start":{"line":9,"column":53},"end":{"line":11,"column":2}},"6":{"start":{"line":12,"column":55},"end":{"line":14,"column":2}},"7":{"start":{"line":16,"column":22},"end":{"line":25,"column":2}},"8":{"start":{"line":17,"column":24},"end":{"line":22,"column":3}},"9":{"start":{"line":23,"column":2},"end":{"line":23,"column":30}},"10":{"start":{"line":24,"column":2},"end":{"line":24,"column":22}},"11":{"start":{"line":27,"column":22},"end":{"line":29,"column":2}},"12":{"start":{"line":28,"column":2},"end":{"line":28,"column":23}},"13":{"start":{"line":31,"column":1},"end":{"line":74,"column":3}},"14":{"start":{"line":38,"column":23},"end":{"line":38,"column":53}},"15":{"start":{"line":42,"column":23},"end":{"line":42,"column":60}},"16":{"start":{"line":46,"column":23},"end":{"line":46,"column":61}},"17":{"start":{"line":49,"column":28},"end":{"line":49,"column":47}},"18":{"start":{"line":60,"column":28},"end":{"line":60,"column":46}}},"fnMap":{"0":{"name":"(anonymous_0)","decl":{"start":{"line":4,"column":19},"end":{"line":4,"column":20}},"loc":{"start":{"line":4,"column":35},"end":{"line":75,"column":1}},"line":4},"1":{"name":"(anonymous_1)","decl":{"start":{"line":16,"column":22},"end":{"line":16,"column":23}},"loc":{"start":{"line":16,"column":28},"end":{"line":25,"column":2}},"line":16},"2":{"name":"(anonymous_2)","decl":{"start":{"line":27,"column":22},"end":{"line":27,"column":23}},"loc":{"start":{"line":27,"column":28},"end":{"line":29,"column":2}},"line":27},"3":{"name":"(anonymous_3)","decl":{"start":{"line":38,"column":16},"end":{"line":38,"column":17}},"loc":{"start":{"line":38,"column":23},"end":{"line":38,"column":53}},"line":38},"4":{"name":"(anonymous_4)","decl":{"start":{"line":42,"column":16},"end":{"line":42,"column":17}},"loc":{"start":{"line":42,"column":23},"end":{"line":42,"column":60}},"line":42},"5":{"name":"(anonymous_5)","decl":{"start":{"line":46,"column":16},"end":{"line":46,"column":17}},"loc":{"start":{"line":46,"column":23},"end":{"line":46,"column":61}},"line":46},"6":{"name":"(anonymous_6)","decl":{"start":{"line":49,"column":22},"end":{"line":49,"column":23}},"loc":{"start":{"line":49,"column":28},"end":{"line":49,"column":47}},"line":49},"7":{"name":"(anonymous_7)","decl":{"start":{"line":60,"column":22},"end":{"line":60,"column":23}},"loc":{"start":{"line":60,"column":28},"end":{"line":60,"column":46}},"line":60}},"branchMap":{"0":{"loc":{"start":{"line":33,"column":4},"end":{"line":72,"column":4}},"type":"cond-expr","locations":[{"start":{"line":34,"column":4},"end":{"line":50,"column":7}},{"start":{"line":52,"column":4},"end":{"line":71,"column":7}}],"line":33}},"s":{"0":0,"1":0,"2":0,"3":0,"4":0,"5":0,"6":0,"7":0,"8":0,"9":0,"10":0,"11":0,"12":0,"13":0,"14":0,"15":0,"16":0,"17":0,"18":0},"f":{"0":0,"1":0,"2":0,"3":0,"4":0,"5":0,"6":0,"7":0},"b":{"0":[0,0]}}
,"/Users/shashankbr/MO-PCCO.R3-assignment-files/RA_16.1/task-03/src/RecipeContext.js": {"path":"/Users/shashankbr/MO-PCCO.R3-assignment-files/RA_16.1/task-03/src/RecipeContext.js","statementMap":{"0":{"start":{"line":3,"column":29},"end":{"line":3,"column":44}},"1":{"start":{"line":5,"column":30},"end":{"line":38,"column":1}},"2":{"start":{"line":6,"column":31},"end":{"line":6,"column":43}},"3":{"start":{"line":8,"column":19},"end":{"line":10,"column":2}},"4":{"start":{"line":9,"column":2},"end":{"line":9,"column":35}},"5":{"start":{"line":12,"column":22},"end":{"line":21,"column":2}},"6":{"start":{"line":13,"column":2},"end":{"line":20,"column":4}},"7":{"start":{"line":15,"column":4},"end":{"line":17,"column":5}},"8":{"start":{"line":16,"column":5},"end":{"line":16,"column":19}},"9":{"start":{"line":18,"column":4},"end":{"line":18,"column":26}},"10":{"start":{"line":23,"column":22},"end":{"line":29,"column":2}},"11":{"start":{"line":24,"column":2},"end":{"line":28,"column":4}},"12":{"start":{"line":26,"column":4},"end":{"line":26,"column":16}},"13":{"start":{"line":31,"column":1},"end":{"line":37,"column":3}}},"fnMap":{"0":{"name":"(anonymous_0)","decl":{"start":{"line":5,"column":30},"end":{"line":5,"column":31}},"loc":{"start":{"line":5,"column":48},"end":{"line":38,"column":1}},"line":5},"1":{"name":"(anonymous_1)","decl":{"start":{"line":8,"column":19},"end":{"line":8,"column":20}},"loc":{"start":{"line":8,"column":31},"end":{"line":10,"column":2}},"line":8},"2":{"name":"(anonymous_2)","decl":{"start":{"line":12,"column":22},"end":{"line":12,"column":23}},"loc":{"start":{"line":12,"column":34},"end":{"line":21,"column":2}},"line":12},"3":{"name":"(anonymous_3)","decl":{"start":{"line":14,"column":15},"end":{"line":14,"column":16}},"loc":{"start":{"line":14,"column":35},"end":{"line":19,"column":4}},"line":14},"4":{"name":"(anonymous_4)","decl":{"start":{"line":23,"column":22},"end":{"line":23,"column":23}},"loc":{"start":{"line":23,"column":34},"end":{"line":29,"column":2}},"line":23},"5":{"name":"(anonymous_5)","decl":{"start":{"line":25,"column":18},"end":{"line":25,"column":19}},"loc":{"start":{"line":25,"column":38},"end":{"line":27,"column":4}},"line":25}},"branchMap":{"0":{"loc":{"start":{"line":15,"column":4},"end":{"line":17,"column":5}},"type":"if","locations":[{"start":{"line":15,"column":4},"end":{"line":17,"column":5}},{"start":{},"end":{}}],"line":15}},"s":{"0":1,"1":1,"2":3,"3":3,"4":1,"5":3,"6":0,"7":0,"8":0,"9":0,"10":3,"11":1,"12":1,"13":3},"f":{"0":3,"1":1,"2":0,"3":0,"4":1,"5":1},"b":{"0":[0,0]},"_coverageSchema":"1a1c01bbd47fc00a2c39e90264f33305004495a9","hash":"58fce2143fdf55b434f793eed0e101dcdd34078b"}
,"/Users/shashankbr/MO-PCCO.R3-assignment-files/RA_16.1/task-03/src/RecipeContext.solution.js": {"path":"/Users/shashankbr/MO-PCCO.R3-assignment-files/RA_16.1/task-03/src/RecipeContext.solution.js","statementMap":{"0":{"start":{"line":3,"column":29},"end":{"line":3,"column":44}},"1":{"start":{"line":5,"column":30},"end":{"line":38,"column":1}},"2":{"start":{"line":6,"column":31},"end":{"line":6,"column":43}},"3":{"start":{"line":8,"column":19},"end":{"line":10,"column":2}},"4":{"start":{"line":9,"column":2},"end":{"line":9,"column":35}},"5":{"start":{"line":12,"column":22},"end":{"line":21,"column":2}},"6":{"start":{"line":13,"column":2},"end":{"line":20,"column":4}},"7":{"start":{"line":15,"column":4},"end":{"line":17,"column":5}},"8":{"start":{"line":16,"column":5},"end":{"line":16,"column":19}},"9":{"start":{"line":18,"column":4},"end":{"line":18,"column":26}},"10":{"start":{"line":23,"column":22},"end":{"line":29,"column":2}},"11":{"start":{"line":24,"column":2},"end":{"line":28,"column":4}},"12":{"start":{"line":26,"column":4},"end":{"line":26,"column":43}},"13":{"start":{"line":31,"column":1},"end":{"line":37,"column":3}}},"fnMap":{"0":{"name":"(anonymous_0)","decl":{"start":{"line":5,"column":30},"end":{"line":5,"column":31}},"loc":{"start":{"line":5,"column":48},"end":{"line":38,"column":1}},"line":5},"1":{"name":"(anonymous_1)","decl":{"start":{"line":8,"column":19},"end":{"line":8,"column":20}},"loc":{"start":{"line":8,"column":31},"end":{"line":10,"column":2}},"line":8},"2":{"name":"(anonymous_2)","decl":{"start":{"line":12,"column":22},"end":{"line":12,"column":23}},"loc":{"start":{"line":12,"column":34},"end":{"line":21,"column":2}},"line":12},"3":{"name":"(anonymous_3)","decl":{"start":{"line":14,"column":15},"end":{"line":14,"column":16}},"loc":{"start":{"line":14,"column":35},"end":{"line":19,"column":4}},"line":14},"4":{"name":"(anonymous_4)","decl":{"start":{"line":23,"column":22},"end":{"line":23,"column":23}},"loc":{"start":{"line":23,"column":34},"end":{"line":29,"column":2}},"line":23},"5":{"name":"(anonymous_5)","decl":{"start":{"line":25,"column":18},"end":{"line":25,"column":19}},"loc":{"start":{"line":25,"column":38},"end":{"line":27,"column":4}},"line":25}},"branchMap":{"0":{"loc":{"start":{"line":15,"column":4},"end":{"line":17,"column":5}},"type":"if","locations":[{"start":{"line":15,"column":4},"end":{"line":17,"column":5}},{"start":{},"end":{}}],"line":15}},"s":{"0":0,"1":0,"2":0,"3":0,"4":0,"5":0,"6":0,"7":0,"8":0,"9":0,"10":0,"11":0,"12":0,"13":0},"f":{"0":0,"1":0,"2":0,"3":0,"4":0,"5":0},"b":{"0":[0,0]}}
,"/Users/shashankbr/MO-PCCO.R3-assignment-files/RA_16.1/task-03/src/RecipeList.js": {"path":"/Users/shashankbr/MO-PCCO.R3-assignment-files/RA_16.1/task-03/src/RecipeList.js","statementMap":{"0":{"start":{"line":5,"column":19},"end":{"line":21,"column":1}},"1":{"start":{"line":6,"column":21},"end":{"line":6,"column":46}},"2":{"start":{"line":8,"column":1},"end":{"line":12,"column":2}},"3":{"start":{"line":9,"column":2},"end":{"line":11,"column":4}},"4":{"start":{"line":14,"column":1},"end":{"line":20,"column":3}},"5":{"start":{"line":17,"column":4},"end":{"line":17,"column":50}}},"fnMap":{"0":{"name":"(anonymous_0)","decl":{"start":{"line":5,"column":19},"end":{"line":5,"column":20}},"loc":{"start":{"line":5,"column":25},"end":{"line":21,"column":1}},"line":5},"1":{"name":"(anonymous_1)","decl":{"start":{"line":16,"column":16},"end":{"line":16,"column":17}},"loc":{"start":{"line":17,"column":4},"end":{"line":17,"column":50}},"line":17}},"branchMap":{"0":{"loc":{"start":{"line":8,"column":1},"end":{"line":12,"column":2}},"type":"if","locations":[{"start":{"line":8,"column":1},"end":{"line":12,"column":2}},{"start":{},"end":{}}],"line":8}},"s":{"0":0,"1":0,"2":0,"3":0,"4":0,"5":0},"f":{"0":0,"1":0},"b":{"0":[0,0]}}
}
