{"/Users/shashankbr/MO-PCCO.R3-assignment-files/RA_12.4/task-01/src/App.js": {"path":"/Users/shashankbr/MO-PCCO.R3-assignment-files/RA_12.4/task-01/src/App.js","statementMap":{"0":{"start":{"line":7,"column":27},"end":{"line":7,"column":39}},"1":{"start":{"line":9,"column":17},"end":{"line":11,"column":2}},"2":{"start":{"line":10,"column":2},"end":{"line":10,"column":73}},"3":{"start":{"line":13,"column":20},"end":{"line":15,"column":2}},"4":{"start":{"line":14,"column":2},"end":{"line":14,"column":55}},"5":{"start":{"line":14,"column":34},"end":{"line":14,"column":52}},"6":{"start":{"line":17,"column":30},"end":{"line":23,"column":2}},"7":{"start":{"line":18,"column":2},"end":{"line":22,"column":4}},"8":{"start":{"line":20,"column":4},"end":{"line":20,"column":71}},"9":{"start":{"line":25,"column":1},"end":{"line":40,"column":3}},"10":{"start":{"line":31,"column":5},"end":{"line":36,"column":7}}},"fnMap":{"0":{"name":"App","decl":{"start":{"line":6,"column":9},"end":{"line":6,"column":12}},"loc":{"start":{"line":6,"column":15},"end":{"line":41,"column":1}},"line":6},"1":{"name":"(anonymous_1)","decl":{"start":{"line":9,"column":17},"end":{"line":9,"column":18}},"loc":{"start":{"line":9,"column":27},"end":{"line":11,"column":2}},"line":9},"2":{"name":"(anonymous_2)","decl":{"start":{"line":13,"column":20},"end":{"line":13,"column":21}},"loc":{"start":{"line":13,"column":32},"end":{"line":15,"column":2}},"line":13},"3":{"name":"(anonymous_3)","decl":{"start":{"line":14,"column":24},"end":{"line":14,"column":25}},"loc":{"start":{"line":14,"column":34},"end":{"line":14,"column":52}},"line":14},"4":{"name":"(anonymous_4)","decl":{"start":{"line":17,"column":30},"end":{"line":17,"column":31}},"loc":{"start":{"line":17,"column":42},"end":{"line":23,"column":2}},"line":17},"5":{"name":"(anonymous_5)","decl":{"start":{"line":19,"column":13},"end":{"line":19,"column":14}},"loc":{"start":{"line":20,"column":4},"end":{"line":20,"column":71}},"line":20},"6":{"name":"(anonymous_6)","decl":{"start":{"line":30,"column":15},"end":{"line":30,"column":16}},"loc":{"start":{"line":31,"column":5},"end":{"line":36,"column":7}},"line":31}},"branchMap":{"0":{"loc":{"start":{"line":20,"column":4},"end":{"line":20,"column":71}},"type":"cond-expr","locations":[{"start":{"line":20,"column":25},"end":{"line":20,"column":64}},{"start":{"line":20,"column":67},"end":{"line":20,"column":71}}],"line":20}},"s":{"0":0,"1":0,"2":0,"3":0,"4":0,"5":0,"6":0,"7":0,"8":0,"9":0,"10":0},"f":{"0":0,"1":0,"2":0,"3":0,"4":0,"5":0,"6":0},"b":{"0":[0,0]}}
,"/Users/shashankbr/MO-PCCO.R3-assignment-files/RA_12.4/task-01/src/Task.js": {"path":"/Users/shashankbr/MO-PCCO.R3-assignment-files/RA_12.4/task-01/src/Task.js","statementMap":{"0":{"start":{"line":5,"column":1},"end":{"line":19,"column":3}},"1":{"start":{"line":15,"column":26},"end":{"line":15,"column":45}}},"fnMap":{"0":{"name":"Task","decl":{"start":{"line":4,"column":9},"end":{"line":4,"column":13}},"loc":{"start":{"line":4,"column":58},"end":{"line":20,"column":1}},"line":4},"1":{"name":"(anonymous_1)","decl":{"start":{"line":15,"column":20},"end":{"line":15,"column":21}},"loc":{"start":{"line":15,"column":26},"end":{"line":15,"column":45}},"line":15}},"branchMap":{},"s":{"0":0,"1":0},"f":{"0":0,"1":0},"b":{}}
,"/Users/shashankbr/MO-PCCO.R3-assignment-files/RA_12.4/task-01/src/Task.solution.js": {"path":"/Users/shashankbr/MO-PCCO.R3-assignment-files/RA_12.4/task-01/src/Task.solution.js","statementMap":{"0":{"start":{"line":5,"column":1},"end":{"line":18,"column":3}},"1":{"start":{"line":10,"column":20},"end":{"line":10,"column":49}},"2":{"start":{"line":14,"column":26},"end":{"line":14,"column":45}}},"fnMap":{"0":{"name":"Task","decl":{"start":{"line":4,"column":9},"end":{"line":4,"column":13}},"loc":{"start":{"line":4,"column":58},"end":{"line":19,"column":1}},"line":4},"1":{"name":"(anonymous_1)","decl":{"start":{"line":10,"column":14},"end":{"line":10,"column":15}},"loc":{"start":{"line":10,"column":20},"end":{"line":10,"column":49}},"line":10},"2":{"name":"(anonymous_2)","decl":{"start":{"line":14,"column":20},"end":{"line":14,"column":21}},"loc":{"start":{"line":14,"column":26},"end":{"line":14,"column":45}},"line":14}},"branchMap":{"0":{"loc":{"start":{"line":6,"column":26},"end":{"line":6,"column":59}},"type":"cond-expr","locations":[{"start":{"line":6,"column":43},"end":{"line":6,"column":54}},{"start":{"line":6,"column":57},"end":{"line":6,"column":59}}],"line":6}},"s":{"0":3,"1":1,"2":0},"f":{"0":3,"1":1,"2":0},"b":{"0":[2,1]},"_coverageSchema":"1a1c01bbd47fc00a2c39e90264f33305004495a9","hash":"6c9261ebbf8de7c47f02cea5eb57058656af2549"}
,"/Users/shashankbr/MO-PCCO.R3-assignment-files/RA_12.4/task-01/src/TaskForm.js": {"path":"/Users/shashankbr/MO-PCCO.R3-assignment-files/RA_12.4/task-01/src/TaskForm.js","statementMap":{"0":{"start":{"line":5,"column":27},"end":{"line":5,"column":39}},"1":{"start":{"line":7,"column":22},"end":{"line":12,"column":2}},"2":{"start":{"line":8,"column":2},"end":{"line":8,"column":21}},"3":{"start":{"line":9,"column":2},"end":{"line":9,"column":28}},"4":{"start":{"line":9,"column":21},"end":{"line":9,"column":28}},"5":{"start":{"line":10,"column":2},"end":{"line":10,"column":24}},"6":{"start":{"line":11,"column":2},"end":{"line":11,"column":15}},"7":{"start":{"line":14,"column":1},"end":{"line":27,"column":3}},"8":{"start":{"line":21,"column":21},"end":{"line":21,"column":45}}},"fnMap":{"0":{"name":"TaskForm","decl":{"start":{"line":4,"column":9},"end":{"line":4,"column":17}},"loc":{"start":{"line":4,"column":31},"end":{"line":28,"column":1}},"line":4},"1":{"name":"(anonymous_1)","decl":{"start":{"line":7,"column":22},"end":{"line":7,"column":23}},"loc":{"start":{"line":7,"column":29},"end":{"line":12,"column":2}},"line":7},"2":{"name":"(anonymous_2)","decl":{"start":{"line":21,"column":14},"end":{"line":21,"column":15}},"loc":{"start":{"line":21,"column":21},"end":{"line":21,"column":45}},"line":21}},"branchMap":{"0":{"loc":{"start":{"line":9,"column":2},"end":{"line":9,"column":28}},"type":"if","locations":[{"start":{"line":9,"column":2},"end":{"line":9,"column":28}},{"start":{},"end":{}}],"line":9}},"s":{"0":0,"1":0,"2":0,"3":0,"4":0,"5":0,"6":0,"7":0,"8":0},"f":{"0":0,"1":0,"2":0},"b":{"0":[0,0]}}
}
