<?xml version="1.0" encoding="UTF-8"?>
<coverage generated="1707122562377" clover="3.2.0">
  <project timestamp="1707122562377" name="All files">
    <metrics statements="7" coveredstatements="2" conditionals="0" coveredconditionals="0" methods="4" coveredmethods="1" elements="11" coveredelements="3" complexity="0" loc="7" ncloc="7" packages="1" files="3" classes="3"/>
    <file name="App.js" path="/Users/shashankbr/MO-PCCO.R3-assignment-files/RA_12.1_Destructuring_and_props/task-02/src/App.js">
      <metrics statements="3" coveredstatements="0" conditionals="0" coveredconditionals="0" methods="2" coveredmethods="0"/>
      <line num="6" count="0" type="stmt"/>
      <line num="7" count="0" type="stmt"/>
      <line num="12" count="0" type="stmt"/>
    </file>
    <file name="EventCard.js" path="/Users/shashankbr/MO-PCCO.R3-assignment-files/RA_12.1_Destructuring_and_props/task-02/src/EventCard.js">
      <metrics statements="2" coveredstatements="2" conditionals="0" coveredconditionals="0" methods="1" coveredmethods="1"/>
      <line num="4" count="1" type="stmt"/>
      <line num="5" count="12" type="stmt"/>
    </file>
    <file name="EventCard.solution.js" path="/Users/shashankbr/MO-PCCO.R3-assignment-files/RA_12.1_Destructuring_and_props/task-02/src/EventCard.solution.js">
      <metrics statements="2" coveredstatements="0" conditionals="0" coveredconditionals="0" methods="1" coveredmethods="0"/>
      <line num="4" count="0" type="stmt"/>
      <line num="5" count="0" type="stmt"/>
    </file>
  </project>
</coverage>
