{"/Users/shashankbr/MO-PCCO.R3-assignment-files/RA_12.1_Destructuring_and_props/task-02/src/App.js": {"path":"/Users/shashankbr/MO-PCCO.R3-assignment-files/RA_12.1_Destructuring_and_props/task-02/src/App.js","statementMap":{"0":{"start":{"line":6,"column":12},"end":{"line":23,"column":1}},"1":{"start":{"line":7,"column":1},"end":{"line":22,"column":3}},"2":{"start":{"line":12,"column":5},"end":{"line":18,"column":7}}},"fnMap":{"0":{"name":"(anonymous_0)","decl":{"start":{"line":6,"column":12},"end":{"line":6,"column":13}},"loc":{"start":{"line":6,"column":18},"end":{"line":23,"column":1}},"line":6},"1":{"name":"(anonymous_1)","decl":{"start":{"line":11,"column":16},"end":{"line":11,"column":17}},"loc":{"start":{"line":12,"column":5},"end":{"line":18,"column":7}},"line":12}},"branchMap":{},"s":{"0":0,"1":0,"2":0},"f":{"0":0,"1":0},"b":{}}
,"/Users/shashankbr/MO-PCCO.R3-assignment-files/RA_12.1_Destructuring_and_props/task-02/src/EventCard.js": {"path":"/Users/shashankbr/MO-PCCO.R3-assignment-files/RA_12.1_Destructuring_and_props/task-02/src/EventCard.js","statementMap":{"0":{"start":{"line":4,"column":18},"end":{"line":21,"column":1}},"1":{"start":{"line":5,"column":1},"end":{"line":20,"column":3}}},"fnMap":{"0":{"name":"(anonymous_0)","decl":{"start":{"line":4,"column":18},"end":{"line":4,"column":19}},"loc":{"start":{"line":4,"column":62},"end":{"line":21,"column":1}},"line":4}},"branchMap":{},"s":{"0":1,"1":12},"f":{"0":12},"b":{},"_coverageSchema":"1a1c01bbd47fc00a2c39e90264f33305004495a9","hash":"e78415ef61787e9b29acc3f90eba2a62af6a3e9e"}
,"/Users/shashankbr/MO-PCCO.R3-assignment-files/RA_12.1_Destructuring_and_props/task-02/src/EventCard.solution.js": {"path":"/Users/shashankbr/MO-PCCO.R3-assignment-files/RA_12.1_Destructuring_and_props/task-02/src/EventCard.solution.js","statementMap":{"0":{"start":{"line":4,"column":18},"end":{"line":14,"column":1}},"1":{"start":{"line":5,"column":1},"end":{"line":13,"column":3}}},"fnMap":{"0":{"name":"(anonymous_0)","decl":{"start":{"line":4,"column":18},"end":{"line":4,"column":19}},"loc":{"start":{"line":4,"column":62},"end":{"line":14,"column":1}},"line":4}},"branchMap":{},"s":{"0":0,"1":0},"f":{"0":0},"b":{}}
}
