{"/Users/shashankbr/MO-PCCO.R3-assignment-files/RA_11.1_JSX_expressions,styles,attributes/task-03/src/App.js": {"path":"/Users/shashankbr/MO-PCCO.R3-assignment-files/RA_11.1_JSX_expressions,styles,attributes/task-03/src/App.js","statementMap":{"0":{"start":{"line":5,"column":2},"end":{"line":9,"column":4}}},"fnMap":{"0":{"name":"App","decl":{"start":{"line":4,"column":9},"end":{"line":4,"column":12}},"loc":{"start":{"line":4,"column":15},"end":{"line":10,"column":1}},"line":4}},"branchMap":{},"s":{"0":0},"f":{"0":0},"b":{}}
,"/Users/shashankbr/MO-PCCO.R3-assignment-files/RA_11.1_JSX_expressions,styles,attributes/task-03/src/WelcomeCard.js": {"path":"/Users/shashankbr/MO-PCCO.R3-assignment-files/RA_11.1_JSX_expressions,styles,attributes/task-03/src/WelcomeCard.js","statementMap":{"0":{"start":{"line":5,"column":47},"end":{"line":5,"column":65}},"1":{"start":{"line":7,"column":21},"end":{"line":11,"column":2}},"2":{"start":{"line":8,"column":2},"end":{"line":10,"column":5}},"3":{"start":{"line":9,"column":3},"end":{"line":9,"column":53}},"4":{"start":{"line":13,"column":1},"end":{"line":20,"column":3}}},"fnMap":{"0":{"name":"WelcomeCard","decl":{"start":{"line":4,"column":9},"end":{"line":4,"column":20}},"loc":{"start":{"line":4,"column":31},"end":{"line":21,"column":1}},"line":4},"1":{"name":"(anonymous_1)","decl":{"start":{"line":7,"column":21},"end":{"line":7,"column":22}},"loc":{"start":{"line":7,"column":27},"end":{"line":11,"column":2}},"line":7},"2":{"name":"(anonymous_2)","decl":{"start":{"line":8,"column":21},"end":{"line":8,"column":22}},"loc":{"start":{"line":8,"column":31},"end":{"line":10,"column":3}},"line":8}},"branchMap":{"0":{"loc":{"start":{"line":9,"column":10},"end":{"line":9,"column":52}},"type":"cond-expr","locations":[{"start":{"line":9,"column":30},"end":{"line":9,"column":41}},{"start":{"line":9,"column":44},"end":{"line":9,"column":52}}],"line":9}},"s":{"0":1,"1":1,"2":0,"3":0,"4":1},"f":{"0":1,"1":0,"2":0},"b":{"0":[0,0]},"_coverageSchema":"1a1c01bbd47fc00a2c39e90264f33305004495a9","hash":"481c41844d3cb5a9ad2639a12c8551202fb1c613"}
,"/Users/shashankbr/MO-PCCO.R3-assignment-files/RA_11.1_JSX_expressions,styles,attributes/task-03/src/WelcomeCard.solution.js": {"path":"/Users/shashankbr/MO-PCCO.R3-assignment-files/RA_11.1_JSX_expressions,styles,attributes/task-03/src/WelcomeCard.solution.js","statementMap":{"0":{"start":{"line":5,"column":47},"end":{"line":5,"column":65}},"1":{"start":{"line":7,"column":21},"end":{"line":11,"column":2}},"2":{"start":{"line":8,"column":2},"end":{"line":10,"column":5}},"3":{"start":{"line":9,"column":3},"end":{"line":9,"column":53}},"4":{"start":{"line":13,"column":1},"end":{"line":22,"column":3}}},"fnMap":{"0":{"name":"WelcomeCard","decl":{"start":{"line":4,"column":9},"end":{"line":4,"column":20}},"loc":{"start":{"line":4,"column":31},"end":{"line":23,"column":1}},"line":4},"1":{"name":"(anonymous_1)","decl":{"start":{"line":7,"column":21},"end":{"line":7,"column":22}},"loc":{"start":{"line":7,"column":27},"end":{"line":11,"column":2}},"line":7},"2":{"name":"(anonymous_2)","decl":{"start":{"line":8,"column":21},"end":{"line":8,"column":22}},"loc":{"start":{"line":8,"column":31},"end":{"line":10,"column":3}},"line":8}},"branchMap":{"0":{"loc":{"start":{"line":9,"column":10},"end":{"line":9,"column":52}},"type":"cond-expr","locations":[{"start":{"line":9,"column":30},"end":{"line":9,"column":41}},{"start":{"line":9,"column":44},"end":{"line":9,"column":52}}],"line":9}},"s":{"0":0,"1":0,"2":0,"3":0,"4":0},"f":{"0":0,"1":0,"2":0},"b":{"0":[0,0]}}
}
