{"/Users/shashankbr/MO-PCCO.R3-assignment-files/RA_11.1_JSX_expressions,styles,attributes/task-02/src/App.js": {"path":"/Users/shashankbr/MO-PCCO.R3-assignment-files/RA_11.1_JSX_expressions,styles,attributes/task-02/src/App.js","statementMap":{"0":{"start":{"line":5,"column":2},"end":{"line":9,"column":4}}},"fnMap":{"0":{"name":"App","decl":{"start":{"line":4,"column":9},"end":{"line":4,"column":12}},"loc":{"start":{"line":4,"column":15},"end":{"line":10,"column":1}},"line":4}},"branchMap":{},"s":{"0":0},"f":{"0":0},"b":{}}
,"/Users/shashankbr/MO-PCCO.R3-assignment-files/RA_11.1_JSX_expressions,styles,attributes/task-02/src/WelcomeCard.js": {"path":"/Users/shashankbr/MO-PCCO.R3-assignment-files/RA_11.1_JSX_expressions,styles,attributes/task-02/src/WelcomeCard.js","statementMap":{"0":{"start":{"line":5,"column":1},"end":{"line":12,"column":3}}},"fnMap":{"0":{"name":"WelcomeCard","decl":{"start":{"line":4,"column":9},"end":{"line":4,"column":20}},"loc":{"start":{"line":4,"column":31},"end":{"line":13,"column":1}},"line":4}},"branchMap":{},"s":{"0":1},"f":{"0":1},"b":{},"_coverageSchema":"1a1c01bbd47fc00a2c39e90264f33305004495a9","hash":"66ac8d106e96f28ef65b988499f5b1af697de52b"}
,"/Users/shashankbr/MO-PCCO.R3-assignment-files/RA_11.1_JSX_expressions,styles,attributes/task-02/src/WelcomeCard.solution.js": {"path":"/Users/shashankbr/MO-PCCO.R3-assignment-files/RA_11.1_JSX_expressions,styles,attributes/task-02/src/WelcomeCard.solution.js","statementMap":{"0":{"start":{"line":5,"column":1},"end":{"line":11,"column":3}}},"fnMap":{"0":{"name":"WelcomeCard","decl":{"start":{"line":4,"column":9},"end":{"line":4,"column":20}},"loc":{"start":{"line":4,"column":31},"end":{"line":12,"column":1}},"line":4}},"branchMap":{},"s":{"0":0},"f":{"0":0},"b":{}}
}
