<?xml version="1.0" encoding="UTF-8"?>
<coverage generated="1707557254129" clover="3.2.0">
  <project timestamp="1707557254129" name="All files">
    <metrics statements="30" coveredstatements="3" conditionals="6" coveredconditionals="0" methods="21" coveredmethods="2" elements="57" coveredelements="5" complexity="0" loc="30" ncloc="30" packages="1" files="7" classes="7"/>
    <file name="App.js" path="/Users/shashankbr/MO-PCCO.R3-assignment-files/RA_12.5/task-04/src/App.js">
      <metrics statements="13" coveredstatements="0" conditionals="6" coveredconditionals="0" methods="8" coveredmethods="0"/>
      <line num="7" count="0" type="stmt"/>
      <line num="9" count="0" type="stmt"/>
      <line num="10" count="0" type="stmt"/>
      <line num="11" count="0" type="cond" truecount="0" falsecount="2"/>
      <line num="12" count="0" type="stmt"/>
      <line num="14" count="0" type="cond" truecount="0" falsecount="2"/>
      <line num="18" count="0" type="stmt"/>
      <line num="22" count="0" type="stmt"/>
      <line num="23" count="0" type="stmt"/>
      <line num="25" count="0" type="cond" truecount="0" falsecount="2"/>
      <line num="30" count="0" type="stmt"/>
      <line num="31" count="0" type="stmt"/>
      <line num="34" count="0" type="stmt"/>
    </file>
    <file name="Cart.js" path="/Users/shashankbr/MO-PCCO.R3-assignment-files/RA_12.5/task-04/src/Cart.js">
      <metrics statements="2" coveredstatements="0" conditionals="0" coveredconditionals="0" methods="2" coveredmethods="0"/>
      <line num="7" count="0" type="stmt"/>
      <line num="11" count="0" type="stmt"/>
    </file>
    <file name="CartItem.js" path="/Users/shashankbr/MO-PCCO.R3-assignment-files/RA_12.5/task-04/src/CartItem.js">
      <metrics statements="5" coveredstatements="0" conditionals="0" coveredconditionals="0" methods="4" coveredmethods="0"/>
      <line num="5" count="0" type="stmt"/>
      <line num="7" count="0" type="stmt"/>
      <line num="15" count="0" type="stmt"/>
      <line num="20" count="0" type="stmt"/>
      <line num="26" count="0" type="stmt"/>
    </file>
    <file name="CartTotal.js" path="/Users/shashankbr/MO-PCCO.R3-assignment-files/RA_12.5/task-04/src/CartTotal.js">
      <metrics statements="2" coveredstatements="0" conditionals="0" coveredconditionals="0" methods="1" coveredmethods="0"/>
      <line num="5" count="0" type="stmt"/>
      <line num="7" count="0" type="stmt"/>
    </file>
    <file name="CartTotal.solution.js" path="/Users/shashankbr/MO-PCCO.R3-assignment-files/RA_12.5/task-04/src/CartTotal.solution.js">
      <metrics statements="3" coveredstatements="3" conditionals="0" coveredconditionals="0" methods="2" coveredmethods="2"/>
      <line num="5" count="2" type="stmt"/>
      <line num="6" count="3" type="stmt"/>
      <line num="10" count="2" type="stmt"/>
    </file>
    <file name="Item.js" path="/Users/shashankbr/MO-PCCO.R3-assignment-files/RA_12.5/task-04/src/Item.js">
      <metrics statements="2" coveredstatements="0" conditionals="0" coveredconditionals="0" methods="2" coveredmethods="0"/>
      <line num="5" count="0" type="stmt"/>
      <line num="9" count="0" type="stmt"/>
    </file>
    <file name="ItemList.js" path="/Users/shashankbr/MO-PCCO.R3-assignment-files/RA_12.5/task-04/src/ItemList.js">
      <metrics statements="3" coveredstatements="0" conditionals="0" coveredconditionals="0" methods="2" coveredmethods="0"/>
      <line num="6" count="0" type="stmt"/>
      <line num="13" count="0" type="stmt"/>
      <line num="16" count="0" type="stmt"/>
    </file>
  </project>
</coverage>
