<?xml version="1.0" encoding="UTF-8"?>
<coverage generated="1707556508494" clover="3.2.0">
  <project timestamp="1707556508494" name="All files">
    <metrics statements="38" coveredstatements="19" conditionals="12" coveredconditionals="1" methods="25" coveredmethods="12" elements="75" coveredelements="32" complexity="0" loc="38" ncloc="38" packages="1" files="6" classes="6"/>
    <file name="App.js" path="/Users/shashankbr/MO-PCCO.R3-assignment-files/RA_12.5/task-03/src/App.js">
      <metrics statements="13" coveredstatements="0" conditionals="6" coveredconditionals="0" methods="7" coveredmethods="0"/>
      <line num="7" count="0" type="stmt"/>
      <line num="9" count="0" type="stmt"/>
      <line num="10" count="0" type="stmt"/>
      <line num="11" count="0" type="cond" truecount="0" falsecount="2"/>
      <line num="12" count="0" type="stmt"/>
      <line num="14" count="0" type="cond" truecount="0" falsecount="2"/>
      <line num="18" count="0" type="stmt"/>
      <line num="22" count="0" type="stmt"/>
      <line num="23" count="0" type="stmt"/>
      <line num="25" count="0" type="cond" truecount="0" falsecount="2"/>
      <line num="30" count="0" type="stmt"/>
      <line num="31" count="0" type="stmt"/>
      <line num="34" count="0" type="stmt"/>
    </file>
    <file name="App.solution.js" path="/Users/shashankbr/MO-PCCO.R3-assignment-files/RA_12.5/task-03/src/App.solution.js">
      <metrics statements="13" coveredstatements="9" conditionals="6" coveredconditionals="1" methods="8" coveredmethods="4"/>
      <line num="7" count="3" type="stmt"/>
      <line num="9" count="3" type="stmt"/>
      <line num="10" count="1" type="stmt"/>
      <line num="11" count="1" type="cond" truecount="1" falsecount="1"/>
      <line num="12" count="0" type="stmt"/>
      <line num="14" count="0" type="cond" truecount="0" falsecount="2"/>
      <line num="18" count="1" type="stmt"/>
      <line num="22" count="3" type="stmt"/>
      <line num="23" count="0" type="stmt"/>
      <line num="25" count="0" type="cond" truecount="0" falsecount="2"/>
      <line num="30" count="3" type="stmt"/>
      <line num="31" count="1" type="stmt"/>
      <line num="34" count="3" type="stmt"/>
    </file>
    <file name="Cart.js" path="/Users/shashankbr/MO-PCCO.R3-assignment-files/RA_12.5/task-03/src/Cart.js">
      <metrics statements="2" coveredstatements="2" conditionals="0" coveredconditionals="0" methods="2" coveredmethods="2"/>
      <line num="6" count="3" type="stmt"/>
      <line num="10" count="1" type="stmt"/>
    </file>
    <file name="CartItem.js" path="/Users/shashankbr/MO-PCCO.R3-assignment-files/RA_12.5/task-03/src/CartItem.js">
      <metrics statements="5" coveredstatements="3" conditionals="0" coveredconditionals="0" methods="4" coveredmethods="2"/>
      <line num="5" count="1" type="stmt"/>
      <line num="7" count="1" type="stmt"/>
      <line num="15" count="0" type="stmt"/>
      <line num="20" count="0" type="stmt"/>
      <line num="26" count="1" type="stmt"/>
    </file>
    <file name="Item.js" path="/Users/shashankbr/MO-PCCO.R3-assignment-files/RA_12.5/task-03/src/Item.js">
      <metrics statements="2" coveredstatements="2" conditionals="0" coveredconditionals="0" methods="2" coveredmethods="2"/>
      <line num="5" count="12" type="stmt"/>
      <line num="9" count="1" type="stmt"/>
    </file>
    <file name="ItemList.js" path="/Users/shashankbr/MO-PCCO.R3-assignment-files/RA_12.5/task-03/src/ItemList.js">
      <metrics statements="3" coveredstatements="3" conditionals="0" coveredconditionals="0" methods="2" coveredmethods="2"/>
      <line num="6" count="3" type="stmt"/>
      <line num="13" count="3" type="stmt"/>
      <line num="16" count="12" type="stmt"/>
    </file>
  </project>
</coverage>
