{"/Users/shashankbr/MO-PCCO.R3-assignment-files/RA_12.5/task-03/src/App.js": {"path":"/Users/shashankbr/MO-PCCO.R3-assignment-files/RA_12.5/task-03/src/App.js","statementMap":{"0":{"start":{"line":7,"column":35},"end":{"line":7,"column":47}},"1":{"start":{"line":9,"column":23},"end":{"line":20,"column":2}},"2":{"start":{"line":10,"column":16},"end":{"line":10,"column":55}},"3":{"start":{"line":10,"column":38},"end":{"line":10,"column":54}},"4":{"start":{"line":11,"column":2},"end":{"line":19,"column":3}},"5":{"start":{"line":12,"column":3},"end":{"line":16,"column":5}},"6":{"start":{"line":14,"column":5},"end":{"line":14,"column":60}},"7":{"start":{"line":18,"column":3},"end":{"line":18,"column":53}},"8":{"start":{"line":22,"column":25},"end":{"line":28,"column":2}},"9":{"start":{"line":23,"column":2},"end":{"line":27,"column":4}},"10":{"start":{"line":25,"column":4},"end":{"line":25,"column":53}},"11":{"start":{"line":30,"column":28},"end":{"line":32,"column":2}},"12":{"start":{"line":31,"column":2},"end":{"line":31,"column":9}},"13":{"start":{"line":34,"column":1},"end":{"line":46,"column":3}}},"fnMap":{"0":{"name":"App","decl":{"start":{"line":6,"column":9},"end":{"line":6,"column":12}},"loc":{"start":{"line":6,"column":15},"end":{"line":47,"column":1}},"line":6},"1":{"name":"(anonymous_1)","decl":{"start":{"line":9,"column":23},"end":{"line":9,"column":24}},"loc":{"start":{"line":9,"column":33},"end":{"line":20,"column":2}},"line":9},"2":{"name":"(anonymous_2)","decl":{"start":{"line":10,"column":31},"end":{"line":10,"column":32}},"loc":{"start":{"line":10,"column":38},"end":{"line":10,"column":54}},"line":10},"3":{"name":"(anonymous_3)","decl":{"start":{"line":13,"column":18},"end":{"line":13,"column":19}},"loc":{"start":{"line":14,"column":5},"end":{"line":14,"column":60}},"line":14},"4":{"name":"(anonymous_4)","decl":{"start":{"line":22,"column":25},"end":{"line":22,"column":26}},"loc":{"start":{"line":22,"column":42},"end":{"line":28,"column":2}},"line":22},"5":{"name":"(anonymous_5)","decl":{"start":{"line":24,"column":17},"end":{"line":24,"column":18}},"loc":{"start":{"line":25,"column":4},"end":{"line":25,"column":53}},"line":25},"6":{"name":"(anonymous_6)","decl":{"start":{"line":30,"column":28},"end":{"line":30,"column":29}},"loc":{"start":{"line":30,"column":40},"end":{"line":32,"column":2}},"line":30}},"branchMap":{"0":{"loc":{"start":{"line":11,"column":2},"end":{"line":19,"column":3}},"type":"if","locations":[{"start":{"line":11,"column":2},"end":{"line":19,"column":3}},{"start":{"line":17,"column":9},"end":{"line":19,"column":3}}],"line":11},"1":{"loc":{"start":{"line":14,"column":5},"end":{"line":14,"column":60}},"type":"cond-expr","locations":[{"start":{"line":14,"column":24},"end":{"line":14,"column":56}},{"start":{"line":14,"column":59},"end":{"line":14,"column":60}}],"line":14},"2":{"loc":{"start":{"line":25,"column":4},"end":{"line":25,"column":53}},"type":"cond-expr","locations":[{"start":{"line":25,"column":25},"end":{"line":25,"column":46}},{"start":{"line":25,"column":49},"end":{"line":25,"column":53}}],"line":25}},"s":{"0":0,"1":0,"2":0,"3":0,"4":0,"5":0,"6":0,"7":0,"8":0,"9":0,"10":0,"11":0,"12":0,"13":0},"f":{"0":0,"1":0,"2":0,"3":0,"4":0,"5":0,"6":0},"b":{"0":[0,0],"1":[0,0],"2":[0,0]}}
,"/Users/shashankbr/MO-PCCO.R3-assignment-files/RA_12.5/task-03/src/App.solution.js": {"path":"/Users/shashankbr/MO-PCCO.R3-assignment-files/RA_12.5/task-03/src/App.solution.js","statementMap":{"0":{"start":{"line":7,"column":35},"end":{"line":7,"column":47}},"1":{"start":{"line":9,"column":23},"end":{"line":20,"column":2}},"2":{"start":{"line":10,"column":16},"end":{"line":10,"column":55}},"3":{"start":{"line":10,"column":38},"end":{"line":10,"column":54}},"4":{"start":{"line":11,"column":2},"end":{"line":19,"column":3}},"5":{"start":{"line":12,"column":3},"end":{"line":16,"column":5}},"6":{"start":{"line":14,"column":5},"end":{"line":14,"column":60}},"7":{"start":{"line":18,"column":3},"end":{"line":18,"column":53}},"8":{"start":{"line":22,"column":25},"end":{"line":28,"column":2}},"9":{"start":{"line":23,"column":2},"end":{"line":27,"column":4}},"10":{"start":{"line":25,"column":4},"end":{"line":25,"column":53}},"11":{"start":{"line":30,"column":28},"end":{"line":32,"column":2}},"12":{"start":{"line":31,"column":2},"end":{"line":31,"column":63}},"13":{"start":{"line":31,"column":42},"end":{"line":31,"column":60}},"14":{"start":{"line":34,"column":1},"end":{"line":46,"column":3}}},"fnMap":{"0":{"name":"App","decl":{"start":{"line":6,"column":9},"end":{"line":6,"column":12}},"loc":{"start":{"line":6,"column":15},"end":{"line":47,"column":1}},"line":6},"1":{"name":"(anonymous_1)","decl":{"start":{"line":9,"column":23},"end":{"line":9,"column":24}},"loc":{"start":{"line":9,"column":33},"end":{"line":20,"column":2}},"line":9},"2":{"name":"(anonymous_2)","decl":{"start":{"line":10,"column":31},"end":{"line":10,"column":32}},"loc":{"start":{"line":10,"column":38},"end":{"line":10,"column":54}},"line":10},"3":{"name":"(anonymous_3)","decl":{"start":{"line":13,"column":18},"end":{"line":13,"column":19}},"loc":{"start":{"line":14,"column":5},"end":{"line":14,"column":60}},"line":14},"4":{"name":"(anonymous_4)","decl":{"start":{"line":22,"column":25},"end":{"line":22,"column":26}},"loc":{"start":{"line":22,"column":42},"end":{"line":28,"column":2}},"line":22},"5":{"name":"(anonymous_5)","decl":{"start":{"line":24,"column":17},"end":{"line":24,"column":18}},"loc":{"start":{"line":25,"column":4},"end":{"line":25,"column":53}},"line":25},"6":{"name":"(anonymous_6)","decl":{"start":{"line":30,"column":28},"end":{"line":30,"column":29}},"loc":{"start":{"line":30,"column":40},"end":{"line":32,"column":2}},"line":30},"7":{"name":"(anonymous_7)","decl":{"start":{"line":31,"column":32},"end":{"line":31,"column":33}},"loc":{"start":{"line":31,"column":42},"end":{"line":31,"column":60}},"line":31}},"branchMap":{"0":{"loc":{"start":{"line":11,"column":2},"end":{"line":19,"column":3}},"type":"if","locations":[{"start":{"line":11,"column":2},"end":{"line":19,"column":3}},{"start":{"line":17,"column":9},"end":{"line":19,"column":3}}],"line":11},"1":{"loc":{"start":{"line":14,"column":5},"end":{"line":14,"column":60}},"type":"cond-expr","locations":[{"start":{"line":14,"column":24},"end":{"line":14,"column":56}},{"start":{"line":14,"column":59},"end":{"line":14,"column":60}}],"line":14},"2":{"loc":{"start":{"line":25,"column":4},"end":{"line":25,"column":53}},"type":"cond-expr","locations":[{"start":{"line":25,"column":25},"end":{"line":25,"column":46}},{"start":{"line":25,"column":49},"end":{"line":25,"column":53}}],"line":25}},"s":{"0":3,"1":3,"2":1,"3":0,"4":1,"5":0,"6":0,"7":1,"8":3,"9":0,"10":0,"11":3,"12":1,"13":1,"14":3},"f":{"0":3,"1":1,"2":0,"3":0,"4":0,"5":0,"6":1,"7":1},"b":{"0":[0,1],"1":[0,0],"2":[0,0]},"_coverageSchema":"1a1c01bbd47fc00a2c39e90264f33305004495a9","hash":"9de92bd4ad758f6374b5dc51e37c0047fe1e8487"}
,"/Users/shashankbr/MO-PCCO.R3-assignment-files/RA_12.5/task-03/src/Cart.js": {"path":"/Users/shashankbr/MO-PCCO.R3-assignment-files/RA_12.5/task-03/src/Cart.js","statementMap":{"0":{"start":{"line":6,"column":1},"end":{"line":18,"column":3}},"1":{"start":{"line":10,"column":4},"end":{"line":15,"column":6}}},"fnMap":{"0":{"name":"Cart","decl":{"start":{"line":5,"column":9},"end":{"line":5,"column":13}},"loc":{"start":{"line":5,"column":66},"end":{"line":19,"column":1}},"line":5},"1":{"name":"(anonymous_1)","decl":{"start":{"line":9,"column":18},"end":{"line":9,"column":19}},"loc":{"start":{"line":10,"column":4},"end":{"line":15,"column":6}},"line":10}},"branchMap":{},"s":{"0":3,"1":1},"f":{"0":3,"1":1},"b":{},"_coverageSchema":"1a1c01bbd47fc00a2c39e90264f33305004495a9","hash":"42d4a803332c44b76953d99822dc0e571a7c0b9c"}
,"/Users/shashankbr/MO-PCCO.R3-assignment-files/RA_12.5/task-03/src/CartItem.js": {"path":"/Users/shashankbr/MO-PCCO.R3-assignment-files/RA_12.5/task-03/src/CartItem.js","statementMap":{"0":{"start":{"line":5,"column":18},"end":{"line":5,"column":39}},"1":{"start":{"line":7,"column":1},"end":{"line":32,"column":3}},"2":{"start":{"line":15,"column":20},"end":{"line":15,"column":71}},"3":{"start":{"line":20,"column":27},"end":{"line":20,"column":65}},"4":{"start":{"line":26,"column":19},"end":{"line":26,"column":46}}},"fnMap":{"0":{"name":"CartItem","decl":{"start":{"line":4,"column":9},"end":{"line":4,"column":17}},"loc":{"start":{"line":4,"column":65},"end":{"line":33,"column":1}},"line":4},"1":{"name":"(anonymous_1)","decl":{"start":{"line":15,"column":14},"end":{"line":15,"column":15}},"loc":{"start":{"line":15,"column":20},"end":{"line":15,"column":71}},"line":15},"2":{"name":"(anonymous_2)","decl":{"start":{"line":20,"column":21},"end":{"line":20,"column":22}},"loc":{"start":{"line":20,"column":27},"end":{"line":20,"column":65}},"line":20},"3":{"name":"(anonymous_3)","decl":{"start":{"line":26,"column":13},"end":{"line":26,"column":14}},"loc":{"start":{"line":26,"column":19},"end":{"line":26,"column":46}},"line":26}},"branchMap":{},"s":{"0":1,"1":1,"2":0,"3":0,"4":1},"f":{"0":1,"1":0,"2":0,"3":1},"b":{},"_coverageSchema":"1a1c01bbd47fc00a2c39e90264f33305004495a9","hash":"a740e5254629e35a4518299f15b1e30dbd58abdc"}
,"/Users/shashankbr/MO-PCCO.R3-assignment-files/RA_12.5/task-03/src/Item.js": {"path":"/Users/shashankbr/MO-PCCO.R3-assignment-files/RA_12.5/task-03/src/Item.js","statementMap":{"0":{"start":{"line":5,"column":1},"end":{"line":11,"column":3}},"1":{"start":{"line":9,"column":26},"end":{"line":9,"column":45}}},"fnMap":{"0":{"name":"Item","decl":{"start":{"line":4,"column":9},"end":{"line":4,"column":13}},"loc":{"start":{"line":4,"column":39},"end":{"line":12,"column":1}},"line":4},"1":{"name":"(anonymous_1)","decl":{"start":{"line":9,"column":20},"end":{"line":9,"column":21}},"loc":{"start":{"line":9,"column":26},"end":{"line":9,"column":45}},"line":9}},"branchMap":{},"s":{"0":12,"1":1},"f":{"0":12,"1":1},"b":{},"_coverageSchema":"1a1c01bbd47fc00a2c39e90264f33305004495a9","hash":"f1483544303193ddebe58cf9dd5a79c996c57fc6"}
,"/Users/shashankbr/MO-PCCO.R3-assignment-files/RA_12.5/task-03/src/ItemList.js": {"path":"/Users/shashankbr/MO-PCCO.R3-assignment-files/RA_12.5/task-03/src/ItemList.js","statementMap":{"0":{"start":{"line":6,"column":15},"end":{"line":11,"column":2}},"1":{"start":{"line":13,"column":1},"end":{"line":19,"column":3}},"2":{"start":{"line":16,"column":4},"end":{"line":16,"column":68}}},"fnMap":{"0":{"name":"ItemList","decl":{"start":{"line":5,"column":9},"end":{"line":5,"column":17}},"loc":{"start":{"line":5,"column":37},"end":{"line":20,"column":1}},"line":5},"1":{"name":"(anonymous_1)","decl":{"start":{"line":15,"column":14},"end":{"line":15,"column":15}},"loc":{"start":{"line":16,"column":4},"end":{"line":16,"column":68}},"line":16}},"branchMap":{},"s":{"0":3,"1":3,"2":12},"f":{"0":3,"1":12},"b":{},"_coverageSchema":"1a1c01bbd47fc00a2c39e90264f33305004495a9","hash":"7d24086248546e05f7ca78a640e2d5f7cb3afdbc"}
}
