TN:
SF:src/App.js
FN:6,App
FN:9,(anonymous_1)
FN:10,(anonymous_2)
FN:13,(anonymous_3)
FN:22,(anonymous_4)
FN:24,(anonymous_5)
FN:30,(anonymous_6)
FNF:7
FNH:0
FNDA:0,App
FNDA:0,(anonymous_1)
FNDA:0,(anonymous_2)
FNDA:0,(anonymous_3)
FNDA:0,(anonymous_4)
FNDA:0,(anonymous_5)
FNDA:0,(anonymous_6)
DA:7,0
DA:9,0
DA:10,0
DA:11,0
DA:12,0
DA:14,0
DA:18,0
DA:22,0
DA:23,0
DA:25,0
DA:30,0
DA:31,0
DA:34,0
LF:13
LH:0
BRDA:11,0,0,0
BRDA:11,0,1,0
BRDA:14,1,0,0
BRDA:14,1,1,0
BRDA:25,2,0,0
BRDA:25,2,1,0
BRF:6
BRH:0
end_of_record
TN:
SF:src/App.solution.js
FN:6,App
FN:9,(anonymous_1)
FN:10,(anonymous_2)
FN:13,(anonymous_3)
FN:22,(anonymous_4)
FN:24,(anonymous_5)
FN:30,(anonymous_6)
FN:31,(anonymous_7)
FNF:8
FNH:4
FNDA:3,App
FNDA:1,(anonymous_1)
FNDA:0,(anonymous_2)
FNDA:0,(anonymous_3)
FNDA:0,(anonymous_4)
FNDA:0,(anonymous_5)
FNDA:1,(anonymous_6)
FNDA:1,(anonymous_7)
DA:7,3
DA:9,3
DA:10,1
DA:11,1
DA:12,0
DA:14,0
DA:18,1
DA:22,3
DA:23,0
DA:25,0
DA:30,3
DA:31,1
DA:34,3
LF:13
LH:9
BRDA:11,0,0,0
BRDA:11,0,1,1
BRDA:14,1,0,0
BRDA:14,1,1,0
BRDA:25,2,0,0
BRDA:25,2,1,0
BRF:6
BRH:1
end_of_record
TN:
SF:src/Cart.js
FN:5,Cart
FN:9,(anonymous_1)
FNF:2
FNH:2
FNDA:3,Cart
FNDA:1,(anonymous_1)
DA:6,3
DA:10,1
LF:2
LH:2
BRF:0
BRH:0
end_of_record
TN:
SF:src/CartItem.js
FN:4,CartItem
FN:15,(anonymous_1)
FN:20,(anonymous_2)
FN:26,(anonymous_3)
FNF:4
FNH:2
FNDA:1,CartItem
FNDA:0,(anonymous_1)
FNDA:0,(anonymous_2)
FNDA:1,(anonymous_3)
DA:5,1
DA:7,1
DA:15,0
DA:20,0
DA:26,1
LF:5
LH:3
BRF:0
BRH:0
end_of_record
TN:
SF:src/Item.js
FN:4,Item
FN:9,(anonymous_1)
FNF:2
FNH:2
FNDA:12,Item
FNDA:1,(anonymous_1)
DA:5,12
DA:9,1
LF:2
LH:2
BRF:0
BRH:0
end_of_record
TN:
SF:src/ItemList.js
FN:5,ItemList
FN:15,(anonymous_1)
FNF:2
FNH:2
FNDA:3,ItemList
FNDA:12,(anonymous_1)
DA:6,3
DA:13,3
DA:16,12
LF:3
LH:3
BRF:0
BRH:0
end_of_record
