<?xml version="1.0" encoding="UTF-8"?>
<coverage generated="1706881143772" clover="3.2.0">
  <project timestamp="1706881143772" name="All files">
    <metrics statements="3" coveredstatements="1" conditionals="0" coveredconditionals="0" methods="3" coveredmethods="1" elements="6" coveredelements="2" complexity="0" loc="3" ncloc="3" packages="1" files="3" classes="3"/>
    <file name="App.js" path="/Users/shashankbr/MO-PCCO.R3-assignment-files/RA_11.2/task-03/src/App.js">
      <metrics statements="1" coveredstatements="0" conditionals="0" coveredconditionals="0" methods="1" coveredmethods="0"/>
      <line num="5" count="0" type="stmt"/>
    </file>
    <file name="MovieCard.js" path="/Users/shashankbr/MO-PCCO.R3-assignment-files/RA_11.2/task-03/src/MovieCard.js">
      <metrics statements="1" coveredstatements="0" conditionals="0" coveredconditionals="0" methods="1" coveredmethods="0"/>
      <line num="5" count="0" type="stmt"/>
    </file>
    <file name="MovieCard.solution.js" path="/Users/shashankbr/MO-PCCO.R3-assignment-files/RA_11.2/task-03/src/MovieCard.solution.js">
      <metrics statements="1" coveredstatements="1" conditionals="0" coveredconditionals="0" methods="1" coveredmethods="1"/>
      <line num="5" count="1" type="stmt"/>
    </file>
  </project>
</coverage>
