<?xml version="1.0" encoding="UTF-8"?>
<coverage generated="1707554838170" clover="3.2.0">
  <project timestamp="1707554838170" name="All files">
    <metrics statements="22" coveredstatements="17" conditionals="6" coveredconditionals="3" methods="14" coveredmethods="11" elements="42" coveredelements="31" complexity="0" loc="22" ncloc="22" packages="1" files="6" classes="6"/>
    <file name="App.js" path="/Users/shashankbr/MO-PCCO.R3-assignment-files/RA_12.5/task-01/src/App.js">
      <metrics statements="5" coveredstatements="0" conditionals="2" coveredconditionals="0" methods="3" coveredmethods="0"/>
      <line num="7" count="0" type="stmt"/>
      <line num="9" count="0" type="stmt"/>
      <line num="10" count="0" type="stmt"/>
      <line num="11" count="0" type="cond" truecount="0" falsecount="2"/>
      <line num="18" count="0" type="stmt"/>
    </file>
    <file name="App.solution.js" path="/Users/shashankbr/MO-PCCO.R3-assignment-files/RA_12.5/task-01/src/App.solution.js">
      <metrics statements="8" coveredstatements="8" conditionals="4" coveredconditionals="3" methods="4" coveredmethods="4"/>
      <line num="7" count="5" type="stmt"/>
      <line num="9" count="5" type="stmt"/>
      <line num="10" count="3" type="stmt"/>
      <line num="11" count="3" type="cond" truecount="2" falsecount="0"/>
      <line num="12" count="1" type="stmt"/>
      <line num="14" count="1" type="cond" truecount="1" falsecount="1"/>
      <line num="18" count="2" type="stmt"/>
      <line num="22" count="5" type="stmt"/>
    </file>
    <file name="Cart.js" path="/Users/shashankbr/MO-PCCO.R3-assignment-files/RA_12.5/task-01/src/Cart.js">
      <metrics statements="2" coveredstatements="2" conditionals="0" coveredconditionals="0" methods="2" coveredmethods="2"/>
      <line num="7" count="5" type="stmt"/>
      <line num="11" count="3" type="stmt"/>
    </file>
    <file name="CartItem.js" path="/Users/shashankbr/MO-PCCO.R3-assignment-files/RA_12.5/task-01/src/CartItem.js">
      <metrics statements="2" coveredstatements="2" conditionals="0" coveredconditionals="0" methods="1" coveredmethods="1"/>
      <line num="5" count="3" type="stmt"/>
      <line num="7" count="3" type="stmt"/>
    </file>
    <file name="Item.js" path="/Users/shashankbr/MO-PCCO.R3-assignment-files/RA_12.5/task-01/src/Item.js">
      <metrics statements="2" coveredstatements="2" conditionals="0" coveredconditionals="0" methods="2" coveredmethods="2"/>
      <line num="5" count="20" type="stmt"/>
      <line num="9" count="3" type="stmt"/>
    </file>
    <file name="ItemList.js" path="/Users/shashankbr/MO-PCCO.R3-assignment-files/RA_12.5/task-01/src/ItemList.js">
      <metrics statements="3" coveredstatements="3" conditionals="0" coveredconditionals="0" methods="2" coveredmethods="2"/>
      <line num="6" count="5" type="stmt"/>
      <line num="13" count="5" type="stmt"/>
      <line num="16" count="20" type="stmt"/>
    </file>
  </project>
</coverage>
