{"/Users/shashankbr/MO-PCCO.R3-assignment-files/RA_12.5/task-01/src/App.js": {"path":"/Users/shashankbr/MO-PCCO.R3-assignment-files/RA_12.5/task-01/src/App.js","statementMap":{"0":{"start":{"line":7,"column":35},"end":{"line":7,"column":47}},"1":{"start":{"line":9,"column":23},"end":{"line":16,"column":2}},"2":{"start":{"line":10,"column":21},"end":{"line":10,"column":60}},"3":{"start":{"line":10,"column":43},"end":{"line":10,"column":59}},"4":{"start":{"line":11,"column":2},"end":{"line":15,"column":3}},"5":{"start":{"line":18,"column":1},"end":{"line":26,"column":3}}},"fnMap":{"0":{"name":"App","decl":{"start":{"line":6,"column":9},"end":{"line":6,"column":12}},"loc":{"start":{"line":6,"column":15},"end":{"line":27,"column":1}},"line":6},"1":{"name":"(anonymous_1)","decl":{"start":{"line":9,"column":23},"end":{"line":9,"column":24}},"loc":{"start":{"line":9,"column":33},"end":{"line":16,"column":2}},"line":9},"2":{"name":"(anonymous_2)","decl":{"start":{"line":10,"column":36},"end":{"line":10,"column":37}},"loc":{"start":{"line":10,"column":43},"end":{"line":10,"column":59}},"line":10}},"branchMap":{"0":{"loc":{"start":{"line":11,"column":2},"end":{"line":15,"column":3}},"type":"if","locations":[{"start":{"line":11,"column":2},"end":{"line":15,"column":3}},{"start":{"line":13,"column":9},"end":{"line":15,"column":3}}],"line":11}},"s":{"0":0,"1":0,"2":0,"3":0,"4":0,"5":0},"f":{"0":0,"1":0,"2":0},"b":{"0":[0,0]}}
,"/Users/shashankbr/MO-PCCO.R3-assignment-files/RA_12.5/task-01/src/App.solution.js": {"path":"/Users/shashankbr/MO-PCCO.R3-assignment-files/RA_12.5/task-01/src/App.solution.js","statementMap":{"0":{"start":{"line":7,"column":35},"end":{"line":7,"column":47}},"1":{"start":{"line":9,"column":23},"end":{"line":20,"column":2}},"2":{"start":{"line":10,"column":16},"end":{"line":10,"column":55}},"3":{"start":{"line":10,"column":38},"end":{"line":10,"column":54}},"4":{"start":{"line":11,"column":2},"end":{"line":19,"column":3}},"5":{"start":{"line":12,"column":3},"end":{"line":16,"column":5}},"6":{"start":{"line":14,"column":5},"end":{"line":14,"column":60}},"7":{"start":{"line":18,"column":3},"end":{"line":18,"column":53}},"8":{"start":{"line":22,"column":1},"end":{"line":30,"column":3}}},"fnMap":{"0":{"name":"App","decl":{"start":{"line":6,"column":9},"end":{"line":6,"column":12}},"loc":{"start":{"line":6,"column":15},"end":{"line":31,"column":1}},"line":6},"1":{"name":"(anonymous_1)","decl":{"start":{"line":9,"column":23},"end":{"line":9,"column":24}},"loc":{"start":{"line":9,"column":33},"end":{"line":20,"column":2}},"line":9},"2":{"name":"(anonymous_2)","decl":{"start":{"line":10,"column":31},"end":{"line":10,"column":32}},"loc":{"start":{"line":10,"column":38},"end":{"line":10,"column":54}},"line":10},"3":{"name":"(anonymous_3)","decl":{"start":{"line":13,"column":18},"end":{"line":13,"column":19}},"loc":{"start":{"line":14,"column":5},"end":{"line":14,"column":60}},"line":14}},"branchMap":{"0":{"loc":{"start":{"line":11,"column":2},"end":{"line":19,"column":3}},"type":"if","locations":[{"start":{"line":11,"column":2},"end":{"line":19,"column":3}},{"start":{"line":17,"column":9},"end":{"line":19,"column":3}}],"line":11},"1":{"loc":{"start":{"line":14,"column":5},"end":{"line":14,"column":60}},"type":"cond-expr","locations":[{"start":{"line":14,"column":24},"end":{"line":14,"column":56}},{"start":{"line":14,"column":59},"end":{"line":14,"column":60}}],"line":14}},"s":{"0":5,"1":5,"2":3,"3":1,"4":3,"5":1,"6":1,"7":2,"8":5},"f":{"0":5,"1":3,"2":1,"3":1},"b":{"0":[1,2],"1":[1,0]},"_coverageSchema":"1a1c01bbd47fc00a2c39e90264f33305004495a9","hash":"709bb2071af4174c2a4e3395b283e0a0a910de19"}
,"/Users/shashankbr/MO-PCCO.R3-assignment-files/RA_12.5/task-01/src/Cart.js": {"path":"/Users/shashankbr/MO-PCCO.R3-assignment-files/RA_12.5/task-01/src/Cart.js","statementMap":{"0":{"start":{"line":7,"column":1},"end":{"line":19,"column":3}},"1":{"start":{"line":11,"column":4},"end":{"line":16,"column":6}}},"fnMap":{"0":{"name":"Cart","decl":{"start":{"line":6,"column":9},"end":{"line":6,"column":13}},"loc":{"start":{"line":6,"column":66},"end":{"line":20,"column":1}},"line":6},"1":{"name":"(anonymous_1)","decl":{"start":{"line":10,"column":18},"end":{"line":10,"column":19}},"loc":{"start":{"line":11,"column":4},"end":{"line":16,"column":6}},"line":11}},"branchMap":{},"s":{"0":5,"1":3},"f":{"0":5,"1":3},"b":{},"_coverageSchema":"1a1c01bbd47fc00a2c39e90264f33305004495a9","hash":"ddfe56dfbd64c1ec83c5d10015ceddd078e5e113"}
,"/Users/shashankbr/MO-PCCO.R3-assignment-files/RA_12.5/task-01/src/CartItem.js": {"path":"/Users/shashankbr/MO-PCCO.R3-assignment-files/RA_12.5/task-01/src/CartItem.js","statementMap":{"0":{"start":{"line":5,"column":18},"end":{"line":5,"column":39}},"1":{"start":{"line":7,"column":1},"end":{"line":18,"column":3}}},"fnMap":{"0":{"name":"CartItem","decl":{"start":{"line":4,"column":9},"end":{"line":4,"column":17}},"loc":{"start":{"line":4,"column":28},"end":{"line":19,"column":1}},"line":4}},"branchMap":{},"s":{"0":3,"1":3},"f":{"0":3},"b":{},"_coverageSchema":"1a1c01bbd47fc00a2c39e90264f33305004495a9","hash":"c8e2f059e3c4e633499b9933685e0c491f946bb6"}
,"/Users/shashankbr/MO-PCCO.R3-assignment-files/RA_12.5/task-01/src/Item.js": {"path":"/Users/shashankbr/MO-PCCO.R3-assignment-files/RA_12.5/task-01/src/Item.js","statementMap":{"0":{"start":{"line":5,"column":1},"end":{"line":11,"column":3}},"1":{"start":{"line":9,"column":26},"end":{"line":9,"column":45}}},"fnMap":{"0":{"name":"Item","decl":{"start":{"line":4,"column":9},"end":{"line":4,"column":13}},"loc":{"start":{"line":4,"column":39},"end":{"line":12,"column":1}},"line":4},"1":{"name":"(anonymous_1)","decl":{"start":{"line":9,"column":20},"end":{"line":9,"column":21}},"loc":{"start":{"line":9,"column":26},"end":{"line":9,"column":45}},"line":9}},"branchMap":{},"s":{"0":20,"1":3},"f":{"0":20,"1":3},"b":{},"_coverageSchema":"1a1c01bbd47fc00a2c39e90264f33305004495a9","hash":"018160a2a39e6e6d39b19a5cdd492d0b0c8ca09c"}
,"/Users/shashankbr/MO-PCCO.R3-assignment-files/RA_12.5/task-01/src/ItemList.js": {"path":"/Users/shashankbr/MO-PCCO.R3-assignment-files/RA_12.5/task-01/src/ItemList.js","statementMap":{"0":{"start":{"line":6,"column":15},"end":{"line":11,"column":2}},"1":{"start":{"line":13,"column":1},"end":{"line":19,"column":3}},"2":{"start":{"line":16,"column":4},"end":{"line":16,"column":68}}},"fnMap":{"0":{"name":"ItemList","decl":{"start":{"line":5,"column":9},"end":{"line":5,"column":17}},"loc":{"start":{"line":5,"column":37},"end":{"line":20,"column":1}},"line":5},"1":{"name":"(anonymous_1)","decl":{"start":{"line":15,"column":14},"end":{"line":15,"column":15}},"loc":{"start":{"line":16,"column":4},"end":{"line":16,"column":68}},"line":16}},"branchMap":{},"s":{"0":5,"1":5,"2":20},"f":{"0":5,"1":20},"b":{},"_coverageSchema":"1a1c01bbd47fc00a2c39e90264f33305004495a9","hash":"8c14a9356664035c5c88367ead77bed0246813fa"}
}
