TN:
SF:src/App.js
FN:6,App
FN:9,(anonymous_1)
FN:10,(anonymous_2)
FNF:3
FNH:0
FNDA:0,App
FNDA:0,(anonymous_1)
FNDA:0,(anonymous_2)
DA:7,0
DA:9,0
DA:10,0
DA:11,0
DA:18,0
LF:5
LH:0
BRDA:11,0,0,0
BRDA:11,0,1,0
BRF:2
BRH:0
end_of_record
TN:
SF:src/App.solution.js
FN:6,App
FN:9,(anonymous_1)
FN:10,(anonymous_2)
FN:13,(anonymous_3)
FNF:4
FNH:4
FNDA:5,App
FNDA:3,(anonymous_1)
FNDA:1,(anonymous_2)
FNDA:1,(anonymous_3)
DA:7,5
DA:9,5
DA:10,3
DA:11,3
DA:12,1
DA:14,1
DA:18,2
DA:22,5
LF:8
LH:8
BRDA:11,0,0,1
BRDA:11,0,1,2
BRDA:14,1,0,1
BRDA:14,1,1,0
BRF:4
BRH:3
end_of_record
TN:
SF:src/Cart.js
FN:6,Cart
FN:10,(anonymous_1)
FNF:2
FNH:2
FNDA:5,Cart
FNDA:3,(anonymous_1)
DA:7,5
DA:11,3
LF:2
LH:2
BRF:0
BRH:0
end_of_record
TN:
SF:src/CartItem.js
FN:4,CartItem
FNF:1
FNH:1
FNDA:3,CartItem
DA:5,3
DA:7,3
LF:2
LH:2
BRF:0
BRH:0
end_of_record
TN:
SF:src/Item.js
FN:4,Item
FN:9,(anonymous_1)
FNF:2
FNH:2
FNDA:20,Item
FNDA:3,(anonymous_1)
DA:5,20
DA:9,3
LF:2
LH:2
BRF:0
BRH:0
end_of_record
TN:
SF:src/ItemList.js
FN:5,ItemList
FN:15,(anonymous_1)
FNF:2
FNH:2
FNDA:5,ItemList
FNDA:20,(anonymous_1)
DA:6,5
DA:13,5
DA:16,20
LF:3
LH:3
BRF:0
BRH:0
end_of_record
