{"/Users/shashankbr/MO-PCCO.R3-assignment-files/RA_16.3_Bad_bank_context/task-01/src/App.js": {"path":"/Users/shashankbr/MO-PCCO.R3-assignment-files/RA_16.3_Bad_bank_context/task-01/src/App.js","statementMap":{"0":{"start":{"line":14,"column":1},"end":{"line":32,"column":3}}},"fnMap":{"0":{"name":"App","decl":{"start":{"line":13,"column":9},"end":{"line":13,"column":12}},"loc":{"start":{"line":13,"column":15},"end":{"line":33,"column":1}},"line":13}},"branchMap":{},"s":{"0":0},"f":{"0":0},"b":{}}
,"/Users/shashankbr/MO-PCCO.R3-assignment-files/RA_16.3_Bad_bank_context/task-01/src/App.solution.js": {"path":"/Users/shashankbr/MO-PCCO.R3-assignment-files/RA_16.3_Bad_bank_context/task-01/src/App.solution.js","statementMap":{"0":{"start":{"line":13,"column":1},"end":{"line":30,"column":3}}},"fnMap":{"0":{"name":"App","decl":{"start":{"line":12,"column":9},"end":{"line":12,"column":12}},"loc":{"start":{"line":12,"column":15},"end":{"line":31,"column":1}},"line":12}},"branchMap":{},"s":{"0":0},"f":{"0":0},"b":{}}
,"/Users/shashankbr/MO-PCCO.R3-assignment-files/RA_16.3_Bad_bank_context/task-01/src/alldata.js": {"path":"/Users/shashankbr/MO-PCCO.R3-assignment-files/RA_16.3_Bad_bank_context/task-01/src/alldata.js","statementMap":{"0":{"start":{"line":4,"column":13},"end":{"line":4,"column":36}},"1":{"start":{"line":5,"column":1},"end":{"line":12,"column":3}}},"fnMap":{"0":{"name":"AllData","decl":{"start":{"line":3,"column":9},"end":{"line":3,"column":16}},"loc":{"start":{"line":3,"column":19},"end":{"line":13,"column":1}},"line":3}},"branchMap":{},"s":{"0":0,"1":0},"f":{"0":0},"b":{}}
,"/Users/shashankbr/MO-PCCO.R3-assignment-files/RA_16.3_Bad_bank_context/task-01/src/balance.js": {"path":"/Users/shashankbr/MO-PCCO.R3-assignment-files/RA_16.3_Bad_bank_context/task-01/src/balance.js","statementMap":{"0":{"start":{"line":6,"column":1},"end":{"line":11,"column":3}}},"fnMap":{"0":{"name":"Balance","decl":{"start":{"line":4,"column":9},"end":{"line":4,"column":16}},"loc":{"start":{"line":4,"column":19},"end":{"line":12,"column":1}},"line":4}},"branchMap":{},"s":{"0":0},"f":{"0":0},"b":{}}
,"/Users/shashankbr/MO-PCCO.R3-assignment-files/RA_16.3_Bad_bank_context/task-01/src/balance.solution.js": {"path":"/Users/shashankbr/MO-PCCO.R3-assignment-files/RA_16.3_Bad_bank_context/task-01/src/balance.solution.js","statementMap":{"0":{"start":{"line":5,"column":13},"end":{"line":5,"column":36}},"1":{"start":{"line":6,"column":1},"end":{"line":12,"column":3}}},"fnMap":{"0":{"name":"Balance","decl":{"start":{"line":4,"column":9},"end":{"line":4,"column":16}},"loc":{"start":{"line":4,"column":19},"end":{"line":13,"column":1}},"line":4}},"branchMap":{},"s":{"0":1,"1":1},"f":{"0":1},"b":{},"_coverageSchema":"1a1c01bbd47fc00a2c39e90264f33305004495a9","hash":"48fa6fc56b1d5063a4771662234c8f9844b4ea80"}
,"/Users/shashankbr/MO-PCCO.R3-assignment-files/RA_16.3_Bad_bank_context/task-01/src/context.js": {"path":"/Users/shashankbr/MO-PCCO.R3-assignment-files/RA_16.3_Bad_bank_context/task-01/src/context.js","statementMap":{"0":{"start":{"line":2,"column":27},"end":{"line":2,"column":42}},"1":{"start":{"line":4,"column":28},"end":{"line":21,"column":1}},"2":{"start":{"line":5,"column":1},"end":{"line":20,"column":3}}},"fnMap":{"0":{"name":"(anonymous_0)","decl":{"start":{"line":4,"column":28},"end":{"line":4,"column":29}},"loc":{"start":{"line":4,"column":46},"end":{"line":21,"column":1}},"line":4}},"branchMap":{},"s":{"0":1,"1":1,"2":0},"f":{"0":0},"b":{},"_coverageSchema":"1a1c01bbd47fc00a2c39e90264f33305004495a9","hash":"f4f2e5035c7c0f2f2816080d870a4e8241f0aef5"}
,"/Users/shashankbr/MO-PCCO.R3-assignment-files/RA_16.3_Bad_bank_context/task-01/src/createaccount.js": {"path":"/Users/shashankbr/MO-PCCO.R3-assignment-files/RA_16.3_Bad_bank_context/task-01/src/createaccount.js","statementMap":{"0":{"start":{"line":4,"column":13},"end":{"line":4,"column":36}},"1":{"start":{"line":5,"column":1},"end":{"line":11,"column":3}}},"fnMap":{"0":{"name":"CreateAccount","decl":{"start":{"line":3,"column":9},"end":{"line":3,"column":22}},"loc":{"start":{"line":3,"column":25},"end":{"line":12,"column":1}},"line":3}},"branchMap":{},"s":{"0":0,"1":0},"f":{"0":0},"b":{}}
,"/Users/shashankbr/MO-PCCO.R3-assignment-files/RA_16.3_Bad_bank_context/task-01/src/deposit.js": {"path":"/Users/shashankbr/MO-PCCO.R3-assignment-files/RA_16.3_Bad_bank_context/task-01/src/deposit.js","statementMap":{"0":{"start":{"line":3,"column":1},"end":{"line":3,"column":25}}},"fnMap":{"0":{"name":"Deposit","decl":{"start":{"line":2,"column":9},"end":{"line":2,"column":16}},"loc":{"start":{"line":2,"column":19},"end":{"line":4,"column":1}},"line":2}},"branchMap":{},"s":{"0":0},"f":{"0":0},"b":{}}
,"/Users/shashankbr/MO-PCCO.R3-assignment-files/RA_16.3_Bad_bank_context/task-01/src/home.js": {"path":"/Users/shashankbr/MO-PCCO.R3-assignment-files/RA_16.3_Bad_bank_context/task-01/src/home.js","statementMap":{"0":{"start":{"line":4,"column":13},"end":{"line":4,"column":36}},"1":{"start":{"line":5,"column":1},"end":{"line":13,"column":3}}},"fnMap":{"0":{"name":"Home","decl":{"start":{"line":3,"column":9},"end":{"line":3,"column":13}},"loc":{"start":{"line":3,"column":16},"end":{"line":14,"column":1}},"line":3}},"branchMap":{},"s":{"0":0,"1":0},"f":{"0":0},"b":{}}
,"/Users/shashankbr/MO-PCCO.R3-assignment-files/RA_16.3_Bad_bank_context/task-01/src/login.js": {"path":"/Users/shashankbr/MO-PCCO.R3-assignment-files/RA_16.3_Bad_bank_context/task-01/src/login.js","statementMap":{"0":{"start":{"line":3,"column":1},"end":{"line":3,"column":23}}},"fnMap":{"0":{"name":"Login","decl":{"start":{"line":2,"column":9},"end":{"line":2,"column":14}},"loc":{"start":{"line":2,"column":17},"end":{"line":4,"column":1}},"line":2}},"branchMap":{},"s":{"0":0},"f":{"0":0},"b":{}}
,"/Users/shashankbr/MO-PCCO.R3-assignment-files/RA_16.3_Bad_bank_context/task-01/src/navbar.js": {"path":"/Users/shashankbr/MO-PCCO.R3-assignment-files/RA_16.3_Bad_bank_context/task-01/src/navbar.js","statementMap":{"0":{"start":{"line":4,"column":1},"end":{"line":11,"column":3}}},"fnMap":{"0":{"name":"NavBar","decl":{"start":{"line":3,"column":9},"end":{"line":3,"column":15}},"loc":{"start":{"line":3,"column":18},"end":{"line":12,"column":1}},"line":3}},"branchMap":{},"s":{"0":0},"f":{"0":0},"b":{}}
,"/Users/shashankbr/MO-PCCO.R3-assignment-files/RA_16.3_Bad_bank_context/task-01/src/withdraw.js": {"path":"/Users/shashankbr/MO-PCCO.R3-assignment-files/RA_16.3_Bad_bank_context/task-01/src/withdraw.js","statementMap":{"0":{"start":{"line":4,"column":1},"end":{"line":4,"column":26}}},"fnMap":{"0":{"name":"Withdraw","decl":{"start":{"line":3,"column":9},"end":{"line":3,"column":17}},"loc":{"start":{"line":3,"column":20},"end":{"line":5,"column":1}},"line":3}},"branchMap":{},"s":{"0":0},"f":{"0":0},"b":{}}
}
