<?xml version="1.0" encoding="UTF-8"?>
<coverage generated="1707453636567" clover="3.2.0">
  <project timestamp="1707453636567" name="All files">
    <metrics statements="33" coveredstatements="19" conditionals="8" coveredconditionals="4" methods="22" coveredmethods="10" elements="63" coveredelements="33" complexity="0" loc="33" ncloc="33" packages="1" files="4" classes="4"/>
    <file name="App.js" path="/Users/shashankbr/MO-PCCO.R3-assignment-files/RA_12.4/task-02/src/App.js">
      <metrics statements="10" coveredstatements="9" conditionals="2" coveredconditionals="1" methods="7" coveredmethods="5"/>
      <line num="7" count="7" type="stmt"/>
      <line num="9" count="7" type="stmt"/>
      <line num="10" count="3" type="stmt"/>
      <line num="13" count="7" type="stmt"/>
      <line num="14" count="0" type="stmt"/>
      <line num="17" count="7" type="stmt"/>
      <line num="18" count="1" type="stmt"/>
      <line num="20" count="1" type="cond" truecount="1" falsecount="1"/>
      <line num="25" count="7" type="stmt"/>
      <line num="40" count="5" type="stmt"/>
    </file>
    <file name="App.solution.js" path="/Users/shashankbr/MO-PCCO.R3-assignment-files/RA_12.4/task-02/src/App.solution.js">
      <metrics statements="12" coveredstatements="0" conditionals="2" coveredconditionals="0" methods="9" coveredmethods="0"/>
      <line num="7" count="0" type="stmt"/>
      <line num="9" count="0" type="stmt"/>
      <line num="10" count="0" type="stmt"/>
      <line num="13" count="0" type="stmt"/>
      <line num="14" count="0" type="stmt"/>
      <line num="17" count="0" type="stmt"/>
      <line num="18" count="0" type="stmt"/>
      <line num="20" count="0" type="cond" truecount="0" falsecount="2"/>
      <line num="25" count="0" type="stmt"/>
      <line num="29" count="0" type="stmt"/>
      <line num="30" count="0" type="stmt"/>
      <line num="34" count="0" type="stmt"/>
    </file>
    <file name="Task.js" path="/Users/shashankbr/MO-PCCO.R3-assignment-files/RA_12.4/task-02/src/Task.js">
      <metrics statements="3" coveredstatements="2" conditionals="2" coveredconditionals="2" methods="3" coveredmethods="2"/>
      <line num="5" count="5" type="stmt"/>
      <line num="10" count="1" type="stmt"/>
      <line num="14" count="0" type="stmt"/>
    </file>
    <file name="TaskForm.js" path="/Users/shashankbr/MO-PCCO.R3-assignment-files/RA_12.4/task-02/src/TaskForm.js">
      <metrics statements="8" coveredstatements="8" conditionals="2" coveredconditionals="1" methods="3" coveredmethods="3"/>
      <line num="5" count="10" type="stmt"/>
      <line num="7" count="10" type="stmt"/>
      <line num="8" count="3" type="stmt"/>
      <line num="9" count="3" type="cond" truecount="1" falsecount="1"/>
      <line num="10" count="3" type="stmt"/>
      <line num="11" count="3" type="stmt"/>
      <line num="14" count="10" type="stmt"/>
      <line num="21" count="3" type="stmt"/>
    </file>
  </project>
</coverage>
