<?xml version="1.0" encoding="UTF-8"?>
<coverage generated="1709798699148" clover="3.2.0">
  <project timestamp="1709798699148" name="All files">
    <metrics statements="58" coveredstatements="10" conditionals="6" coveredconditionals="1" methods="23" coveredmethods="4" elements="87" coveredelements="15" complexity="0" loc="58" ncloc="58" packages="1" files="6" classes="6"/>
    <file name="AddRecipe.js" path="/Users/shashankbr/MO-PCCO.R3-assignment-files/RA_16.1/task-02/src/AddRecipe.js">
      <metrics statements="15" coveredstatements="0" conditionals="0" coveredconditionals="0" methods="5" coveredmethods="0"/>
      <line num="5" count="0" type="stmt"/>
      <line num="6" count="0" type="stmt"/>
      <line num="7" count="0" type="stmt"/>
      <line num="8" count="0" type="stmt"/>
      <line num="9" count="0" type="stmt"/>
      <line num="11" count="0" type="stmt"/>
      <line num="12" count="0" type="stmt"/>
      <line num="13" count="0" type="stmt"/>
      <line num="19" count="0" type="stmt"/>
      <line num="20" count="0" type="stmt"/>
      <line num="21" count="0" type="stmt"/>
      <line num="24" count="0" type="stmt"/>
      <line num="33" count="0" type="stmt"/>
      <line num="42" count="0" type="stmt"/>
      <line num="51" count="0" type="stmt"/>
    </file>
    <file name="App.js" path="/Users/shashankbr/MO-PCCO.R3-assignment-files/RA_16.1/task-02/src/App.js">
      <metrics statements="2" coveredstatements="0" conditionals="0" coveredconditionals="0" methods="1" coveredmethods="0"/>
      <line num="7" count="0" type="stmt"/>
      <line num="8" count="0" type="stmt"/>
    </file>
    <file name="RecipeCard.js" path="/Users/shashankbr/MO-PCCO.R3-assignment-files/RA_16.1/task-02/src/RecipeCard.js">
      <metrics statements="16" coveredstatements="0" conditionals="2" coveredconditionals="0" methods="7" coveredmethods="0"/>
      <line num="4" count="0" type="stmt"/>
      <line num="5" count="0" type="stmt"/>
      <line num="6" count="0" type="stmt"/>
      <line num="7" count="0" type="stmt"/>
      <line num="8" count="0" type="stmt"/>
      <line num="11" count="0" type="stmt"/>
      <line num="15" count="0" type="stmt"/>
      <line num="16" count="0" type="stmt"/>
      <line num="22" count="0" type="stmt"/>
      <line num="23" count="0" type="stmt"/>
      <line num="26" count="0" type="stmt"/>
      <line num="33" count="0" type="stmt"/>
      <line num="37" count="0" type="stmt"/>
      <line num="41" count="0" type="stmt"/>
      <line num="44" count="0" type="stmt"/>
      <line num="55" count="0" type="stmt"/>
    </file>
    <file name="RecipeContext.js" path="/Users/shashankbr/MO-PCCO.R3-assignment-files/RA_16.1/task-02/src/RecipeContext.js">
      <metrics statements="8" coveredstatements="0" conditionals="0" coveredconditionals="0" methods="4" coveredmethods="0"/>
      <line num="3" count="0" type="stmt"/>
      <line num="5" count="0" type="stmt"/>
      <line num="6" count="0" type="stmt"/>
      <line num="8" count="0" type="stmt"/>
      <line num="9" count="0" type="stmt"/>
      <line num="12" count="0" type="stmt"/>
      <line num="13" count="0" type="stmt"/>
      <line num="20" count="0" type="stmt"/>
    </file>
    <file name="RecipeContext.solution.js" path="/Users/shashankbr/MO-PCCO.R3-assignment-files/RA_16.1/task-02/src/RecipeContext.solution.js">
      <metrics statements="11" coveredstatements="10" conditionals="2" coveredconditionals="1" methods="4" coveredmethods="4"/>
      <line num="3" count="1" type="stmt"/>
      <line num="5" count="1" type="stmt"/>
      <line num="6" count="9" type="stmt"/>
      <line num="8" count="9" type="stmt"/>
      <line num="9" count="3" type="stmt"/>
      <line num="12" count="9" type="stmt"/>
      <line num="13" count="3" type="stmt"/>
      <line num="15" count="3" type="cond" truecount="1" falsecount="1"/>
      <line num="16" count="3" type="stmt"/>
      <line num="18" count="0" type="stmt"/>
      <line num="23" count="9" type="stmt"/>
    </file>
    <file name="RecipeList.js" path="/Users/shashankbr/MO-PCCO.R3-assignment-files/RA_16.1/task-02/src/RecipeList.js">
      <metrics statements="6" coveredstatements="0" conditionals="2" coveredconditionals="0" methods="2" coveredmethods="0"/>
      <line num="5" count="0" type="stmt"/>
      <line num="6" count="0" type="stmt"/>
      <line num="8" count="0" type="cond" truecount="0" falsecount="2"/>
      <line num="9" count="0" type="stmt"/>
      <line num="14" count="0" type="stmt"/>
      <line num="17" count="0" type="stmt"/>
    </file>
  </project>
</coverage>
