TN:
SF:src/App.js
FN:13,App
FNF:1
FNH:0
FNDA:0,App
DA:14,0
LF:1
LH:0
BRF:0
BRH:0
end_of_record
TN:
SF:src/alldata.js
FN:4,AllData
FNF:1
FNH:0
FNDA:0,AllData
DA:5,0
DA:7,0
LF:2
LH:0
BRDA:9,0,0,0
BRDA:9,0,1,0
BRF:2
BRH:0
end_of_record
TN:
SF:src/balance.js
FN:4,Balance
FNF:1
FNH:0
FNDA:0,Balance
DA:5,0
DA:7,0
LF:2
LH:0
BRDA:9,0,0,0
BRDA:9,0,1,0
BRF:2
BRH:0
end_of_record
TN:
SF:src/card.js
FN:2,Card
FN:3,classes
FNF:2
FNH:0
FNDA:0,Card
FNDA:0,classes
DA:4,0
DA:5,0
DA:6,0
DA:9,0
LF:4
LH:0
BRDA:4,0,0,0
BRDA:4,0,1,0
BRDA:5,1,0,0
BRDA:5,1,1,0
BRDA:13,2,0,0
BRDA:13,2,1,0
BRDA:14,3,0,0
BRDA:14,3,1,0
BRDA:16,4,0,0
BRDA:16,4,1,0
BRF:10
BRH:0
end_of_record
TN:
SF:src/context.js
FN:4,(anonymous_0)
FN:16,(anonymous_1)
FN:20,(anonymous_2)
FN:24,(anonymous_3)
FN:28,(anonymous_4)
FN:34,(anonymous_5)
FNF:6
FNH:0
FNDA:0,(anonymous_0)
FNDA:0,(anonymous_1)
FNDA:0,(anonymous_2)
FNDA:0,(anonymous_3)
FNDA:0,(anonymous_4)
FNDA:0,(anonymous_5)
DA:2,1
DA:4,1
DA:5,0
DA:14,0
DA:16,0
DA:17,0
DA:20,0
DA:21,0
DA:24,0
DA:25,0
DA:28,0
DA:29,0
DA:31,0
DA:33,0
DA:35,0
DA:40,0
LF:16
LH:2
BRDA:29,0,0,0
BRDA:29,0,1,0
BRDA:35,1,0,0
BRDA:35,1,1,0
BRF:4
BRH:0
end_of_record
TN:
SF:src/createaccount.js
FN:4,CreateAccount
FN:12,(anonymous_1)
FN:14,(anonymous_2)
FN:20,(anonymous_3)
FN:30,(anonymous_4)
FN:48,(anonymous_5)
FN:61,(anonymous_6)
FN:74,(anonymous_7)
FNF:8
FNH:0
FNDA:0,CreateAccount
FNDA:0,(anonymous_1)
FNDA:0,(anonymous_2)
FNDA:0,(anonymous_3)
FNDA:0,(anonymous_4)
FNDA:0,(anonymous_5)
FNDA:0,(anonymous_6)
FNDA:0,(anonymous_7)
DA:5,0
DA:6,0
DA:7,0
DA:8,0
DA:9,0
DA:10,0
DA:12,0
DA:13,0
DA:14,0
DA:20,0
DA:21,0
DA:22,0
DA:23,0
DA:24,0
DA:25,0
DA:26,0
DA:27,0
DA:30,0
DA:31,0
DA:32,0
DA:35,0
DA:48,0
DA:61,0
DA:74,0
LF:24
LH:0
BRDA:37,0,0,0
BRDA:37,0,1,0
BRDA:83,1,0,0
BRDA:83,1,1,0
BRF:4
BRH:0
end_of_record
TN:
SF:src/deposit.js
FN:4,Deposit
FN:9,(anonymous_1)
FN:21,(anonymous_2)
FN:58,(anonymous_3)
FNF:4
FNH:3
FNDA:6,Deposit
FNDA:2,(anonymous_1)
FNDA:0,(anonymous_2)
FNDA:3,(anonymous_3)
DA:5,6
DA:6,6
DA:7,6
DA:9,6
DA:10,2
DA:11,2
DA:12,0
DA:13,0
DA:15,2
DA:21,6
DA:22,0
DA:25,6
DA:26,0
DA:35,6
DA:58,3
LF:15
LH:11
BRDA:11,0,0,0
BRDA:11,0,1,2
BRDA:11,1,0,2
BRDA:11,1,1,2
BRDA:25,2,0,0
BRDA:25,2,1,6
BRDA:38,3,0,6
BRDA:38,3,1,0
BRDA:42,4,0,6
BRDA:42,4,1,0
BRDA:47,5,0,6
BRDA:47,5,1,6
BRF:12
BRH:8
end_of_record
TN:
SF:src/deposit.solution.js
FN:4,Deposit
FN:9,(anonymous_1)
FN:21,(anonymous_2)
FN:58,(anonymous_3)
FNF:4
FNH:0
FNDA:0,Deposit
FNDA:0,(anonymous_1)
FNDA:0,(anonymous_2)
FNDA:0,(anonymous_3)
DA:5,0
DA:6,0
DA:7,0
DA:9,0
DA:10,0
DA:11,0
DA:12,0
DA:13,0
DA:15,0
DA:16,0
DA:17,0
DA:18,0
DA:21,0
DA:22,0
DA:25,0
DA:26,0
DA:35,0
DA:58,0
LF:18
LH:0
BRDA:11,0,0,0
BRDA:11,0,1,0
BRDA:11,1,0,0
BRDA:11,1,1,0
BRDA:25,2,0,0
BRDA:25,2,1,0
BRDA:38,3,0,0
BRDA:38,3,1,0
BRDA:42,4,0,0
BRDA:42,4,1,0
BRDA:47,5,0,0
BRDA:47,5,1,0
BRF:12
BRH:0
end_of_record
TN:
SF:src/home.js
FN:4,Home
FNF:1
FNH:0
FNDA:0,Home
DA:5,0
DA:6,0
LF:2
LH:0
BRF:0
BRH:0
end_of_record
TN:
SF:src/login.js
FN:4,Login
FN:10,(anonymous_1)
FN:13,(anonymous_2)
FN:23,(anonymous_3)
FN:51,(anonymous_4)
FN:63,(anonymous_5)
FNF:6
FNH:0
FNDA:0,Login
FNDA:0,(anonymous_1)
FNDA:0,(anonymous_2)
FNDA:0,(anonymous_3)
FNDA:0,(anonymous_4)
FNDA:0,(anonymous_5)
DA:5,0
DA:6,0
DA:7,0
DA:8,0
DA:10,0
DA:11,0
DA:12,0
DA:13,0
DA:14,0
DA:15,0
DA:16,0
DA:17,0
DA:19,0
DA:23,0
DA:24,0
DA:27,0
DA:28,0
DA:38,0
DA:51,0
DA:63,0
LF:20
LH:0
BRDA:14,0,0,0
BRDA:14,0,1,0
BRDA:14,1,0,0
BRDA:14,1,1,0
BRDA:27,2,0,0
BRDA:27,2,1,0
BRDA:66,3,0,0
BRDA:66,3,1,0
BRF:8
BRH:0
end_of_record
TN:
SF:src/navbar.js
FN:3,NavBar
FNF:1
FNH:0
FNDA:0,NavBar
DA:4,0
LF:1
LH:0
BRF:0
BRH:0
end_of_record
TN:
SF:src/withdraw.js
FN:4,Withdraw
FNF:1
FNH:0
FNDA:0,Withdraw
DA:5,0
DA:6,0
LF:2
LH:0
BRF:0
BRH:0
end_of_record
