{"/Users/shashankbr/MO-PCCO.R3-assignment-files/RA_15.1/task-02/src/App.js": {"path":"/Users/shashankbr/MO-PCCO.R3-assignment-files/RA_15.1/task-02/src/App.js","statementMap":{"0":{"start":{"line":6,"column":1},"end":{"line":15,"column":3}}},"fnMap":{"0":{"name":"App","decl":{"start":{"line":5,"column":9},"end":{"line":5,"column":12}},"loc":{"start":{"line":5,"column":15},"end":{"line":16,"column":1}},"line":5}},"branchMap":{},"s":{"0":0},"f":{"0":0},"b":{}}
,"/Users/shashankbr/MO-PCCO.R3-assignment-files/RA_15.1/task-02/src/Comment.js": {"path":"/Users/shashankbr/MO-PCCO.R3-assignment-files/RA_15.1/task-02/src/Comment.js","statementMap":{"0":{"start":{"line":3,"column":16},"end":{"line":12,"column":1}},"1":{"start":{"line":4,"column":1},"end":{"line":11,"column":3}}},"fnMap":{"0":{"name":"(anonymous_0)","decl":{"start":{"line":3,"column":16},"end":{"line":3,"column":17}},"loc":{"start":{"line":3,"column":33},"end":{"line":12,"column":1}},"line":3}},"branchMap":{},"s":{"0":1,"1":0},"f":{"0":0},"b":{},"_coverageSchema":"1a1c01bbd47fc00a2c39e90264f33305004495a9","hash":"7c3272c3cac7a2d39342b2f97c4f62d7231989e4"}
,"/Users/shashankbr/MO-PCCO.R3-assignment-files/RA_15.1/task-02/src/Post.js": {"path":"/Users/shashankbr/MO-PCCO.R3-assignment-files/RA_15.1/task-02/src/Post.js","statementMap":{"0":{"start":{"line":4,"column":13},"end":{"line":38,"column":1}},"1":{"start":{"line":5,"column":33},"end":{"line":5,"column":45}},"2":{"start":{"line":6,"column":47},"end":{"line":6,"column":62}},"3":{"start":{"line":8,"column":23},"end":{"line":20,"column":2}},"4":{"start":{"line":9,"column":2},"end":{"line":9,"column":27}},"5":{"start":{"line":10,"column":2},"end":{"line":19,"column":3}},"6":{"start":{"line":11,"column":18},"end":{"line":11,"column":25}},"7":{"start":{"line":12,"column":20},"end":{"line":12,"column":24}},"8":{"start":{"line":13,"column":16},"end":{"line":13,"column":37}},"9":{"start":{"line":14,"column":3},"end":{"line":14,"column":21}},"10":{"start":{"line":16,"column":3},"end":{"line":16,"column":52}},"11":{"start":{"line":18,"column":3},"end":{"line":18,"column":29}},"12":{"start":{"line":22,"column":1},"end":{"line":37,"column":3}},"13":{"start":{"line":32,"column":6},"end":{"line":32,"column":17}}},"fnMap":{"0":{"name":"(anonymous_0)","decl":{"start":{"line":4,"column":13},"end":{"line":4,"column":14}},"loc":{"start":{"line":4,"column":27},"end":{"line":38,"column":1}},"line":4},"1":{"name":"(anonymous_1)","decl":{"start":{"line":8,"column":23},"end":{"line":8,"column":24}},"loc":{"start":{"line":8,"column":35},"end":{"line":20,"column":2}},"line":8},"2":{"name":"(anonymous_2)","decl":{"start":{"line":31,"column":19},"end":{"line":31,"column":20}},"loc":{"start":{"line":32,"column":6},"end":{"line":32,"column":17}},"line":32}},"branchMap":{"0":{"loc":{"start":{"line":27,"column":5},"end":{"line":27,"column":62}},"type":"cond-expr","locations":[{"start":{"line":27,"column":23},"end":{"line":27,"column":44}},{"start":{"line":27,"column":47},"end":{"line":27,"column":62}}],"line":27},"1":{"loc":{"start":{"line":29,"column":4},"end":{"line":35,"column":4}},"type":"binary-expr","locations":[{"start":{"line":29,"column":4},"end":{"line":29,"column":21}},{"start":{"line":30,"column":4},"end":{"line":34,"column":10}}],"line":29}},"s":{"0":1,"1":2,"2":2,"3":2,"4":1,"5":1,"6":1,"7":1,"8":1,"9":0,"10":1,"11":1,"12":2,"13":0},"f":{"0":2,"1":1,"2":0},"b":{"0":[0,2],"1":[2,0]},"_coverageSchema":"1a1c01bbd47fc00a2c39e90264f33305004495a9","hash":"147a1c4d5a5648d6d52b2da8f891df522c83aace"}
,"/Users/shashankbr/MO-PCCO.R3-assignment-files/RA_15.1/task-02/src/Post.solution.js": {"path":"/Users/shashankbr/MO-PCCO.R3-assignment-files/RA_15.1/task-02/src/Post.solution.js","statementMap":{"0":{"start":{"line":4,"column":13},"end":{"line":39,"column":1}},"1":{"start":{"line":5,"column":33},"end":{"line":5,"column":45}},"2":{"start":{"line":6,"column":47},"end":{"line":6,"column":62}},"3":{"start":{"line":8,"column":23},"end":{"line":21,"column":2}},"4":{"start":{"line":9,"column":2},"end":{"line":9,"column":27}},"5":{"start":{"line":10,"column":2},"end":{"line":20,"column":3}},"6":{"start":{"line":11,"column":20},"end":{"line":13,"column":4}},"7":{"start":{"line":14,"column":16},"end":{"line":14,"column":37}},"8":{"start":{"line":15,"column":3},"end":{"line":15,"column":21}},"9":{"start":{"line":17,"column":3},"end":{"line":17,"column":52}},"10":{"start":{"line":19,"column":3},"end":{"line":19,"column":29}},"11":{"start":{"line":23,"column":1},"end":{"line":38,"column":3}},"12":{"start":{"line":33,"column":6},"end":{"line":33,"column":52}}},"fnMap":{"0":{"name":"(anonymous_0)","decl":{"start":{"line":4,"column":13},"end":{"line":4,"column":14}},"loc":{"start":{"line":4,"column":27},"end":{"line":39,"column":1}},"line":4},"1":{"name":"(anonymous_1)","decl":{"start":{"line":8,"column":23},"end":{"line":8,"column":24}},"loc":{"start":{"line":8,"column":35},"end":{"line":21,"column":2}},"line":8},"2":{"name":"(anonymous_2)","decl":{"start":{"line":32,"column":19},"end":{"line":32,"column":20}},"loc":{"start":{"line":33,"column":6},"end":{"line":33,"column":52}},"line":33}},"branchMap":{"0":{"loc":{"start":{"line":28,"column":5},"end":{"line":28,"column":62}},"type":"cond-expr","locations":[{"start":{"line":28,"column":23},"end":{"line":28,"column":44}},{"start":{"line":28,"column":47},"end":{"line":28,"column":62}}],"line":28},"1":{"loc":{"start":{"line":30,"column":4},"end":{"line":36,"column":4}},"type":"binary-expr","locations":[{"start":{"line":30,"column":4},"end":{"line":30,"column":21}},{"start":{"line":31,"column":4},"end":{"line":35,"column":10}}],"line":30}},"s":{"0":0,"1":0,"2":0,"3":0,"4":0,"5":0,"6":0,"7":0,"8":0,"9":0,"10":0,"11":0,"12":0},"f":{"0":0,"1":0,"2":0},"b":{"0":[0,0],"1":[0,0]}}
,"/Users/shashankbr/MO-PCCO.R3-assignment-files/RA_15.1/task-02/src/PostList.js": {"path":"/Users/shashankbr/MO-PCCO.R3-assignment-files/RA_15.1/task-02/src/PostList.js","statementMap":{"0":{"start":{"line":5,"column":27},"end":{"line":5,"column":39}},"1":{"start":{"line":6,"column":31},"end":{"line":6,"column":46}},"2":{"start":{"line":8,"column":1},"end":{"line":20,"column":8}},"3":{"start":{"line":9,"column":21},"end":{"line":17,"column":3}},"4":{"start":{"line":10,"column":3},"end":{"line":10,"column":20}},"5":{"start":{"line":11,"column":20},"end":{"line":13,"column":4}},"6":{"start":{"line":14,"column":16},"end":{"line":14,"column":37}},"7":{"start":{"line":15,"column":3},"end":{"line":15,"column":18}},"8":{"start":{"line":16,"column":3},"end":{"line":16,"column":21}},"9":{"start":{"line":19,"column":2},"end":{"line":19,"column":15}},"10":{"start":{"line":22,"column":1},"end":{"line":24,"column":2}},"11":{"start":{"line":23,"column":2},"end":{"line":23,"column":37}},"12":{"start":{"line":26,"column":1},"end":{"line":32,"column":3}},"13":{"start":{"line":29,"column":4},"end":{"line":29,"column":38}}},"fnMap":{"0":{"name":"PostList","decl":{"start":{"line":4,"column":9},"end":{"line":4,"column":17}},"loc":{"start":{"line":4,"column":20},"end":{"line":33,"column":1}},"line":4},"1":{"name":"(anonymous_1)","decl":{"start":{"line":8,"column":11},"end":{"line":8,"column":12}},"loc":{"start":{"line":8,"column":17},"end":{"line":20,"column":2}},"line":8},"2":{"name":"(anonymous_2)","decl":{"start":{"line":9,"column":21},"end":{"line":9,"column":22}},"loc":{"start":{"line":9,"column":33},"end":{"line":17,"column":3}},"line":9},"3":{"name":"(anonymous_3)","decl":{"start":{"line":28,"column":14},"end":{"line":28,"column":15}},"loc":{"start":{"line":29,"column":4},"end":{"line":29,"column":38}},"line":29}},"branchMap":{"0":{"loc":{"start":{"line":22,"column":1},"end":{"line":24,"column":2}},"type":"if","locations":[{"start":{"line":22,"column":1},"end":{"line":24,"column":2}},{"start":{},"end":{}}],"line":22}},"s":{"0":0,"1":0,"2":0,"3":0,"4":0,"5":0,"6":0,"7":0,"8":0,"9":0,"10":0,"11":0,"12":0,"13":0},"f":{"0":0,"1":0,"2":0,"3":0},"b":{"0":[0,0]}}
}
