<?xml version="1.0" encoding="UTF-8"?>
<coverage generated="1709819563857" clover="3.2.0">
  <project timestamp="1709819563857" name="All files">
    <metrics statements="13" coveredstatements="9" conditionals="0" coveredconditionals="0" methods="10" coveredmethods="9" elements="23" coveredelements="18" complexity="0" loc="13" ncloc="13" packages="1" files="11" classes="11"/>
    <file name="App.js" path="/Users/shashankbr/MO-PCCO.R3-assignment-files/RA_16.2_Bad_banking_routing_navigation/task-01/src/App.js">
      <metrics statements="1" coveredstatements="0" conditionals="0" coveredconditionals="0" methods="1" coveredmethods="0"/>
      <line num="13" count="0" type="stmt"/>
    </file>
    <file name="App.solution.js" path="/Users/shashankbr/MO-PCCO.R3-assignment-files/RA_16.2_Bad_banking_routing_navigation/task-01/src/App.solution.js">
      <metrics statements="1" coveredstatements="1" conditionals="0" coveredconditionals="0" methods="1" coveredmethods="1"/>
      <line num="13" count="7" type="stmt"/>
    </file>
    <file name="alldata.js" path="/Users/shashankbr/MO-PCCO.R3-assignment-files/RA_16.2_Bad_banking_routing_navigation/task-01/src/alldata.js">
      <metrics statements="1" coveredstatements="1" conditionals="0" coveredconditionals="0" methods="1" coveredmethods="1"/>
      <line num="3" count="1" type="stmt"/>
    </file>
    <file name="balance.js" path="/Users/shashankbr/MO-PCCO.R3-assignment-files/RA_16.2_Bad_banking_routing_navigation/task-01/src/balance.js">
      <metrics statements="1" coveredstatements="1" conditionals="0" coveredconditionals="0" methods="1" coveredmethods="1"/>
      <line num="3" count="1" type="stmt"/>
    </file>
    <file name="context.js" path="/Users/shashankbr/MO-PCCO.R3-assignment-files/RA_16.2_Bad_banking_routing_navigation/task-01/src/context.js">
      <metrics statements="3" coveredstatements="0" conditionals="0" coveredconditionals="0" methods="0" coveredmethods="0"/>
      <line num="2" count="0" type="stmt"/>
      <line num="3" count="0" type="stmt"/>
      <line num="4" count="0" type="stmt"/>
    </file>
    <file name="createaccount.js" path="/Users/shashankbr/MO-PCCO.R3-assignment-files/RA_16.2_Bad_banking_routing_navigation/task-01/src/createaccount.js">
      <metrics statements="1" coveredstatements="1" conditionals="0" coveredconditionals="0" methods="1" coveredmethods="1"/>
      <line num="3" count="1" type="stmt"/>
    </file>
    <file name="deposit.js" path="/Users/shashankbr/MO-PCCO.R3-assignment-files/RA_16.2_Bad_banking_routing_navigation/task-01/src/deposit.js">
      <metrics statements="1" coveredstatements="1" conditionals="0" coveredconditionals="0" methods="1" coveredmethods="1"/>
      <line num="3" count="1" type="stmt"/>
    </file>
    <file name="home.js" path="/Users/shashankbr/MO-PCCO.R3-assignment-files/RA_16.2_Bad_banking_routing_navigation/task-01/src/home.js">
      <metrics statements="1" coveredstatements="1" conditionals="0" coveredconditionals="0" methods="1" coveredmethods="1"/>
      <line num="3" count="1" type="stmt"/>
    </file>
    <file name="login.js" path="/Users/shashankbr/MO-PCCO.R3-assignment-files/RA_16.2_Bad_banking_routing_navigation/task-01/src/login.js">
      <metrics statements="1" coveredstatements="1" conditionals="0" coveredconditionals="0" methods="1" coveredmethods="1"/>
      <line num="3" count="1" type="stmt"/>
    </file>
    <file name="navbar.js" path="/Users/shashankbr/MO-PCCO.R3-assignment-files/RA_16.2_Bad_banking_routing_navigation/task-01/src/navbar.js">
      <metrics statements="1" coveredstatements="1" conditionals="0" coveredconditionals="0" methods="1" coveredmethods="1"/>
      <line num="4" count="7" type="stmt"/>
    </file>
    <file name="withdraw.js" path="/Users/shashankbr/MO-PCCO.R3-assignment-files/RA_16.2_Bad_banking_routing_navigation/task-01/src/withdraw.js">
      <metrics statements="1" coveredstatements="1" conditionals="0" coveredconditionals="0" methods="1" coveredmethods="1"/>
      <line num="4" count="1" type="stmt"/>
    </file>
  </project>
</coverage>
