{"/Users/shashankbr/MO-PCCO.R3-assignment-files/RA_16.2_Bad_banking_routing_navigation/task-01/src/App.js": {"path":"/Users/shashankbr/MO-PCCO.R3-assignment-files/RA_16.2_Bad_banking_routing_navigation/task-01/src/App.js","statementMap":{"0":{"start":{"line":13,"column":1},"end":{"line":27,"column":3}}},"fnMap":{"0":{"name":"App","decl":{"start":{"line":12,"column":9},"end":{"line":12,"column":12}},"loc":{"start":{"line":12,"column":15},"end":{"line":28,"column":1}},"line":12}},"branchMap":{},"s":{"0":0},"f":{"0":0},"b":{}}
,"/Users/shashankbr/MO-PCCO.R3-assignment-files/RA_16.2_Bad_banking_routing_navigation/task-01/src/App.solution.js": {"path":"/Users/shashankbr/MO-PCCO.R3-assignment-files/RA_16.2_Bad_banking_routing_navigation/task-01/src/App.solution.js","statementMap":{"0":{"start":{"line":13,"column":1},"end":{"line":30,"column":3}}},"fnMap":{"0":{"name":"App","decl":{"start":{"line":12,"column":9},"end":{"line":12,"column":12}},"loc":{"start":{"line":12,"column":15},"end":{"line":31,"column":1}},"line":12}},"branchMap":{},"s":{"0":7},"f":{"0":7},"b":{},"_coverageSchema":"1a1c01bbd47fc00a2c39e90264f33305004495a9","hash":"79511040ffd2884efb7835eee1577e3a7d28e674"}
,"/Users/shashankbr/MO-PCCO.R3-assignment-files/RA_16.2_Bad_banking_routing_navigation/task-01/src/alldata.js": {"path":"/Users/shashankbr/MO-PCCO.R3-assignment-files/RA_16.2_Bad_banking_routing_navigation/task-01/src/alldata.js","statementMap":{"0":{"start":{"line":3,"column":1},"end":{"line":7,"column":3}}},"fnMap":{"0":{"name":"AllData","decl":{"start":{"line":2,"column":9},"end":{"line":2,"column":16}},"loc":{"start":{"line":2,"column":19},"end":{"line":8,"column":1}},"line":2}},"branchMap":{},"s":{"0":1},"f":{"0":1},"b":{},"_coverageSchema":"1a1c01bbd47fc00a2c39e90264f33305004495a9","hash":"8b0e78a6a7d157c0df4ad2ca416d3ab8f6e1b65b"}
,"/Users/shashankbr/MO-PCCO.R3-assignment-files/RA_16.2_Bad_banking_routing_navigation/task-01/src/balance.js": {"path":"/Users/shashankbr/MO-PCCO.R3-assignment-files/RA_16.2_Bad_banking_routing_navigation/task-01/src/balance.js","statementMap":{"0":{"start":{"line":3,"column":1},"end":{"line":3,"column":25}}},"fnMap":{"0":{"name":"Balance","decl":{"start":{"line":2,"column":9},"end":{"line":2,"column":16}},"loc":{"start":{"line":2,"column":19},"end":{"line":4,"column":1}},"line":2}},"branchMap":{},"s":{"0":1},"f":{"0":1},"b":{},"_coverageSchema":"1a1c01bbd47fc00a2c39e90264f33305004495a9","hash":"5d73f76e7197d604fec3c502c7829a79e9fb6979"}
,"/Users/shashankbr/MO-PCCO.R3-assignment-files/RA_16.2_Bad_banking_routing_navigation/task-01/src/context.js": {"path":"/Users/shashankbr/MO-PCCO.R3-assignment-files/RA_16.2_Bad_banking_routing_navigation/task-01/src/context.js","statementMap":{"0":{"start":{"line":2,"column":14},"end":{"line":2,"column":34}},"1":{"start":{"line":3,"column":13},"end":{"line":3,"column":32}},"2":{"start":{"line":4,"column":19},"end":{"line":4,"column":44}}},"fnMap":{},"branchMap":{},"s":{"0":0,"1":0,"2":0},"f":{},"b":{}}
,"/Users/shashankbr/MO-PCCO.R3-assignment-files/RA_16.2_Bad_banking_routing_navigation/task-01/src/createaccount.js": {"path":"/Users/shashankbr/MO-PCCO.R3-assignment-files/RA_16.2_Bad_banking_routing_navigation/task-01/src/createaccount.js","statementMap":{"0":{"start":{"line":3,"column":1},"end":{"line":3,"column":32}}},"fnMap":{"0":{"name":"CreateAccount","decl":{"start":{"line":2,"column":9},"end":{"line":2,"column":22}},"loc":{"start":{"line":2,"column":25},"end":{"line":4,"column":1}},"line":2}},"branchMap":{},"s":{"0":1},"f":{"0":1},"b":{},"_coverageSchema":"1a1c01bbd47fc00a2c39e90264f33305004495a9","hash":"d115c3b622df0f5c657d7d7e1e7c1319e8642742"}
,"/Users/shashankbr/MO-PCCO.R3-assignment-files/RA_16.2_Bad_banking_routing_navigation/task-01/src/deposit.js": {"path":"/Users/shashankbr/MO-PCCO.R3-assignment-files/RA_16.2_Bad_banking_routing_navigation/task-01/src/deposit.js","statementMap":{"0":{"start":{"line":3,"column":1},"end":{"line":3,"column":25}}},"fnMap":{"0":{"name":"Deposit","decl":{"start":{"line":2,"column":9},"end":{"line":2,"column":16}},"loc":{"start":{"line":2,"column":19},"end":{"line":4,"column":1}},"line":2}},"branchMap":{},"s":{"0":1},"f":{"0":1},"b":{},"_coverageSchema":"1a1c01bbd47fc00a2c39e90264f33305004495a9","hash":"33c4ec288d418877fd0f944b3586a531d8f70637"}
,"/Users/shashankbr/MO-PCCO.R3-assignment-files/RA_16.2_Bad_banking_routing_navigation/task-01/src/home.js": {"path":"/Users/shashankbr/MO-PCCO.R3-assignment-files/RA_16.2_Bad_banking_routing_navigation/task-01/src/home.js","statementMap":{"0":{"start":{"line":3,"column":1},"end":{"line":3,"column":22}}},"fnMap":{"0":{"name":"Home","decl":{"start":{"line":2,"column":9},"end":{"line":2,"column":13}},"loc":{"start":{"line":2,"column":16},"end":{"line":4,"column":1}},"line":2}},"branchMap":{},"s":{"0":1},"f":{"0":1},"b":{},"_coverageSchema":"1a1c01bbd47fc00a2c39e90264f33305004495a9","hash":"c244871b908ef342f9ad3fe77d4986b91ec6bf61"}
,"/Users/shashankbr/MO-PCCO.R3-assignment-files/RA_16.2_Bad_banking_routing_navigation/task-01/src/login.js": {"path":"/Users/shashankbr/MO-PCCO.R3-assignment-files/RA_16.2_Bad_banking_routing_navigation/task-01/src/login.js","statementMap":{"0":{"start":{"line":3,"column":1},"end":{"line":3,"column":23}}},"fnMap":{"0":{"name":"Login","decl":{"start":{"line":2,"column":9},"end":{"line":2,"column":14}},"loc":{"start":{"line":2,"column":17},"end":{"line":4,"column":1}},"line":2}},"branchMap":{},"s":{"0":1},"f":{"0":1},"b":{},"_coverageSchema":"1a1c01bbd47fc00a2c39e90264f33305004495a9","hash":"674fdc8dde15ff83a1bdf9164d8733f541b9c365"}
,"/Users/shashankbr/MO-PCCO.R3-assignment-files/RA_16.2_Bad_banking_routing_navigation/task-01/src/navbar.js": {"path":"/Users/shashankbr/MO-PCCO.R3-assignment-files/RA_16.2_Bad_banking_routing_navigation/task-01/src/navbar.js","statementMap":{"0":{"start":{"line":4,"column":1},"end":{"line":11,"column":3}}},"fnMap":{"0":{"name":"NavBar","decl":{"start":{"line":3,"column":9},"end":{"line":3,"column":15}},"loc":{"start":{"line":3,"column":18},"end":{"line":12,"column":1}},"line":3}},"branchMap":{},"s":{"0":7},"f":{"0":7},"b":{},"_coverageSchema":"1a1c01bbd47fc00a2c39e90264f33305004495a9","hash":"e587b74a6c9fe97332009943899c53ce1d612741"}
,"/Users/shashankbr/MO-PCCO.R3-assignment-files/RA_16.2_Bad_banking_routing_navigation/task-01/src/withdraw.js": {"path":"/Users/shashankbr/MO-PCCO.R3-assignment-files/RA_16.2_Bad_banking_routing_navigation/task-01/src/withdraw.js","statementMap":{"0":{"start":{"line":4,"column":1},"end":{"line":4,"column":26}}},"fnMap":{"0":{"name":"Withdraw","decl":{"start":{"line":3,"column":9},"end":{"line":3,"column":17}},"loc":{"start":{"line":3,"column":20},"end":{"line":5,"column":1}},"line":3}},"branchMap":{},"s":{"0":1},"f":{"0":1},"b":{},"_coverageSchema":"1a1c01bbd47fc00a2c39e90264f33305004495a9","hash":"ba6508fe7dec55f0fab894cc2a0faa0784c0e9da"}
}
