TN:
SF:src/App.js
FN:12,App
FNF:1
FNH:0
FNDA:0,App
DA:13,0
LF:1
LH:0
BRF:0
BRH:0
end_of_record
TN:
SF:src/App.solution.js
FN:12,App
FNF:1
FNH:1
FNDA:7,App
DA:13,7
LF:1
LH:1
BRF:0
BRH:0
end_of_record
TN:
SF:src/alldata.js
FN:2,AllData
FNF:1
FNH:1
FNDA:1,AllData
DA:3,1
LF:1
LH:1
BRF:0
BRH:0
end_of_record
TN:
SF:src/balance.js
FN:2,Balance
FNF:1
FNH:1
FNDA:1,Balance
DA:3,1
LF:1
LH:1
BRF:0
BRH:0
end_of_record
TN:
SF:src/context.js
FNF:0
FNH:0
DA:2,0
DA:3,0
DA:4,0
LF:3
LH:0
BRF:0
BRH:0
end_of_record
TN:
SF:src/createaccount.js
FN:2,CreateAccount
FNF:1
FNH:1
FNDA:1,CreateAccount
DA:3,1
LF:1
LH:1
BRF:0
BRH:0
end_of_record
TN:
SF:src/deposit.js
FN:2,Deposit
FNF:1
FNH:1
FNDA:1,Deposit
DA:3,1
LF:1
LH:1
BRF:0
BRH:0
end_of_record
TN:
SF:src/home.js
FN:2,Home
FNF:1
FNH:1
FNDA:1,Home
DA:3,1
LF:1
LH:1
BRF:0
BRH:0
end_of_record
TN:
SF:src/login.js
FN:2,Login
FNF:1
FNH:1
FNDA:1,Login
DA:3,1
LF:1
LH:1
BRF:0
BRH:0
end_of_record
TN:
SF:src/navbar.js
FN:3,NavBar
FNF:1
FNH:1
FNDA:7,NavBar
DA:4,7
LF:1
LH:1
BRF:0
BRH:0
end_of_record
TN:
SF:src/withdraw.js
FN:3,Withdraw
FNF:1
FNH:1
FNDA:1,Withdraw
DA:4,1
LF:1
LH:1
BRF:0
BRH:0
end_of_record
