TN:
SF:src/App.js
FN:6,App
FN:9,(anonymous_1)
FN:13,(anonymous_2)
FN:14,(anonymous_3)
FN:17,(anonymous_4)
FN:19,(anonymous_5)
FN:39,(anonymous_6)
FNF:7
FNH:5
FNDA:7,App
FNDA:3,(anonymous_1)
FNDA:0,(anonymous_2)
FNDA:0,(anonymous_3)
FNDA:1,(anonymous_4)
FNDA:1,(anonymous_5)
FNDA:5,(anonymous_6)
DA:7,7
DA:9,7
DA:10,3
DA:13,7
DA:14,0
DA:17,7
DA:18,1
DA:20,1
DA:25,7
DA:40,5
LF:10
LH:9
BRDA:20,0,0,1
BRDA:20,0,1,0
BRF:2
BRH:1
end_of_record
TN:
SF:src/App.solution.js
FN:6,App
FN:9,(anonymous_1)
FN:13,(anonymous_2)
FN:14,(anonymous_3)
FN:17,(anonymous_4)
FN:19,(anonymous_5)
FN:29,(anonymous_6)
FN:30,(anonymous_7)
FN:33,(anonymous_8)
FNF:9
FNH:0
FNDA:0,App
FNDA:0,(anonymous_1)
FNDA:0,(anonymous_2)
FNDA:0,(anonymous_3)
FNDA:0,(anonymous_4)
FNDA:0,(anonymous_5)
FNDA:0,(anonymous_6)
FNDA:0,(anonymous_7)
FNDA:0,(anonymous_8)
DA:7,0
DA:9,0
DA:10,0
DA:13,0
DA:14,0
DA:17,0
DA:18,0
DA:20,0
DA:25,0
DA:29,0
DA:30,0
DA:34,0
LF:12
LH:0
BRDA:20,0,0,0
BRDA:20,0,1,0
BRF:2
BRH:0
end_of_record
TN:
SF:src/Task.js
FN:4,Task
FN:10,(anonymous_1)
FN:14,(anonymous_2)
FNF:3
FNH:2
FNDA:5,Task
FNDA:1,(anonymous_1)
FNDA:0,(anonymous_2)
DA:5,5
DA:10,1
DA:14,0
LF:3
LH:2
BRDA:6,0,0,1
BRDA:6,0,1,4
BRF:2
BRH:2
end_of_record
TN:
SF:src/TaskForm.js
FN:4,TaskForm
FN:7,(anonymous_1)
FN:21,(anonymous_2)
FNF:3
FNH:3
FNDA:10,TaskForm
FNDA:3,(anonymous_1)
FNDA:3,(anonymous_2)
DA:5,10
DA:7,10
DA:8,3
DA:9,3
DA:10,3
DA:11,3
DA:14,10
DA:21,3
LF:8
LH:8
BRDA:9,0,0,0
BRDA:9,0,1,3
BRF:2
BRH:1
end_of_record
