{"numFailedTestSuites":1,"numFailedTests":4,"numPassedTestSuites":0,"numPassedTests":0,"numPendingTestSuites":0,"numPendingTests":0,"numRuntimeErrorTestSuites":0,"numTodoTests":0,"numTotalTestSuites":1,"numTotalTests":4,"openHandles":[],"snapshot":{"added":0,"didUpdate":false,"failure":false,"filesAdded":0,"filesRemoved":0,"filesRemovedList":[],"filesUnmatched":0,"filesUpdated":0,"matched":0,"total":0,"unchecked":0,"uncheckedKeysByFile":[],"unmatched":0,"updated":0},"startTime":1704707282478,"success":false,"testResults":[{"assertionResults":[{"ancestorTitles":["String Utilities"],"duration":1,"failureDetails":[{}],"failureMessages":["Error: Error in test 1\n    at Object.<anonymous> (/Users/shashankbr/MO-PCCO.R3-assignment-files/RTI_9.1_Testing_the_Hello_World_Exercise/string-utils.test.js:15:11)\n    at Promise.then.completed (/Users/shashankbr/MO-PCCO.R3-assignment-files/RTI_9.1_Testing_the_Hello_World_Exercise/node_modules/jest-circus/build/utils.js:298:28)\n    at new Promise (<anonymous>)\n    at callAsyncCircusFn (/Users/shashankbr/MO-PCCO.R3-assignment-files/RTI_9.1_Testing_the_Hello_World_Exercise/node_modules/jest-circus/build/utils.js:231:10)\n    at _callCircusTest (/Users/shashankbr/MO-PCCO.R3-assignment-files/RTI_9.1_Testing_the_Hello_World_Exercise/node_modules/jest-circus/build/run.js:316:40)\n    at processTicksAndRejections (node:internal/process/task_queues:95:5)\n    at _runTest (/Users/shashankbr/MO-PCCO.R3-assignment-files/RTI_9.1_Testing_the_Hello_World_Exercise/node_modules/jest-circus/build/run.js:252:3)\n    at _runTestsForDescribeBlock (/Users/shashankbr/MO-PCCO.R3-assignment-files/RTI_9.1_Testing_the_Hello_World_Exercise/node_modules/jest-circus/build/run.js:126:9)\n    at _runTestsForDescribeBlock (/Users/shashankbr/MO-PCCO.R3-assignment-files/RTI_9.1_Testing_the_Hello_World_Exercise/node_modules/jest-circus/build/run.js:121:9)\n    at run (/Users/shashankbr/MO-PCCO.R3-assignment-files/RTI_9.1_Testing_the_Hello_World_Exercise/node_modules/jest-circus/build/run.js:71:3)\n    at runAndTransformResultsToJestFormat (/Users/shashankbr/MO-PCCO.R3-assignment-files/RTI_9.1_Testing_the_Hello_World_Exercise/node_modules/jest-circus/build/legacy-code-todo-rewrite/jestAdapterInit.js:122:21)\n    at jestAdapter (/Users/shashankbr/MO-PCCO.R3-assignment-files/RTI_9.1_Testing_the_Hello_World_Exercise/node_modules/jest-circus/build/legacy-code-todo-rewrite/jestAdapter.js:79:19)\n    at runTestInternal (/Users/shashankbr/MO-PCCO.R3-assignment-files/RTI_9.1_Testing_the_Hello_World_Exercise/node_modules/jest-runner/build/runTest.js:367:16)\n    at runTest (/Users/shashankbr/MO-PCCO.R3-assignment-files/RTI_9.1_Testing_the_Hello_World_Exercise/node_modules/jest-runner/build/runTest.js:444:34)"],"fullName":"String Utilities The function 'reverse' should reverse a string","invocations":1,"location":null,"numPassingAsserts":0,"retryReasons":[],"status":"failed","title":"The function 'reverse' should reverse a string"},{"ancestorTitles":["String Utilities"],"duration":0,"failureDetails":[{}],"failureMessages":["Error: Error in test 2\n    at Object.<anonymous> (/Users/shashankbr/MO-PCCO.R3-assignment-files/RTI_9.1_Testing_the_Hello_World_Exercise/string-utils.test.js:23:11)\n    at Promise.then.completed (/Users/shashankbr/MO-PCCO.R3-assignment-files/RTI_9.1_Testing_the_Hello_World_Exercise/node_modules/jest-circus/build/utils.js:298:28)\n    at new Promise (<anonymous>)\n    at callAsyncCircusFn (/Users/shashankbr/MO-PCCO.R3-assignment-files/RTI_9.1_Testing_the_Hello_World_Exercise/node_modules/jest-circus/build/utils.js:231:10)\n    at _callCircusTest (/Users/shashankbr/MO-PCCO.R3-assignment-files/RTI_9.1_Testing_the_Hello_World_Exercise/node_modules/jest-circus/build/run.js:316:40)\n    at processTicksAndRejections (node:internal/process/task_queues:95:5)\n    at _runTest (/Users/shashankbr/MO-PCCO.R3-assignment-files/RTI_9.1_Testing_the_Hello_World_Exercise/node_modules/jest-circus/build/run.js:252:3)\n    at _runTestsForDescribeBlock (/Users/shashankbr/MO-PCCO.R3-assignment-files/RTI_9.1_Testing_the_Hello_World_Exercise/node_modules/jest-circus/build/run.js:126:9)\n    at _runTestsForDescribeBlock (/Users/shashankbr/MO-PCCO.R3-assignment-files/RTI_9.1_Testing_the_Hello_World_Exercise/node_modules/jest-circus/build/run.js:121:9)\n    at run (/Users/shashankbr/MO-PCCO.R3-assignment-files/RTI_9.1_Testing_the_Hello_World_Exercise/node_modules/jest-circus/build/run.js:71:3)\n    at runAndTransformResultsToJestFormat (/Users/shashankbr/MO-PCCO.R3-assignment-files/RTI_9.1_Testing_the_Hello_World_Exercise/node_modules/jest-circus/build/legacy-code-todo-rewrite/jestAdapterInit.js:122:21)\n    at jestAdapter (/Users/shashankbr/MO-PCCO.R3-assignment-files/RTI_9.1_Testing_the_Hello_World_Exercise/node_modules/jest-circus/build/legacy-code-todo-rewrite/jestAdapter.js:79:19)\n    at runTestInternal (/Users/shashankbr/MO-PCCO.R3-assignment-files/RTI_9.1_Testing_the_Hello_World_Exercise/node_modules/jest-runner/build/runTest.js:367:16)\n    at runTest (/Users/shashankbr/MO-PCCO.R3-assignment-files/RTI_9.1_Testing_the_Hello_World_Exercise/node_modules/jest-runner/build/runTest.js:444:34)"],"fullName":"String Utilities The function 'isPalindrome' should check for palindromes correctly","invocations":1,"location":null,"numPassingAsserts":0,"retryReasons":[],"status":"failed","title":"The function 'isPalindrome' should check for palindromes correctly"},{"ancestorTitles":["String Utilities"],"duration":1,"failureDetails":[{}],"failureMessages":["Error: Error in test 3\n    at Object.<anonymous> (/Users/shashankbr/MO-PCCO.R3-assignment-files/RTI_9.1_Testing_the_Hello_World_Exercise/string-utils.test.js:31:11)\n    at Promise.then.completed (/Users/shashankbr/MO-PCCO.R3-assignment-files/RTI_9.1_Testing_the_Hello_World_Exercise/node_modules/jest-circus/build/utils.js:298:28)\n    at new Promise (<anonymous>)\n    at callAsyncCircusFn (/Users/shashankbr/MO-PCCO.R3-assignment-files/RTI_9.1_Testing_the_Hello_World_Exercise/node_modules/jest-circus/build/utils.js:231:10)\n    at _callCircusTest (/Users/shashankbr/MO-PCCO.R3-assignment-files/RTI_9.1_Testing_the_Hello_World_Exercise/node_modules/jest-circus/build/run.js:316:40)\n    at processTicksAndRejections (node:internal/process/task_queues:95:5)\n    at _runTest (/Users/shashankbr/MO-PCCO.R3-assignment-files/RTI_9.1_Testing_the_Hello_World_Exercise/node_modules/jest-circus/build/run.js:252:3)\n    at _runTestsForDescribeBlock (/Users/shashankbr/MO-PCCO.R3-assignment-files/RTI_9.1_Testing_the_Hello_World_Exercise/node_modules/jest-circus/build/run.js:126:9)\n    at _runTestsForDescribeBlock (/Users/shashankbr/MO-PCCO.R3-assignment-files/RTI_9.1_Testing_the_Hello_World_Exercise/node_modules/jest-circus/build/run.js:121:9)\n    at run (/Users/shashankbr/MO-PCCO.R3-assignment-files/RTI_9.1_Testing_the_Hello_World_Exercise/node_modules/jest-circus/build/run.js:71:3)\n    at runAndTransformResultsToJestFormat (/Users/shashankbr/MO-PCCO.R3-assignment-files/RTI_9.1_Testing_the_Hello_World_Exercise/node_modules/jest-circus/build/legacy-code-todo-rewrite/jestAdapterInit.js:122:21)\n    at jestAdapter (/Users/shashankbr/MO-PCCO.R3-assignment-files/RTI_9.1_Testing_the_Hello_World_Exercise/node_modules/jest-circus/build/legacy-code-todo-rewrite/jestAdapter.js:79:19)\n    at runTestInternal (/Users/shashankbr/MO-PCCO.R3-assignment-files/RTI_9.1_Testing_the_Hello_World_Exercise/node_modules/jest-runner/build/runTest.js:367:16)\n    at runTest (/Users/shashankbr/MO-PCCO.R3-assignment-files/RTI_9.1_Testing_the_Hello_World_Exercise/node_modules/jest-runner/build/runTest.js:444:34)"],"fullName":"String Utilities The function 'toTitleCase' should capitalize the right words","invocations":1,"location":null,"numPassingAsserts":0,"retryReasons":[],"status":"failed","title":"The function 'toTitleCase' should capitalize the right words"},{"ancestorTitles":["String Utilities"],"duration":0,"failureDetails":[{}],"failureMessages":["Error: Error in test 4\n    at Object.<anonymous> (/Users/shashankbr/MO-PCCO.R3-assignment-files/RTI_9.1_Testing_the_Hello_World_Exercise/string-utils.test.js:39:11)\n    at Promise.then.completed (/Users/shashankbr/MO-PCCO.R3-assignment-files/RTI_9.1_Testing_the_Hello_World_Exercise/node_modules/jest-circus/build/utils.js:298:28)\n    at new Promise (<anonymous>)\n    at callAsyncCircusFn (/Users/shashankbr/MO-PCCO.R3-assignment-files/RTI_9.1_Testing_the_Hello_World_Exercise/node_modules/jest-circus/build/utils.js:231:10)\n    at _callCircusTest (/Users/shashankbr/MO-PCCO.R3-assignment-files/RTI_9.1_Testing_the_Hello_World_Exercise/node_modules/jest-circus/build/run.js:316:40)\n    at processTicksAndRejections (node:internal/process/task_queues:95:5)\n    at _runTest (/Users/shashankbr/MO-PCCO.R3-assignment-files/RTI_9.1_Testing_the_Hello_World_Exercise/node_modules/jest-circus/build/run.js:252:3)\n    at _runTestsForDescribeBlock (/Users/shashankbr/MO-PCCO.R3-assignment-files/RTI_9.1_Testing_the_Hello_World_Exercise/node_modules/jest-circus/build/run.js:126:9)\n    at _runTestsForDescribeBlock (/Users/shashankbr/MO-PCCO.R3-assignment-files/RTI_9.1_Testing_the_Hello_World_Exercise/node_modules/jest-circus/build/run.js:121:9)\n    at run (/Users/shashankbr/MO-PCCO.R3-assignment-files/RTI_9.1_Testing_the_Hello_World_Exercise/node_modules/jest-circus/build/run.js:71:3)\n    at runAndTransformResultsToJestFormat (/Users/shashankbr/MO-PCCO.R3-assignment-files/RTI_9.1_Testing_the_Hello_World_Exercise/node_modules/jest-circus/build/legacy-code-todo-rewrite/jestAdapterInit.js:122:21)\n    at jestAdapter (/Users/shashankbr/MO-PCCO.R3-assignment-files/RTI_9.1_Testing_the_Hello_World_Exercise/node_modules/jest-circus/build/legacy-code-todo-rewrite/jestAdapter.js:79:19)\n    at runTestInternal (/Users/shashankbr/MO-PCCO.R3-assignment-files/RTI_9.1_Testing_the_Hello_World_Exercise/node_modules/jest-runner/build/runTest.js:367:16)\n    at runTest (/Users/shashankbr/MO-PCCO.R3-assignment-files/RTI_9.1_Testing_the_Hello_World_Exercise/node_modules/jest-runner/build/runTest.js:444:34)"],"fullName":"String Utilities The function 'capitalizeWords' should capitalize all words","invocations":1,"location":null,"numPassingAsserts":0,"retryReasons":[],"status":"failed","title":"The function 'capitalizeWords' should capitalize all words"}],"endTime":1704707282706,"message":"  ● String Utilities › The function 'reverse' should reverse a string\n\n    Error in test 1\n\n      13 |     // 3. The function should reverse the string 'a' to 'a'.\n      14 |     // 4. The function should reverse the string '123' to '321'.\n    > 15 |     throw new Error(\"Error in test 1\"); // Remove this line when you've written your test case.\n         |           ^\n      16 |   });\n      17 |   test(\"The function 'isPalindrome' should check for palindromes correctly\", () => {\n      18 |     // Write a test case for the isPalindrome function that checks the following:\n\n      at Object.<anonymous> (string-utils.test.js:15:11)\n\n  ● String Utilities › The function 'isPalindrome' should check for palindromes correctly\n\n    Error in test 2\n\n      21 |     // 3. The function should return true for the string 'madam'.\n      22 |     // 4. The function should return false for the string '123'.\n    > 23 |     throw new Error(\"Error in test 2\"); // Remove this line when you've written your test case.\n         |           ^\n      24 |   });\n      25 |   test(\"The function 'toTitleCase' should capitalize the right words\", () => {\n      26 |     // Write a test case for the toTitleCase function that checks the following:\n\n      at Object.<anonymous> (string-utils.test.js:23:11)\n\n  ● String Utilities › The function 'toTitleCase' should capitalize the right words\n\n    Error in test 3\n\n      29 |     // 3. The function should convert the string 'a' to 'A'.\n      30 |     // 4. The function should convert the string '123' to '123'.\n    > 31 |     throw new Error(\"Error in test 3\"); // Remove this line when you've written your test case.\n         |           ^\n      32 |   });\n      33 |   test(\"The function 'capitalizeWords' should capitalize all words\", () => {\n      34 |     // Write a test case for the capitalizeWords function that checks the following:\n\n      at Object.<anonymous> (string-utils.test.js:31:11)\n\n  ● String Utilities › The function 'capitalizeWords' should capitalize all words\n\n    Error in test 4\n\n      37 |     // 3. The function should convert the string 'x' to 'X'.\n      38 |     // 4. The function should convert the string '234' to '234'.\n    > 39 |     throw new Error(\"Error in test 4\"); // Remove this line when you've written your test case.\n         |           ^\n      40 |   });\n      41 | });\n      42 |\n\n      at Object.<anonymous> (string-utils.test.js:39:11)\n","name":"/Users/shashankbr/MO-PCCO.R3-assignment-files/RTI_9.1_Testing_the_Hello_World_Exercise/string-utils.test.js","startTime":1704707282501,"status":"failed","summary":""}],"wasInterrupted":false}
