<?xml version="1.0" encoding="UTF-8"?>
<coverage generated="1707374574737" clover="3.2.0">
  <project timestamp="1707374574737" name="All files">
    <metrics statements="21" coveredstatements="12" conditionals="0" coveredconditionals="0" methods="12" coveredmethods="7" elements="33" coveredelements="19" complexity="0" loc="21" ncloc="21" packages="1" files="4" classes="4"/>
    <file name="App.js" path="/Users/shashankbr/MO-PCCO.R3-assignment-files/RA_12.3/task-02/src/App.js">
      <metrics statements="1" coveredstatements="0" conditionals="0" coveredconditionals="0" methods="1" coveredmethods="0"/>
      <line num="6" count="0" type="stmt"/>
    </file>
    <file name="Grid.js" path="/Users/shashankbr/MO-PCCO.R3-assignment-files/RA_12.3/task-02/src/Grid.js">
      <metrics statements="8" coveredstatements="0" conditionals="0" coveredconditionals="0" methods="4" coveredmethods="0"/>
      <line num="5" count="0" type="stmt"/>
      <line num="6" count="0" type="stmt"/>
      <line num="8" count="0" type="stmt"/>
      <line num="9" count="0" type="stmt"/>
      <line num="13" count="0" type="stmt"/>
      <line num="16" count="0" type="stmt"/>
      <line num="20" count="0" type="stmt"/>
      <line num="23" count="0" type="stmt"/>
    </file>
    <file name="Grid.solution.js" path="/Users/shashankbr/MO-PCCO.R3-assignment-files/RA_12.3/task-02/src/Grid.solution.js">
      <metrics statements="10" coveredstatements="10" conditionals="0" coveredconditionals="0" methods="6" coveredmethods="6"/>
      <line num="5" count="1" type="stmt"/>
      <line num="6" count="8" type="stmt"/>
      <line num="8" count="8" type="stmt"/>
      <line num="9" count="4" type="stmt"/>
      <line num="13" count="4" type="stmt"/>
      <line num="16" count="8" type="stmt"/>
      <line num="17" count="4" type="stmt"/>
      <line num="20" count="8" type="stmt"/>
      <line num="23" count="9" type="stmt"/>
      <line num="27" count="2" type="stmt"/>
    </file>
    <file name="Square.js" path="/Users/shashankbr/MO-PCCO.R3-assignment-files/RA_12.3/task-02/src/Square.js">
      <metrics statements="2" coveredstatements="2" conditionals="0" coveredconditionals="0" methods="1" coveredmethods="1"/>
      <line num="4" count="1" type="stmt"/>
      <line num="5" count="9" type="stmt"/>
    </file>
  </project>
</coverage>
