{"/Users/shashankbr/MO-PCCO.R3-assignment-files/RA_12.3/task-02/src/App.js": {"path":"/Users/shashankbr/MO-PCCO.R3-assignment-files/RA_12.3/task-02/src/App.js","statementMap":{"0":{"start":{"line":6,"column":1},"end":{"line":11,"column":3}}},"fnMap":{"0":{"name":"App","decl":{"start":{"line":5,"column":9},"end":{"line":5,"column":12}},"loc":{"start":{"line":5,"column":15},"end":{"line":12,"column":1}},"line":5}},"branchMap":{},"s":{"0":0},"f":{"0":0},"b":{}}
,"/Users/shashankbr/MO-PCCO.R3-assignment-files/RA_12.3/task-02/src/Grid.js": {"path":"/Users/shashankbr/MO-PCCO.R3-assignment-files/RA_12.3/task-02/src/Grid.js","statementMap":{"0":{"start":{"line":5,"column":13},"end":{"line":35,"column":1}},"1":{"start":{"line":6,"column":31},"end":{"line":6,"column":43}},"2":{"start":{"line":8,"column":19},"end":{"line":14,"column":2}},"3":{"start":{"line":9,"column":20},"end":{"line":12,"column":3}},"4":{"start":{"line":13,"column":2},"end":{"line":13,"column":38}},"5":{"start":{"line":16,"column":22},"end":{"line":18,"column":2}},"6":{"start":{"line":20,"column":1},"end":{"line":34,"column":3}},"7":{"start":{"line":23,"column":4},"end":{"line":28,"column":6}}},"fnMap":{"0":{"name":"(anonymous_0)","decl":{"start":{"line":5,"column":13},"end":{"line":5,"column":14}},"loc":{"start":{"line":5,"column":19},"end":{"line":35,"column":1}},"line":5},"1":{"name":"(anonymous_1)","decl":{"start":{"line":8,"column":19},"end":{"line":8,"column":20}},"loc":{"start":{"line":8,"column":25},"end":{"line":14,"column":2}},"line":8},"2":{"name":"(anonymous_2)","decl":{"start":{"line":16,"column":22},"end":{"line":16,"column":23}},"loc":{"start":{"line":16,"column":30},"end":{"line":18,"column":2}},"line":16},"3":{"name":"(anonymous_3)","decl":{"start":{"line":22,"column":16},"end":{"line":22,"column":17}},"loc":{"start":{"line":23,"column":4},"end":{"line":28,"column":6}},"line":23}},"branchMap":{},"s":{"0":0,"1":0,"2":0,"3":0,"4":0,"5":0,"6":0,"7":0},"f":{"0":0,"1":0,"2":0,"3":0},"b":{}}
,"/Users/shashankbr/MO-PCCO.R3-assignment-files/RA_12.3/task-02/src/Grid.solution.js": {"path":"/Users/shashankbr/MO-PCCO.R3-assignment-files/RA_12.3/task-02/src/Grid.solution.js","statementMap":{"0":{"start":{"line":5,"column":13},"end":{"line":35,"column":1}},"1":{"start":{"line":6,"column":31},"end":{"line":6,"column":43}},"2":{"start":{"line":8,"column":19},"end":{"line":14,"column":2}},"3":{"start":{"line":9,"column":20},"end":{"line":12,"column":3}},"4":{"start":{"line":13,"column":2},"end":{"line":13,"column":38}},"5":{"start":{"line":16,"column":22},"end":{"line":18,"column":2}},"6":{"start":{"line":17,"column":2},"end":{"line":17,"column":59}},"7":{"start":{"line":17,"column":40},"end":{"line":17,"column":56}},"8":{"start":{"line":20,"column":1},"end":{"line":34,"column":3}},"9":{"start":{"line":23,"column":4},"end":{"line":28,"column":6}},"10":{"start":{"line":27,"column":21},"end":{"line":27,"column":44}}},"fnMap":{"0":{"name":"(anonymous_0)","decl":{"start":{"line":5,"column":13},"end":{"line":5,"column":14}},"loc":{"start":{"line":5,"column":19},"end":{"line":35,"column":1}},"line":5},"1":{"name":"(anonymous_1)","decl":{"start":{"line":8,"column":19},"end":{"line":8,"column":20}},"loc":{"start":{"line":8,"column":25},"end":{"line":14,"column":2}},"line":8},"2":{"name":"(anonymous_2)","decl":{"start":{"line":16,"column":22},"end":{"line":16,"column":23}},"loc":{"start":{"line":16,"column":30},"end":{"line":18,"column":2}},"line":16},"3":{"name":"(anonymous_3)","decl":{"start":{"line":17,"column":28},"end":{"line":17,"column":29}},"loc":{"start":{"line":17,"column":40},"end":{"line":17,"column":56}},"line":17},"4":{"name":"(anonymous_4)","decl":{"start":{"line":22,"column":16},"end":{"line":22,"column":17}},"loc":{"start":{"line":23,"column":4},"end":{"line":28,"column":6}},"line":23},"5":{"name":"(anonymous_5)","decl":{"start":{"line":27,"column":15},"end":{"line":27,"column":16}},"loc":{"start":{"line":27,"column":21},"end":{"line":27,"column":44}},"line":27}},"branchMap":{},"s":{"0":1,"1":8,"2":8,"3":4,"4":4,"5":8,"6":2,"7":4,"8":8,"9":9,"10":2},"f":{"0":8,"1":4,"2":2,"3":4,"4":9,"5":2},"b":{},"_coverageSchema":"1a1c01bbd47fc00a2c39e90264f33305004495a9","hash":"a828045a5ab1dcad809e12c64fa29bf3b6478556"}
,"/Users/shashankbr/MO-PCCO.R3-assignment-files/RA_12.3/task-02/src/Square.js": {"path":"/Users/shashankbr/MO-PCCO.R3-assignment-files/RA_12.3/task-02/src/Square.js","statementMap":{"0":{"start":{"line":4,"column":15},"end":{"line":13,"column":1}},"1":{"start":{"line":5,"column":1},"end":{"line":12,"column":3}}},"fnMap":{"0":{"name":"(anonymous_0)","decl":{"start":{"line":4,"column":15},"end":{"line":4,"column":16}},"loc":{"start":{"line":4,"column":54},"end":{"line":13,"column":1}},"line":4}},"branchMap":{},"s":{"0":1,"1":9},"f":{"0":9},"b":{},"_coverageSchema":"1a1c01bbd47fc00a2c39e90264f33305004495a9","hash":"05aeb7bed8471a2dba15d790632213c993e99027"}
}
