<?xml version="1.0" encoding="UTF-8"?>
<coverage generated="1707555628260" clover="3.2.0">
  <project timestamp="1707555628260" name="All files">
    <metrics statements="32" coveredstatements="20" conditionals="10" coveredconditionals="2" methods="20" coveredmethods="13" elements="62" coveredelements="35" complexity="0" loc="32" ncloc="32" packages="1" files="6" classes="6"/>
    <file name="App.js" path="/Users/shashankbr/MO-PCCO.R3-assignment-files/RA_12.5/task-02/src/App.js">
      <metrics statements="10" coveredstatements="0" conditionals="4" coveredconditionals="0" methods="5" coveredmethods="0"/>
      <line num="7" count="0" type="stmt"/>
      <line num="9" count="0" type="stmt"/>
      <line num="10" count="0" type="stmt"/>
      <line num="11" count="0" type="cond" truecount="0" falsecount="2"/>
      <line num="12" count="0" type="stmt"/>
      <line num="14" count="0" type="cond" truecount="0" falsecount="2"/>
      <line num="18" count="0" type="stmt"/>
      <line num="22" count="0" type="stmt"/>
      <line num="23" count="0" type="stmt"/>
      <line num="26" count="0" type="stmt"/>
    </file>
    <file name="App.solution.js" path="/Users/shashankbr/MO-PCCO.R3-assignment-files/RA_12.5/task-02/src/App.solution.js">
      <metrics statements="11" coveredstatements="9" conditionals="6" coveredconditionals="2" methods="6" coveredmethods="4"/>
      <line num="7" count="9" type="stmt"/>
      <line num="9" count="9" type="stmt"/>
      <line num="10" count="2" type="stmt"/>
      <line num="11" count="2" type="cond" truecount="1" falsecount="1"/>
      <line num="12" count="0" type="stmt"/>
      <line num="14" count="0" type="cond" truecount="0" falsecount="2"/>
      <line num="18" count="2" type="stmt"/>
      <line num="22" count="9" type="stmt"/>
      <line num="23" count="5" type="stmt"/>
      <line num="25" count="5" type="cond" truecount="1" falsecount="1"/>
      <line num="30" count="9" type="stmt"/>
    </file>
    <file name="Cart.js" path="/Users/shashankbr/MO-PCCO.R3-assignment-files/RA_12.5/task-02/src/Cart.js">
      <metrics statements="2" coveredstatements="2" conditionals="0" coveredconditionals="0" methods="2" coveredmethods="2"/>
      <line num="6" count="9" type="stmt"/>
      <line num="10" count="7" type="stmt"/>
    </file>
    <file name="CartItem.js" path="/Users/shashankbr/MO-PCCO.R3-assignment-files/RA_12.5/task-02/src/CartItem.js">
      <metrics statements="4" coveredstatements="4" conditionals="0" coveredconditionals="0" methods="3" coveredmethods="3"/>
      <line num="5" count="7" type="stmt"/>
      <line num="7" count="7" type="stmt"/>
      <line num="15" count="1" type="stmt"/>
      <line num="20" count="4" type="stmt"/>
    </file>
    <file name="Item.js" path="/Users/shashankbr/MO-PCCO.R3-assignment-files/RA_12.5/task-02/src/Item.js">
      <metrics statements="2" coveredstatements="2" conditionals="0" coveredconditionals="0" methods="2" coveredmethods="2"/>
      <line num="5" count="36" type="stmt"/>
      <line num="9" count="2" type="stmt"/>
    </file>
    <file name="ItemList.js" path="/Users/shashankbr/MO-PCCO.R3-assignment-files/RA_12.5/task-02/src/ItemList.js">
      <metrics statements="3" coveredstatements="3" conditionals="0" coveredconditionals="0" methods="2" coveredmethods="2"/>
      <line num="6" count="9" type="stmt"/>
      <line num="13" count="9" type="stmt"/>
      <line num="16" count="36" type="stmt"/>
    </file>
  </project>
</coverage>
