{"/Users/shashankbr/MO-PCCO.R3-assignment-files/RA_12.5/task-02/src/App.js": {"path":"/Users/shashankbr/MO-PCCO.R3-assignment-files/RA_12.5/task-02/src/App.js","statementMap":{"0":{"start":{"line":7,"column":35},"end":{"line":7,"column":47}},"1":{"start":{"line":9,"column":23},"end":{"line":20,"column":2}},"2":{"start":{"line":10,"column":16},"end":{"line":10,"column":55}},"3":{"start":{"line":10,"column":38},"end":{"line":10,"column":54}},"4":{"start":{"line":11,"column":2},"end":{"line":19,"column":3}},"5":{"start":{"line":12,"column":3},"end":{"line":16,"column":5}},"6":{"start":{"line":14,"column":5},"end":{"line":14,"column":60}},"7":{"start":{"line":18,"column":3},"end":{"line":18,"column":53}},"8":{"start":{"line":22,"column":25},"end":{"line":24,"column":2}},"9":{"start":{"line":23,"column":2},"end":{"line":23,"column":9}},"10":{"start":{"line":26,"column":1},"end":{"line":34,"column":3}}},"fnMap":{"0":{"name":"App","decl":{"start":{"line":6,"column":9},"end":{"line":6,"column":12}},"loc":{"start":{"line":6,"column":15},"end":{"line":35,"column":1}},"line":6},"1":{"name":"(anonymous_1)","decl":{"start":{"line":9,"column":23},"end":{"line":9,"column":24}},"loc":{"start":{"line":9,"column":33},"end":{"line":20,"column":2}},"line":9},"2":{"name":"(anonymous_2)","decl":{"start":{"line":10,"column":31},"end":{"line":10,"column":32}},"loc":{"start":{"line":10,"column":38},"end":{"line":10,"column":54}},"line":10},"3":{"name":"(anonymous_3)","decl":{"start":{"line":13,"column":18},"end":{"line":13,"column":19}},"loc":{"start":{"line":14,"column":5},"end":{"line":14,"column":60}},"line":14},"4":{"name":"(anonymous_4)","decl":{"start":{"line":22,"column":25},"end":{"line":22,"column":26}},"loc":{"start":{"line":22,"column":42},"end":{"line":24,"column":2}},"line":22}},"branchMap":{"0":{"loc":{"start":{"line":11,"column":2},"end":{"line":19,"column":3}},"type":"if","locations":[{"start":{"line":11,"column":2},"end":{"line":19,"column":3}},{"start":{"line":17,"column":9},"end":{"line":19,"column":3}}],"line":11},"1":{"loc":{"start":{"line":14,"column":5},"end":{"line":14,"column":60}},"type":"cond-expr","locations":[{"start":{"line":14,"column":24},"end":{"line":14,"column":56}},{"start":{"line":14,"column":59},"end":{"line":14,"column":60}}],"line":14}},"s":{"0":0,"1":0,"2":0,"3":0,"4":0,"5":0,"6":0,"7":0,"8":0,"9":0,"10":0},"f":{"0":0,"1":0,"2":0,"3":0,"4":0},"b":{"0":[0,0],"1":[0,0]}}
,"/Users/shashankbr/MO-PCCO.R3-assignment-files/RA_12.5/task-02/src/App.solution.js": {"path":"/Users/shashankbr/MO-PCCO.R3-assignment-files/RA_12.5/task-02/src/App.solution.js","statementMap":{"0":{"start":{"line":7,"column":35},"end":{"line":7,"column":47}},"1":{"start":{"line":9,"column":23},"end":{"line":20,"column":2}},"2":{"start":{"line":10,"column":16},"end":{"line":10,"column":55}},"3":{"start":{"line":10,"column":38},"end":{"line":10,"column":54}},"4":{"start":{"line":11,"column":2},"end":{"line":19,"column":3}},"5":{"start":{"line":12,"column":3},"end":{"line":16,"column":5}},"6":{"start":{"line":14,"column":5},"end":{"line":14,"column":60}},"7":{"start":{"line":18,"column":3},"end":{"line":18,"column":53}},"8":{"start":{"line":22,"column":25},"end":{"line":28,"column":2}},"9":{"start":{"line":23,"column":2},"end":{"line":27,"column":4}},"10":{"start":{"line":25,"column":4},"end":{"line":25,"column":53}},"11":{"start":{"line":30,"column":1},"end":{"line":38,"column":3}}},"fnMap":{"0":{"name":"App","decl":{"start":{"line":6,"column":9},"end":{"line":6,"column":12}},"loc":{"start":{"line":6,"column":15},"end":{"line":39,"column":1}},"line":6},"1":{"name":"(anonymous_1)","decl":{"start":{"line":9,"column":23},"end":{"line":9,"column":24}},"loc":{"start":{"line":9,"column":33},"end":{"line":20,"column":2}},"line":9},"2":{"name":"(anonymous_2)","decl":{"start":{"line":10,"column":31},"end":{"line":10,"column":32}},"loc":{"start":{"line":10,"column":38},"end":{"line":10,"column":54}},"line":10},"3":{"name":"(anonymous_3)","decl":{"start":{"line":13,"column":18},"end":{"line":13,"column":19}},"loc":{"start":{"line":14,"column":5},"end":{"line":14,"column":60}},"line":14},"4":{"name":"(anonymous_4)","decl":{"start":{"line":22,"column":25},"end":{"line":22,"column":26}},"loc":{"start":{"line":22,"column":42},"end":{"line":28,"column":2}},"line":22},"5":{"name":"(anonymous_5)","decl":{"start":{"line":24,"column":17},"end":{"line":24,"column":18}},"loc":{"start":{"line":25,"column":4},"end":{"line":25,"column":53}},"line":25}},"branchMap":{"0":{"loc":{"start":{"line":11,"column":2},"end":{"line":19,"column":3}},"type":"if","locations":[{"start":{"line":11,"column":2},"end":{"line":19,"column":3}},{"start":{"line":17,"column":9},"end":{"line":19,"column":3}}],"line":11},"1":{"loc":{"start":{"line":14,"column":5},"end":{"line":14,"column":60}},"type":"cond-expr","locations":[{"start":{"line":14,"column":24},"end":{"line":14,"column":56}},{"start":{"line":14,"column":59},"end":{"line":14,"column":60}}],"line":14},"2":{"loc":{"start":{"line":25,"column":4},"end":{"line":25,"column":53}},"type":"cond-expr","locations":[{"start":{"line":25,"column":25},"end":{"line":25,"column":46}},{"start":{"line":25,"column":49},"end":{"line":25,"column":53}}],"line":25}},"s":{"0":9,"1":9,"2":2,"3":0,"4":2,"5":0,"6":0,"7":2,"8":9,"9":5,"10":5,"11":9},"f":{"0":9,"1":2,"2":0,"3":0,"4":5,"5":5},"b":{"0":[0,2],"1":[0,0],"2":[5,0]},"_coverageSchema":"1a1c01bbd47fc00a2c39e90264f33305004495a9","hash":"fb2a36ab7677d96b009b38f492837e072ce1f333"}
,"/Users/shashankbr/MO-PCCO.R3-assignment-files/RA_12.5/task-02/src/Cart.js": {"path":"/Users/shashankbr/MO-PCCO.R3-assignment-files/RA_12.5/task-02/src/Cart.js","statementMap":{"0":{"start":{"line":6,"column":1},"end":{"line":18,"column":3}},"1":{"start":{"line":10,"column":4},"end":{"line":15,"column":6}}},"fnMap":{"0":{"name":"Cart","decl":{"start":{"line":5,"column":9},"end":{"line":5,"column":13}},"loc":{"start":{"line":5,"column":66},"end":{"line":19,"column":1}},"line":5},"1":{"name":"(anonymous_1)","decl":{"start":{"line":9,"column":18},"end":{"line":9,"column":19}},"loc":{"start":{"line":10,"column":4},"end":{"line":15,"column":6}},"line":10}},"branchMap":{},"s":{"0":9,"1":7},"f":{"0":9,"1":7},"b":{},"_coverageSchema":"1a1c01bbd47fc00a2c39e90264f33305004495a9","hash":"64c19387885ac345c2450c3d6e9d4699b53a2360"}
,"/Users/shashankbr/MO-PCCO.R3-assignment-files/RA_12.5/task-02/src/CartItem.js": {"path":"/Users/shashankbr/MO-PCCO.R3-assignment-files/RA_12.5/task-02/src/CartItem.js","statementMap":{"0":{"start":{"line":5,"column":18},"end":{"line":5,"column":39}},"1":{"start":{"line":7,"column":1},"end":{"line":26,"column":3}},"2":{"start":{"line":15,"column":20},"end":{"line":15,"column":71}},"3":{"start":{"line":20,"column":27},"end":{"line":20,"column":65}}},"fnMap":{"0":{"name":"CartItem","decl":{"start":{"line":4,"column":9},"end":{"line":4,"column":17}},"loc":{"start":{"line":4,"column":45},"end":{"line":27,"column":1}},"line":4},"1":{"name":"(anonymous_1)","decl":{"start":{"line":15,"column":14},"end":{"line":15,"column":15}},"loc":{"start":{"line":15,"column":20},"end":{"line":15,"column":71}},"line":15},"2":{"name":"(anonymous_2)","decl":{"start":{"line":20,"column":21},"end":{"line":20,"column":22}},"loc":{"start":{"line":20,"column":27},"end":{"line":20,"column":65}},"line":20}},"branchMap":{},"s":{"0":7,"1":7,"2":1,"3":4},"f":{"0":7,"1":1,"2":4},"b":{},"_coverageSchema":"1a1c01bbd47fc00a2c39e90264f33305004495a9","hash":"47793bb09d174b06f30edd58bb5880d6a58f094b"}
,"/Users/shashankbr/MO-PCCO.R3-assignment-files/RA_12.5/task-02/src/Item.js": {"path":"/Users/shashankbr/MO-PCCO.R3-assignment-files/RA_12.5/task-02/src/Item.js","statementMap":{"0":{"start":{"line":5,"column":1},"end":{"line":11,"column":3}},"1":{"start":{"line":9,"column":26},"end":{"line":9,"column":45}}},"fnMap":{"0":{"name":"Item","decl":{"start":{"line":4,"column":9},"end":{"line":4,"column":13}},"loc":{"start":{"line":4,"column":39},"end":{"line":12,"column":1}},"line":4},"1":{"name":"(anonymous_1)","decl":{"start":{"line":9,"column":20},"end":{"line":9,"column":21}},"loc":{"start":{"line":9,"column":26},"end":{"line":9,"column":45}},"line":9}},"branchMap":{},"s":{"0":36,"1":2},"f":{"0":36,"1":2},"b":{},"_coverageSchema":"1a1c01bbd47fc00a2c39e90264f33305004495a9","hash":"35a875ca4780dac8f775d8104291821a01c99ff9"}
,"/Users/shashankbr/MO-PCCO.R3-assignment-files/RA_12.5/task-02/src/ItemList.js": {"path":"/Users/shashankbr/MO-PCCO.R3-assignment-files/RA_12.5/task-02/src/ItemList.js","statementMap":{"0":{"start":{"line":6,"column":15},"end":{"line":11,"column":2}},"1":{"start":{"line":13,"column":1},"end":{"line":19,"column":3}},"2":{"start":{"line":16,"column":4},"end":{"line":16,"column":68}}},"fnMap":{"0":{"name":"ItemList","decl":{"start":{"line":5,"column":9},"end":{"line":5,"column":17}},"loc":{"start":{"line":5,"column":37},"end":{"line":20,"column":1}},"line":5},"1":{"name":"(anonymous_1)","decl":{"start":{"line":15,"column":14},"end":{"line":15,"column":15}},"loc":{"start":{"line":16,"column":4},"end":{"line":16,"column":68}},"line":16}},"branchMap":{},"s":{"0":9,"1":9,"2":36},"f":{"0":9,"1":36},"b":{},"_coverageSchema":"1a1c01bbd47fc00a2c39e90264f33305004495a9","hash":"8ab9fc7e549266fc6b0b8b2468e10e9e5ff3020c"}
}
