TN:
SF:src/App.js
FN:6,App
FN:9,(anonymous_1)
FN:10,(anonymous_2)
FN:13,(anonymous_3)
FN:22,(anonymous_4)
FNF:5
FNH:0
FNDA:0,App
FNDA:0,(anonymous_1)
FNDA:0,(anonymous_2)
FNDA:0,(anonymous_3)
FNDA:0,(anonymous_4)
DA:7,0
DA:9,0
DA:10,0
DA:11,0
DA:12,0
DA:14,0
DA:18,0
DA:22,0
DA:23,0
DA:26,0
LF:10
LH:0
BRDA:11,0,0,0
BRDA:11,0,1,0
BRDA:14,1,0,0
BRDA:14,1,1,0
BRF:4
BRH:0
end_of_record
TN:
SF:src/App.solution.js
FN:6,App
FN:9,(anonymous_1)
FN:10,(anonymous_2)
FN:13,(anonymous_3)
FN:22,(anonymous_4)
FN:24,(anonymous_5)
FNF:6
FNH:4
FNDA:9,App
FNDA:2,(anonymous_1)
FNDA:0,(anonymous_2)
FNDA:0,(anonymous_3)
FNDA:5,(anonymous_4)
FNDA:5,(anonymous_5)
DA:7,9
DA:9,9
DA:10,2
DA:11,2
DA:12,0
DA:14,0
DA:18,2
DA:22,9
DA:23,5
DA:25,5
DA:30,9
LF:11
LH:9
BRDA:11,0,0,0
BRDA:11,0,1,2
BRDA:14,1,0,0
BRDA:14,1,1,0
BRDA:25,2,0,5
BRDA:25,2,1,0
BRF:6
BRH:2
end_of_record
TN:
SF:src/Cart.js
FN:5,Cart
FN:9,(anonymous_1)
FNF:2
FNH:2
FNDA:9,Cart
FNDA:7,(anonymous_1)
DA:6,9
DA:10,7
LF:2
LH:2
BRF:0
BRH:0
end_of_record
TN:
SF:src/CartItem.js
FN:4,CartItem
FN:15,(anonymous_1)
FN:20,(anonymous_2)
FNF:3
FNH:3
FNDA:7,CartItem
FNDA:1,(anonymous_1)
FNDA:4,(anonymous_2)
DA:5,7
DA:7,7
DA:15,1
DA:20,4
LF:4
LH:4
BRF:0
BRH:0
end_of_record
TN:
SF:src/Item.js
FN:4,Item
FN:9,(anonymous_1)
FNF:2
FNH:2
FNDA:36,Item
FNDA:2,(anonymous_1)
DA:5,36
DA:9,2
LF:2
LH:2
BRF:0
BRH:0
end_of_record
TN:
SF:src/ItemList.js
FN:5,ItemList
FN:15,(anonymous_1)
FNF:2
FNH:2
FNDA:9,ItemList
FNDA:36,(anonymous_1)
DA:6,9
DA:13,9
DA:16,36
LF:3
LH:3
BRF:0
BRH:0
end_of_record
