<?xml version="1.0" encoding="UTF-8"?>
<coverage generated="1710061761048" clover="3.2.0">
  <project timestamp="1710061761048" name="All files">
    <metrics statements="87" coveredstatements="20" conditionals="30" coveredconditionals="7" methods="33" coveredmethods="5" elements="150" coveredelements="32" complexity="0" loc="87" ncloc="87" packages="1" files="12" classes="12"/>
    <file name="App.js" path="/Users/shashankbr/MO-PCCO.R3-assignment-files/RA_16.5/task-01/src/App.js">
      <metrics statements="1" coveredstatements="0" conditionals="0" coveredconditionals="0" methods="1" coveredmethods="0"/>
      <line num="14" count="0" type="stmt"/>
    </file>
    <file name="alldata.js" path="/Users/shashankbr/MO-PCCO.R3-assignment-files/RA_16.5/task-01/src/alldata.js">
      <metrics statements="2" coveredstatements="0" conditionals="0" coveredconditionals="0" methods="1" coveredmethods="0"/>
      <line num="4" count="0" type="stmt"/>
      <line num="5" count="0" type="stmt"/>
    </file>
    <file name="balance.js" path="/Users/shashankbr/MO-PCCO.R3-assignment-files/RA_16.5/task-01/src/balance.js">
      <metrics statements="2" coveredstatements="0" conditionals="0" coveredconditionals="0" methods="1" coveredmethods="0"/>
      <line num="5" count="0" type="stmt"/>
      <line num="6" count="0" type="stmt"/>
    </file>
    <file name="card.js" path="/Users/shashankbr/MO-PCCO.R3-assignment-files/RA_16.5/task-01/src/card.js">
      <metrics statements="4" coveredstatements="0" conditionals="10" coveredconditionals="0" methods="2" coveredmethods="0"/>
      <line num="4" count="0" type="cond" truecount="0" falsecount="2"/>
      <line num="5" count="0" type="cond" truecount="0" falsecount="2"/>
      <line num="6" count="0" type="stmt"/>
      <line num="9" count="0" type="stmt"/>
    </file>
    <file name="context.js" path="/Users/shashankbr/MO-PCCO.R3-assignment-files/RA_16.5/task-01/src/context.js">
      <metrics statements="11" coveredstatements="2" conditionals="0" coveredconditionals="0" methods="4" coveredmethods="0"/>
      <line num="2" count="1" type="stmt"/>
      <line num="4" count="1" type="stmt"/>
      <line num="5" count="0" type="stmt"/>
      <line num="14" count="0" type="stmt"/>
      <line num="16" count="0" type="stmt"/>
      <line num="17" count="0" type="stmt"/>
      <line num="20" count="0" type="stmt"/>
      <line num="21" count="0" type="stmt"/>
      <line num="24" count="0" type="stmt"/>
      <line num="25" count="0" type="stmt"/>
      <line num="28" count="0" type="stmt"/>
    </file>
    <file name="createaccount.js" path="/Users/shashankbr/MO-PCCO.R3-assignment-files/RA_16.5/task-01/src/createaccount.js">
      <metrics statements="24" coveredstatements="0" conditionals="4" coveredconditionals="0" methods="8" coveredmethods="0"/>
      <line num="5" count="0" type="stmt"/>
      <line num="6" count="0" type="stmt"/>
      <line num="7" count="0" type="stmt"/>
      <line num="8" count="0" type="stmt"/>
      <line num="9" count="0" type="stmt"/>
      <line num="10" count="0" type="stmt"/>
      <line num="12" count="0" type="stmt"/>
      <line num="13" count="0" type="stmt"/>
      <line num="14" count="0" type="stmt"/>
      <line num="20" count="0" type="stmt"/>
      <line num="21" count="0" type="stmt"/>
      <line num="22" count="0" type="stmt"/>
      <line num="23" count="0" type="stmt"/>
      <line num="24" count="0" type="stmt"/>
      <line num="25" count="0" type="stmt"/>
      <line num="26" count="0" type="stmt"/>
      <line num="27" count="0" type="stmt"/>
      <line num="30" count="0" type="stmt"/>
      <line num="31" count="0" type="stmt"/>
      <line num="32" count="0" type="stmt"/>
      <line num="35" count="0" type="stmt"/>
      <line num="48" count="0" type="stmt"/>
      <line num="61" count="0" type="stmt"/>
      <line num="74" count="0" type="stmt"/>
    </file>
    <file name="deposit.js" path="/Users/shashankbr/MO-PCCO.R3-assignment-files/RA_16.5/task-01/src/deposit.js">
      <metrics statements="2" coveredstatements="0" conditionals="0" coveredconditionals="0" methods="1" coveredmethods="0"/>
      <line num="5" count="0" type="stmt"/>
      <line num="6" count="0" type="stmt"/>
    </file>
    <file name="home.js" path="/Users/shashankbr/MO-PCCO.R3-assignment-files/RA_16.5/task-01/src/home.js">
      <metrics statements="2" coveredstatements="0" conditionals="0" coveredconditionals="0" methods="1" coveredmethods="0"/>
      <line num="5" count="0" type="stmt"/>
      <line num="6" count="0" type="stmt"/>
    </file>
    <file name="login.js" path="/Users/shashankbr/MO-PCCO.R3-assignment-files/RA_16.5/task-01/src/login.js">
      <metrics statements="16" coveredstatements="0" conditionals="8" coveredconditionals="0" methods="6" coveredmethods="0"/>
      <line num="5" count="0" type="stmt"/>
      <line num="6" count="0" type="stmt"/>
      <line num="7" count="0" type="stmt"/>
      <line num="8" count="0" type="stmt"/>
      <line num="10" count="0" type="stmt"/>
      <line num="11" count="0" type="stmt"/>
      <line num="12" count="0" type="stmt"/>
      <line num="13" count="0" type="stmt"/>
      <line num="14" count="0" type="cond" truecount="0" falsecount="4"/>
      <line num="22" count="0" type="stmt"/>
      <line num="23" count="0" type="stmt"/>
      <line num="26" count="0" type="cond" truecount="0" falsecount="2"/>
      <line num="27" count="0" type="stmt"/>
      <line num="37" count="0" type="stmt"/>
      <line num="50" count="0" type="stmt"/>
      <line num="62" count="0" type="stmt"/>
    </file>
    <file name="login.solution.js" path="/Users/shashankbr/MO-PCCO.R3-assignment-files/RA_16.5/task-01/src/login.solution.js">
      <metrics statements="20" coveredstatements="18" conditionals="8" coveredconditionals="7" methods="6" coveredmethods="5"/>
      <line num="5" count="12" type="stmt"/>
      <line num="6" count="12" type="stmt"/>
      <line num="7" count="12" type="stmt"/>
      <line num="8" count="12" type="stmt"/>
      <line num="10" count="12" type="stmt"/>
      <line num="11" count="2" type="stmt"/>
      <line num="12" count="2" type="stmt"/>
      <line num="13" count="2" type="stmt"/>
      <line num="14" count="2" type="cond" truecount="4" falsecount="0"/>
      <line num="15" count="1" type="stmt"/>
      <line num="16" count="1" type="stmt"/>
      <line num="17" count="1" type="stmt"/>
      <line num="19" count="1" type="stmt"/>
      <line num="23" count="12" type="stmt"/>
      <line num="24" count="0" type="stmt"/>
      <line num="27" count="12" type="cond" truecount="1" falsecount="1"/>
      <line num="28" count="0" type="stmt"/>
      <line num="38" count="12" type="stmt"/>
      <line num="51" count="3" type="stmt"/>
      <line num="63" count="3" type="stmt"/>
    </file>
    <file name="navbar.js" path="/Users/shashankbr/MO-PCCO.R3-assignment-files/RA_16.5/task-01/src/navbar.js">
      <metrics statements="1" coveredstatements="0" conditionals="0" coveredconditionals="0" methods="1" coveredmethods="0"/>
      <line num="4" count="0" type="stmt"/>
    </file>
    <file name="withdraw.js" path="/Users/shashankbr/MO-PCCO.R3-assignment-files/RA_16.5/task-01/src/withdraw.js">
      <metrics statements="2" coveredstatements="0" conditionals="0" coveredconditionals="0" methods="1" coveredmethods="0"/>
      <line num="5" count="0" type="stmt"/>
      <line num="6" count="0" type="stmt"/>
    </file>
  </project>
</coverage>
