{"/Users/shashankbr/MO-PCCO.R3-assignment-files/RA_16.5/task-01/src/App.js": {"path":"/Users/shashankbr/MO-PCCO.R3-assignment-files/RA_16.5/task-01/src/App.js","statementMap":{"0":{"start":{"line":14,"column":1},"end":{"line":32,"column":3}}},"fnMap":{"0":{"name":"App","decl":{"start":{"line":13,"column":9},"end":{"line":13,"column":12}},"loc":{"start":{"line":13,"column":15},"end":{"line":33,"column":1}},"line":13}},"branchMap":{},"s":{"0":0},"f":{"0":0},"b":{}}
,"/Users/shashankbr/MO-PCCO.R3-assignment-files/RA_16.5/task-01/src/alldata.js": {"path":"/Users/shashankbr/MO-PCCO.R3-assignment-files/RA_16.5/task-01/src/alldata.js","statementMap":{"0":{"start":{"line":4,"column":13},"end":{"line":4,"column":36}},"1":{"start":{"line":5,"column":1},"end":{"line":13,"column":3}}},"fnMap":{"0":{"name":"AllData","decl":{"start":{"line":3,"column":9},"end":{"line":3,"column":16}},"loc":{"start":{"line":3,"column":19},"end":{"line":14,"column":1}},"line":3}},"branchMap":{},"s":{"0":0,"1":0},"f":{"0":0},"b":{}}
,"/Users/shashankbr/MO-PCCO.R3-assignment-files/RA_16.5/task-01/src/balance.js": {"path":"/Users/shashankbr/MO-PCCO.R3-assignment-files/RA_16.5/task-01/src/balance.js","statementMap":{"0":{"start":{"line":5,"column":13},"end":{"line":5,"column":36}},"1":{"start":{"line":6,"column":1},"end":{"line":6,"column":25}}},"fnMap":{"0":{"name":"Balance","decl":{"start":{"line":4,"column":9},"end":{"line":4,"column":16}},"loc":{"start":{"line":4,"column":19},"end":{"line":7,"column":1}},"line":4}},"branchMap":{},"s":{"0":0,"1":0},"f":{"0":0},"b":{}}
,"/Users/shashankbr/MO-PCCO.R3-assignment-files/RA_16.5/task-01/src/card.js": {"path":"/Users/shashankbr/MO-PCCO.R3-assignment-files/RA_16.5/task-01/src/card.js","statementMap":{"0":{"start":{"line":4,"column":13},"end":{"line":4,"column":57}},"1":{"start":{"line":5,"column":14},"end":{"line":5,"column":72}},"2":{"start":{"line":6,"column":2},"end":{"line":6,"column":33}},"3":{"start":{"line":9,"column":1},"end":{"line":19,"column":3}}},"fnMap":{"0":{"name":"Card","decl":{"start":{"line":2,"column":9},"end":{"line":2,"column":13}},"loc":{"start":{"line":2,"column":21},"end":{"line":20,"column":1}},"line":2},"1":{"name":"classes","decl":{"start":{"line":3,"column":10},"end":{"line":3,"column":17}},"loc":{"start":{"line":3,"column":20},"end":{"line":7,"column":2}},"line":3}},"branchMap":{"0":{"loc":{"start":{"line":4,"column":13},"end":{"line":4,"column":57}},"type":"cond-expr","locations":[{"start":{"line":4,"column":29},"end":{"line":4,"column":51}},{"start":{"line":4,"column":54},"end":{"line":4,"column":57}}],"line":4},"1":{"loc":{"start":{"line":5,"column":14},"end":{"line":5,"column":72}},"type":"cond-expr","locations":[{"start":{"line":5,"column":31},"end":{"line":5,"column":56}},{"start":{"line":5,"column":59},"end":{"line":5,"column":72}}],"line":5},"2":{"loc":{"start":{"line":13,"column":5},"end":{"line":13,"column":65}},"type":"binary-expr","locations":[{"start":{"line":13,"column":5},"end":{"line":13,"column":16}},{"start":{"line":13,"column":20},"end":{"line":13,"column":65}}],"line":13},"3":{"loc":{"start":{"line":14,"column":5},"end":{"line":14,"column":60}},"type":"binary-expr","locations":[{"start":{"line":14,"column":5},"end":{"line":14,"column":15}},{"start":{"line":14,"column":19},"end":{"line":14,"column":60}}],"line":14},"4":{"loc":{"start":{"line":16,"column":5},"end":{"line":16,"column":64}},"type":"binary-expr","locations":[{"start":{"line":16,"column":5},"end":{"line":16,"column":17}},{"start":{"line":16,"column":21},"end":{"line":16,"column":64}}],"line":16}},"s":{"0":0,"1":0,"2":0,"3":0},"f":{"0":0,"1":0},"b":{"0":[0,0],"1":[0,0],"2":[0,0],"3":[0,0],"4":[0,0]}}
,"/Users/shashankbr/MO-PCCO.R3-assignment-files/RA_16.5/task-01/src/context.js": {"path":"/Users/shashankbr/MO-PCCO.R3-assignment-files/RA_16.5/task-01/src/context.js","statementMap":{"0":{"start":{"line":2,"column":27},"end":{"line":2,"column":42}},"1":{"start":{"line":4,"column":28},"end":{"line":41,"column":1}},"2":{"start":{"line":5,"column":27},"end":{"line":12,"column":3}},"3":{"start":{"line":14,"column":25},"end":{"line":14,"column":39}},"4":{"start":{"line":16,"column":15},"end":{"line":18,"column":2}},"5":{"start":{"line":17,"column":2},"end":{"line":17,"column":20}},"6":{"start":{"line":20,"column":16},"end":{"line":22,"column":2}},"7":{"start":{"line":21,"column":2},"end":{"line":21,"column":16}},"8":{"start":{"line":24,"column":20},"end":{"line":26,"column":2}},"9":{"start":{"line":25,"column":2},"end":{"line":25,"column":56}},"10":{"start":{"line":28,"column":1},"end":{"line":40,"column":3}}},"fnMap":{"0":{"name":"(anonymous_0)","decl":{"start":{"line":4,"column":28},"end":{"line":4,"column":29}},"loc":{"start":{"line":4,"column":46},"end":{"line":41,"column":1}},"line":4},"1":{"name":"(anonymous_1)","decl":{"start":{"line":16,"column":15},"end":{"line":16,"column":16}},"loc":{"start":{"line":16,"column":29},"end":{"line":18,"column":2}},"line":16},"2":{"name":"(anonymous_2)","decl":{"start":{"line":20,"column":16},"end":{"line":20,"column":17}},"loc":{"start":{"line":20,"column":22},"end":{"line":22,"column":2}},"line":20},"3":{"name":"(anonymous_3)","decl":{"start":{"line":24,"column":20},"end":{"line":24,"column":21}},"loc":{"start":{"line":24,"column":36},"end":{"line":26,"column":2}},"line":24}},"branchMap":{},"s":{"0":1,"1":1,"2":0,"3":0,"4":0,"5":0,"6":0,"7":0,"8":0,"9":0,"10":0},"f":{"0":0,"1":0,"2":0,"3":0},"b":{},"_coverageSchema":"1a1c01bbd47fc00a2c39e90264f33305004495a9","hash":"267422fe7767ed06f6e225fb97cc10e1e39a438e"}
,"/Users/shashankbr/MO-PCCO.R3-assignment-files/RA_16.5/task-01/src/createaccount.js": {"path":"/Users/shashankbr/MO-PCCO.R3-assignment-files/RA_16.5/task-01/src/createaccount.js","statementMap":{"0":{"start":{"line":5,"column":24},"end":{"line":5,"column":47}},"1":{"start":{"line":6,"column":25},"end":{"line":6,"column":37}},"2":{"start":{"line":7,"column":27},"end":{"line":7,"column":39}},"3":{"start":{"line":8,"column":33},"end":{"line":8,"column":45}},"4":{"start":{"line":9,"column":39},"end":{"line":9,"column":54}},"5":{"start":{"line":10,"column":33},"end":{"line":10,"column":47}},"6":{"start":{"line":12,"column":22},"end":{"line":18,"column":2}},"7":{"start":{"line":13,"column":26},"end":{"line":13,"column":34}},"8":{"start":{"line":14,"column":2},"end":{"line":17,"column":6}},"9":{"start":{"line":14,"column":30},"end":{"line":17,"column":3}},"10":{"start":{"line":20,"column":22},"end":{"line":28,"column":2}},"11":{"start":{"line":21,"column":2},"end":{"line":21,"column":21}},"12":{"start":{"line":22,"column":2},"end":{"line":22,"column":40}},"13":{"start":{"line":23,"column":2},"end":{"line":23,"column":14}},"14":{"start":{"line":24,"column":2},"end":{"line":24,"column":15}},"15":{"start":{"line":25,"column":2},"end":{"line":25,"column":18}},"16":{"start":{"line":26,"column":2},"end":{"line":26,"column":23}},"17":{"start":{"line":27,"column":2},"end":{"line":27,"column":21}},"18":{"start":{"line":30,"column":29},"end":{"line":33,"column":2}},"19":{"start":{"line":31,"column":2},"end":{"line":31,"column":20}},"20":{"start":{"line":32,"column":2},"end":{"line":32,"column":24}},"21":{"start":{"line":35,"column":1},"end":{"line":92,"column":3}},"22":{"start":{"line":48,"column":24},"end":{"line":48,"column":47}},"23":{"start":{"line":61,"column":24},"end":{"line":61,"column":48}},"24":{"start":{"line":74,"column":24},"end":{"line":74,"column":51}}},"fnMap":{"0":{"name":"CreateAccount","decl":{"start":{"line":4,"column":9},"end":{"line":4,"column":22}},"loc":{"start":{"line":4,"column":25},"end":{"line":93,"column":1}},"line":4},"1":{"name":"(anonymous_1)","decl":{"start":{"line":12,"column":22},"end":{"line":12,"column":23}},"loc":{"start":{"line":12,"column":29},"end":{"line":18,"column":2}},"line":12},"2":{"name":"(anonymous_2)","decl":{"start":{"line":14,"column":14},"end":{"line":14,"column":15}},"loc":{"start":{"line":14,"column":30},"end":{"line":17,"column":3}},"line":14},"3":{"name":"(anonymous_3)","decl":{"start":{"line":20,"column":22},"end":{"line":20,"column":23}},"loc":{"start":{"line":20,"column":29},"end":{"line":28,"column":2}},"line":20},"4":{"name":"(anonymous_4)","decl":{"start":{"line":30,"column":29},"end":{"line":30,"column":30}},"loc":{"start":{"line":30,"column":35},"end":{"line":33,"column":2}},"line":30},"5":{"name":"(anonymous_5)","decl":{"start":{"line":48,"column":17},"end":{"line":48,"column":18}},"loc":{"start":{"line":48,"column":24},"end":{"line":48,"column":47}},"line":48},"6":{"name":"(anonymous_6)","decl":{"start":{"line":61,"column":17},"end":{"line":61,"column":18}},"loc":{"start":{"line":61,"column":24},"end":{"line":61,"column":48}},"line":61},"7":{"name":"(anonymous_7)","decl":{"start":{"line":74,"column":17},"end":{"line":74,"column":18}},"loc":{"start":{"line":74,"column":24},"end":{"line":74,"column":51}},"line":74}},"branchMap":{"0":{"loc":{"start":{"line":37,"column":4},"end":{"line":82,"column":4}},"type":"binary-expr","locations":[{"start":{"line":37,"column":4},"end":{"line":37,"column":12}},{"start":{"line":38,"column":4},"end":{"line":81,"column":11}}],"line":37},"1":{"loc":{"start":{"line":83,"column":4},"end":{"line":90,"column":4}},"type":"binary-expr","locations":[{"start":{"line":83,"column":4},"end":{"line":83,"column":15}},{"start":{"line":84,"column":4},"end":{"line":89,"column":7}}],"line":83}},"s":{"0":0,"1":0,"2":0,"3":0,"4":0,"5":0,"6":0,"7":0,"8":0,"9":0,"10":0,"11":0,"12":0,"13":0,"14":0,"15":0,"16":0,"17":0,"18":0,"19":0,"20":0,"21":0,"22":0,"23":0,"24":0},"f":{"0":0,"1":0,"2":0,"3":0,"4":0,"5":0,"6":0,"7":0},"b":{"0":[0,0],"1":[0,0]}}
,"/Users/shashankbr/MO-PCCO.R3-assignment-files/RA_16.5/task-01/src/deposit.js": {"path":"/Users/shashankbr/MO-PCCO.R3-assignment-files/RA_16.5/task-01/src/deposit.js","statementMap":{"0":{"start":{"line":5,"column":13},"end":{"line":5,"column":36}},"1":{"start":{"line":6,"column":1},"end":{"line":6,"column":25}}},"fnMap":{"0":{"name":"Deposit","decl":{"start":{"line":4,"column":9},"end":{"line":4,"column":16}},"loc":{"start":{"line":4,"column":19},"end":{"line":7,"column":1}},"line":4}},"branchMap":{},"s":{"0":0,"1":0},"f":{"0":0},"b":{}}
,"/Users/shashankbr/MO-PCCO.R3-assignment-files/RA_16.5/task-01/src/home.js": {"path":"/Users/shashankbr/MO-PCCO.R3-assignment-files/RA_16.5/task-01/src/home.js","statementMap":{"0":{"start":{"line":5,"column":13},"end":{"line":5,"column":36}},"1":{"start":{"line":6,"column":1},"end":{"line":18,"column":3}}},"fnMap":{"0":{"name":"Home","decl":{"start":{"line":4,"column":9},"end":{"line":4,"column":13}},"loc":{"start":{"line":4,"column":16},"end":{"line":19,"column":1}},"line":4}},"branchMap":{},"s":{"0":0,"1":0},"f":{"0":0},"b":{}}
,"/Users/shashankbr/MO-PCCO.R3-assignment-files/RA_16.5/task-01/src/login.js": {"path":"/Users/shashankbr/MO-PCCO.R3-assignment-files/RA_16.5/task-01/src/login.js","statementMap":{"0":{"start":{"line":5,"column":27},"end":{"line":5,"column":39}},"1":{"start":{"line":6,"column":33},"end":{"line":6,"column":45}},"2":{"start":{"line":7,"column":27},"end":{"line":7,"column":39}},"3":{"start":{"line":8,"column":40},"end":{"line":8,"column":63}},"4":{"start":{"line":10,"column":22},"end":{"line":20,"column":2}},"5":{"start":{"line":11,"column":2},"end":{"line":11,"column":21}},"6":{"start":{"line":12,"column":2},"end":{"line":12,"column":15}},"7":{"start":{"line":13,"column":18},"end":{"line":13,"column":76}},"8":{"start":{"line":13,"column":47},"end":{"line":13,"column":75}},"9":{"start":{"line":14,"column":2},"end":{"line":19,"column":3}},"10":{"start":{"line":22,"column":22},"end":{"line":24,"column":2}},"11":{"start":{"line":23,"column":2},"end":{"line":23,"column":11}},"12":{"start":{"line":26,"column":1},"end":{"line":35,"column":2}},"13":{"start":{"line":27,"column":2},"end":{"line":34,"column":4}},"14":{"start":{"line":37,"column":1},"end":{"line":75,"column":3}},"15":{"start":{"line":50,"column":23},"end":{"line":50,"column":47}},"16":{"start":{"line":62,"column":23},"end":{"line":62,"column":50}}},"fnMap":{"0":{"name":"Login","decl":{"start":{"line":4,"column":9},"end":{"line":4,"column":14}},"loc":{"start":{"line":4,"column":17},"end":{"line":76,"column":1}},"line":4},"1":{"name":"(anonymous_1)","decl":{"start":{"line":10,"column":22},"end":{"line":10,"column":23}},"loc":{"start":{"line":10,"column":29},"end":{"line":20,"column":2}},"line":10},"2":{"name":"(anonymous_2)","decl":{"start":{"line":13,"column":29},"end":{"line":13,"column":30}},"loc":{"start":{"line":13,"column":47},"end":{"line":13,"column":75}},"line":13},"3":{"name":"(anonymous_3)","decl":{"start":{"line":22,"column":22},"end":{"line":22,"column":23}},"loc":{"start":{"line":22,"column":28},"end":{"line":24,"column":2}},"line":22},"4":{"name":"(anonymous_4)","decl":{"start":{"line":50,"column":16},"end":{"line":50,"column":17}},"loc":{"start":{"line":50,"column":23},"end":{"line":50,"column":47}},"line":50},"5":{"name":"(anonymous_5)","decl":{"start":{"line":62,"column":16},"end":{"line":62,"column":17}},"loc":{"start":{"line":62,"column":23},"end":{"line":62,"column":50}},"line":62}},"branchMap":{"0":{"loc":{"start":{"line":14,"column":2},"end":{"line":19,"column":3}},"type":"if","locations":[{"start":{"line":14,"column":2},"end":{"line":19,"column":3}},{"start":{"line":17,"column":9},"end":{"line":19,"column":3}}],"line":14},"1":{"loc":{"start":{"line":14,"column":6},"end":{"line":14,"column":48}},"type":"binary-expr","locations":[{"start":{"line":14,"column":6},"end":{"line":14,"column":14}},{"start":{"line":14,"column":18},"end":{"line":14,"column":48}}],"line":14},"2":{"loc":{"start":{"line":26,"column":1},"end":{"line":35,"column":2}},"type":"if","locations":[{"start":{"line":26,"column":1},"end":{"line":35,"column":2}},{"start":{},"end":{}}],"line":26},"3":{"loc":{"start":{"line":65,"column":5},"end":{"line":69,"column":5}},"type":"binary-expr","locations":[{"start":{"line":65,"column":5},"end":{"line":65,"column":10}},{"start":{"line":66,"column":5},"end":{"line":68,"column":11}}],"line":65}},"s":{"0":0,"1":0,"2":0,"3":0,"4":0,"5":0,"6":0,"7":0,"8":0,"9":0,"10":0,"11":0,"12":0,"13":0,"14":0,"15":0,"16":0},"f":{"0":0,"1":0,"2":0,"3":0,"4":0,"5":0},"b":{"0":[0,0],"1":[0,0],"2":[0,0],"3":[0,0]}}
,"/Users/shashankbr/MO-PCCO.R3-assignment-files/RA_16.5/task-01/src/login.solution.js": {"path":"/Users/shashankbr/MO-PCCO.R3-assignment-files/RA_16.5/task-01/src/login.solution.js","statementMap":{"0":{"start":{"line":5,"column":27},"end":{"line":5,"column":39}},"1":{"start":{"line":6,"column":33},"end":{"line":6,"column":45}},"2":{"start":{"line":7,"column":27},"end":{"line":7,"column":39}},"3":{"start":{"line":8,"column":40},"end":{"line":8,"column":63}},"4":{"start":{"line":10,"column":22},"end":{"line":21,"column":2}},"5":{"start":{"line":11,"column":2},"end":{"line":11,"column":21}},"6":{"start":{"line":12,"column":2},"end":{"line":12,"column":15}},"7":{"start":{"line":13,"column":18},"end":{"line":13,"column":76}},"8":{"start":{"line":13,"column":47},"end":{"line":13,"column":75}},"9":{"start":{"line":14,"column":2},"end":{"line":20,"column":3}},"10":{"start":{"line":15,"column":3},"end":{"line":15,"column":18}},"11":{"start":{"line":16,"column":3},"end":{"line":16,"column":16}},"12":{"start":{"line":17,"column":3},"end":{"line":17,"column":19}},"13":{"start":{"line":19,"column":3},"end":{"line":19,"column":44}},"14":{"start":{"line":23,"column":22},"end":{"line":25,"column":2}},"15":{"start":{"line":24,"column":2},"end":{"line":24,"column":11}},"16":{"start":{"line":27,"column":1},"end":{"line":36,"column":2}},"17":{"start":{"line":28,"column":2},"end":{"line":35,"column":4}},"18":{"start":{"line":38,"column":1},"end":{"line":76,"column":3}},"19":{"start":{"line":51,"column":23},"end":{"line":51,"column":47}},"20":{"start":{"line":63,"column":23},"end":{"line":63,"column":50}}},"fnMap":{"0":{"name":"Login","decl":{"start":{"line":4,"column":9},"end":{"line":4,"column":14}},"loc":{"start":{"line":4,"column":17},"end":{"line":77,"column":1}},"line":4},"1":{"name":"(anonymous_1)","decl":{"start":{"line":10,"column":22},"end":{"line":10,"column":23}},"loc":{"start":{"line":10,"column":29},"end":{"line":21,"column":2}},"line":10},"2":{"name":"(anonymous_2)","decl":{"start":{"line":13,"column":29},"end":{"line":13,"column":30}},"loc":{"start":{"line":13,"column":47},"end":{"line":13,"column":75}},"line":13},"3":{"name":"(anonymous_3)","decl":{"start":{"line":23,"column":22},"end":{"line":23,"column":23}},"loc":{"start":{"line":23,"column":28},"end":{"line":25,"column":2}},"line":23},"4":{"name":"(anonymous_4)","decl":{"start":{"line":51,"column":16},"end":{"line":51,"column":17}},"loc":{"start":{"line":51,"column":23},"end":{"line":51,"column":47}},"line":51},"5":{"name":"(anonymous_5)","decl":{"start":{"line":63,"column":16},"end":{"line":63,"column":17}},"loc":{"start":{"line":63,"column":23},"end":{"line":63,"column":50}},"line":63}},"branchMap":{"0":{"loc":{"start":{"line":14,"column":2},"end":{"line":20,"column":3}},"type":"if","locations":[{"start":{"line":14,"column":2},"end":{"line":20,"column":3}},{"start":{"line":18,"column":9},"end":{"line":20,"column":3}}],"line":14},"1":{"loc":{"start":{"line":14,"column":6},"end":{"line":14,"column":47}},"type":"binary-expr","locations":[{"start":{"line":14,"column":6},"end":{"line":14,"column":13}},{"start":{"line":14,"column":17},"end":{"line":14,"column":47}}],"line":14},"2":{"loc":{"start":{"line":27,"column":1},"end":{"line":36,"column":2}},"type":"if","locations":[{"start":{"line":27,"column":1},"end":{"line":36,"column":2}},{"start":{},"end":{}}],"line":27},"3":{"loc":{"start":{"line":66,"column":5},"end":{"line":70,"column":5}},"type":"binary-expr","locations":[{"start":{"line":66,"column":5},"end":{"line":66,"column":10}},{"start":{"line":67,"column":5},"end":{"line":69,"column":11}}],"line":66}},"s":{"0":12,"1":12,"2":12,"3":12,"4":12,"5":2,"6":2,"7":2,"8":2,"9":2,"10":1,"11":1,"12":1,"13":1,"14":12,"15":0,"16":12,"17":0,"18":12,"19":3,"20":3},"f":{"0":12,"1":2,"2":2,"3":0,"4":3,"5":3},"b":{"0":[1,1],"1":[2,1],"2":[0,12],"3":[12,1]},"_coverageSchema":"1a1c01bbd47fc00a2c39e90264f33305004495a9","hash":"f49050e19c4a4b51d5ed63d98f34b1b419043797"}
,"/Users/shashankbr/MO-PCCO.R3-assignment-files/RA_16.5/task-01/src/navbar.js": {"path":"/Users/shashankbr/MO-PCCO.R3-assignment-files/RA_16.5/task-01/src/navbar.js","statementMap":{"0":{"start":{"line":4,"column":1},"end":{"line":57,"column":3}}},"fnMap":{"0":{"name":"NavBar","decl":{"start":{"line":3,"column":9},"end":{"line":3,"column":15}},"loc":{"start":{"line":3,"column":18},"end":{"line":58,"column":1}},"line":3}},"branchMap":{},"s":{"0":0},"f":{"0":0},"b":{}}
,"/Users/shashankbr/MO-PCCO.R3-assignment-files/RA_16.5/task-01/src/withdraw.js": {"path":"/Users/shashankbr/MO-PCCO.R3-assignment-files/RA_16.5/task-01/src/withdraw.js","statementMap":{"0":{"start":{"line":5,"column":13},"end":{"line":5,"column":36}},"1":{"start":{"line":6,"column":1},"end":{"line":6,"column":26}}},"fnMap":{"0":{"name":"Withdraw","decl":{"start":{"line":4,"column":9},"end":{"line":4,"column":17}},"loc":{"start":{"line":4,"column":20},"end":{"line":7,"column":1}},"line":4}},"branchMap":{},"s":{"0":0,"1":0},"f":{"0":0},"b":{}}
}
