<?xml version="1.0" encoding="UTF-8"?>
<coverage generated="1706595722581" clover="3.2.0">
  <project timestamp="1706595722581" name="All files">
    <metrics statements="11" coveredstatements="3" conditionals="4" coveredconditionals="0" methods="7" coveredmethods="1" elements="22" coveredelements="4" complexity="0" loc="11" ncloc="11" packages="1" files="3" classes="3"/>
    <file name="App.js" path="/Users/shashankbr/MO-PCCO.R3-assignment-files/RA_11.1_JSX_expressions,styles,attributes/task-03/src/App.js">
      <metrics statements="1" coveredstatements="0" conditionals="0" coveredconditionals="0" methods="1" coveredmethods="0"/>
      <line num="5" count="0" type="stmt"/>
    </file>
    <file name="WelcomeCard.js" path="/Users/shashankbr/MO-PCCO.R3-assignment-files/RA_11.1_JSX_expressions,styles,attributes/task-03/src/WelcomeCard.js">
      <metrics statements="5" coveredstatements="3" conditionals="2" coveredconditionals="0" methods="3" coveredmethods="1"/>
      <line num="5" count="1" type="stmt"/>
      <line num="7" count="1" type="stmt"/>
      <line num="8" count="0" type="stmt"/>
      <line num="9" count="0" type="cond" truecount="0" falsecount="2"/>
      <line num="13" count="1" type="stmt"/>
    </file>
    <file name="WelcomeCard.solution.js" path="/Users/shashankbr/MO-PCCO.R3-assignment-files/RA_11.1_JSX_expressions,styles,attributes/task-03/src/WelcomeCard.solution.js">
      <metrics statements="5" coveredstatements="0" conditionals="2" coveredconditionals="0" methods="3" coveredmethods="0"/>
      <line num="5" count="0" type="stmt"/>
      <line num="7" count="0" type="stmt"/>
      <line num="8" count="0" type="stmt"/>
      <line num="9" count="0" type="cond" truecount="0" falsecount="2"/>
      <line num="13" count="0" type="stmt"/>
    </file>
  </project>
</coverage>
