<?xml version="1.0" encoding="UTF-8"?>
<coverage generated="1707294934306" clover="3.2.0">
  <project timestamp="1707294934306" name="All files">
    <metrics statements="22" coveredstatements="9" conditionals="4" coveredconditionals="2" methods="11" coveredmethods="4" elements="37" coveredelements="15" complexity="0" loc="22" ncloc="22" packages="1" files="4" classes="4"/>
    <file name="App.js" path="/Users/shashankbr/MO-PCCO.R3-assignment-files/RA_12.2/task-01/src/App.js">
      <metrics statements="1" coveredstatements="0" conditionals="0" coveredconditionals="0" methods="1" coveredmethods="0"/>
      <line num="6" count="0" type="stmt"/>
    </file>
    <file name="Counter.js" path="/Users/shashankbr/MO-PCCO.R3-assignment-files/RA_12.2/task-01/src/Counter.js">
      <metrics statements="9" coveredstatements="9" conditionals="2" coveredconditionals="2" methods="4" coveredmethods="4"/>
      <line num="5" count="11" type="stmt"/>
      <line num="7" count="11" type="stmt"/>
      <line num="8" count="4" type="stmt"/>
      <line num="11" count="11" type="stmt"/>
      <line num="12" count="2" type="cond" truecount="2" falsecount="0"/>
      <line num="13" count="1" type="stmt"/>
      <line num="17" count="11" type="stmt"/>
      <line num="18" count="1" type="stmt"/>
      <line num="21" count="11" type="stmt"/>
    </file>
    <file name="Counter.solution.js" path="/Users/shashankbr/MO-PCCO.R3-assignment-files/RA_12.2/task-01/src/Counter.solution.js">
      <metrics statements="9" coveredstatements="0" conditionals="2" coveredconditionals="0" methods="4" coveredmethods="0"/>
      <line num="5" count="0" type="stmt"/>
      <line num="7" count="0" type="stmt"/>
      <line num="8" count="0" type="stmt"/>
      <line num="11" count="0" type="stmt"/>
      <line num="12" count="0" type="cond" truecount="0" falsecount="2"/>
      <line num="13" count="0" type="stmt"/>
      <line num="17" count="0" type="stmt"/>
      <line num="18" count="0" type="stmt"/>
      <line num="21" count="0" type="stmt"/>
    </file>
    <file name="FruitContainer.js" path="/Users/shashankbr/MO-PCCO.R3-assignment-files/RA_12.2/task-01/src/FruitContainer.js">
      <metrics statements="3" coveredstatements="0" conditionals="0" coveredconditionals="0" methods="2" coveredmethods="0"/>
      <line num="5" count="0" type="stmt"/>
      <line num="7" count="0" type="stmt"/>
      <line num="10" count="0" type="stmt"/>
    </file>
  </project>
</coverage>
