{"/Users/shashankbr/MO-PCCO.R3-assignment-files/RA_12.2/task-01/src/App.js": {"path":"/Users/shashankbr/MO-PCCO.R3-assignment-files/RA_12.2/task-01/src/App.js","statementMap":{"0":{"start":{"line":6,"column":1},"end":{"line":11,"column":3}}},"fnMap":{"0":{"name":"App","decl":{"start":{"line":5,"column":9},"end":{"line":5,"column":12}},"loc":{"start":{"line":5,"column":15},"end":{"line":12,"column":1}},"line":5}},"branchMap":{},"s":{"0":0},"f":{"0":0},"b":{}}
,"/Users/shashankbr/MO-PCCO.R3-assignment-files/RA_12.2/task-01/src/Counter.js": {"path":"/Users/shashankbr/MO-PCCO.R3-assignment-files/RA_12.2/task-01/src/Counter.js","statementMap":{"0":{"start":{"line":5,"column":27},"end":{"line":5,"column":38}},"1":{"start":{"line":7,"column":24},"end":{"line":9,"column":2}},"2":{"start":{"line":8,"column":2},"end":{"line":8,"column":22}},"3":{"start":{"line":11,"column":24},"end":{"line":15,"column":2}},"4":{"start":{"line":12,"column":2},"end":{"line":14,"column":3}},"5":{"start":{"line":13,"column":3},"end":{"line":13,"column":23}},"6":{"start":{"line":17,"column":20},"end":{"line":19,"column":2}},"7":{"start":{"line":18,"column":2},"end":{"line":18,"column":14}},"8":{"start":{"line":21,"column":1},"end":{"line":36,"column":3}}},"fnMap":{"0":{"name":"Counter","decl":{"start":{"line":4,"column":9},"end":{"line":4,"column":16}},"loc":{"start":{"line":4,"column":32},"end":{"line":37,"column":1}},"line":4},"1":{"name":"(anonymous_1)","decl":{"start":{"line":7,"column":24},"end":{"line":7,"column":25}},"loc":{"start":{"line":7,"column":30},"end":{"line":9,"column":2}},"line":7},"2":{"name":"(anonymous_2)","decl":{"start":{"line":11,"column":24},"end":{"line":11,"column":25}},"loc":{"start":{"line":11,"column":30},"end":{"line":15,"column":2}},"line":11},"3":{"name":"(anonymous_3)","decl":{"start":{"line":17,"column":20},"end":{"line":17,"column":21}},"loc":{"start":{"line":17,"column":26},"end":{"line":19,"column":2}},"line":17}},"branchMap":{"0":{"loc":{"start":{"line":12,"column":2},"end":{"line":14,"column":3}},"type":"if","locations":[{"start":{"line":12,"column":2},"end":{"line":14,"column":3}},{"start":{},"end":{}}],"line":12}},"s":{"0":11,"1":11,"2":4,"3":11,"4":2,"5":1,"6":11,"7":1,"8":11},"f":{"0":11,"1":4,"2":2,"3":1},"b":{"0":[1,1]},"_coverageSchema":"1a1c01bbd47fc00a2c39e90264f33305004495a9","hash":"7a8ce0a9accb025db64718701b23cba9e79f7068"}
,"/Users/shashankbr/MO-PCCO.R3-assignment-files/RA_12.2/task-01/src/Counter.solution.js": {"path":"/Users/shashankbr/MO-PCCO.R3-assignment-files/RA_12.2/task-01/src/Counter.solution.js","statementMap":{"0":{"start":{"line":5,"column":27},"end":{"line":5,"column":38}},"1":{"start":{"line":7,"column":24},"end":{"line":9,"column":2}},"2":{"start":{"line":8,"column":2},"end":{"line":8,"column":22}},"3":{"start":{"line":11,"column":24},"end":{"line":15,"column":2}},"4":{"start":{"line":12,"column":2},"end":{"line":14,"column":3}},"5":{"start":{"line":13,"column":3},"end":{"line":13,"column":23}},"6":{"start":{"line":17,"column":20},"end":{"line":19,"column":2}},"7":{"start":{"line":18,"column":2},"end":{"line":18,"column":14}},"8":{"start":{"line":21,"column":1},"end":{"line":36,"column":3}}},"fnMap":{"0":{"name":"Counter","decl":{"start":{"line":4,"column":9},"end":{"line":4,"column":16}},"loc":{"start":{"line":4,"column":32},"end":{"line":37,"column":1}},"line":4},"1":{"name":"(anonymous_1)","decl":{"start":{"line":7,"column":24},"end":{"line":7,"column":25}},"loc":{"start":{"line":7,"column":30},"end":{"line":9,"column":2}},"line":7},"2":{"name":"(anonymous_2)","decl":{"start":{"line":11,"column":24},"end":{"line":11,"column":25}},"loc":{"start":{"line":11,"column":30},"end":{"line":15,"column":2}},"line":11},"3":{"name":"(anonymous_3)","decl":{"start":{"line":17,"column":20},"end":{"line":17,"column":21}},"loc":{"start":{"line":17,"column":26},"end":{"line":19,"column":2}},"line":17}},"branchMap":{"0":{"loc":{"start":{"line":12,"column":2},"end":{"line":14,"column":3}},"type":"if","locations":[{"start":{"line":12,"column":2},"end":{"line":14,"column":3}},{"start":{},"end":{}}],"line":12}},"s":{"0":0,"1":0,"2":0,"3":0,"4":0,"5":0,"6":0,"7":0,"8":0},"f":{"0":0,"1":0,"2":0,"3":0},"b":{"0":[0,0]}}
,"/Users/shashankbr/MO-PCCO.R3-assignment-files/RA_12.2/task-01/src/FruitContainer.js": {"path":"/Users/shashankbr/MO-PCCO.R3-assignment-files/RA_12.2/task-01/src/FruitContainer.js","statementMap":{"0":{"start":{"line":5,"column":16},"end":{"line":5,"column":54}},"1":{"start":{"line":7,"column":1},"end":{"line":13,"column":3}},"2":{"start":{"line":10,"column":4},"end":{"line":10,"column":45}}},"fnMap":{"0":{"name":"FruitContainer","decl":{"start":{"line":4,"column":9},"end":{"line":4,"column":23}},"loc":{"start":{"line":4,"column":26},"end":{"line":14,"column":1}},"line":4},"1":{"name":"(anonymous_1)","decl":{"start":{"line":9,"column":15},"end":{"line":9,"column":16}},"loc":{"start":{"line":10,"column":4},"end":{"line":10,"column":45}},"line":10}},"branchMap":{},"s":{"0":0,"1":0,"2":0},"f":{"0":0,"1":0},"b":{}}
}
