<?xml version="1.0" encoding="UTF-8"?>
<coverage generated="1709042047613" clover="3.2.0">
  <project timestamp="1709042047613" name="All files">
    <metrics statements="89" coveredstatements="30" conditionals="41" coveredconditionals="8" methods="24" coveredmethods="7" elements="154" coveredelements="45" complexity="0" loc="89" ncloc="89" packages="1" files="4" classes="4"/>
    <file name="App.js" path="/Users/shashankbr/MO-PCCO.R3-assignment-files/RA_15.2/task-03/src/App.js">
      <metrics statements="36" coveredstatements="28" conditionals="18" coveredconditionals="8" methods="8" coveredmethods="6"/>
      <line num="5" count="1" type="stmt"/>
      <line num="6" count="4" type="stmt"/>
      <line num="7" count="4" type="stmt"/>
      <line num="8" count="4" type="stmt"/>
      <line num="9" count="4" type="stmt"/>
      <line num="11" count="4" type="stmt"/>
      <line num="12" count="4" type="stmt"/>
      <line num="13" count="4" type="stmt"/>
      <line num="14" count="4" type="stmt"/>
      <line num="17" count="0" type="stmt"/>
      <line num="18" count="0" type="stmt"/>
      <line num="21" count="4" type="stmt"/>
      <line num="24" count="4" type="stmt"/>
      <line num="25" count="1" type="stmt"/>
      <line num="28" count="4" type="stmt"/>
      <line num="29" count="4" type="stmt"/>
      <line num="30" count="4" type="stmt"/>
      <line num="31" count="4" type="cond" truecount="1" falsecount="1"/>
      <line num="33" count="4" type="cond" truecount="1" falsecount="1"/>
      <line num="37" count="4" type="cond" truecount="1" falsecount="1"/>
      <line num="38" count="0" type="stmt"/>
      <line num="42" count="4" type="cond" truecount="1" falsecount="1"/>
      <line num="43" count="0" type="stmt"/>
      <line num="44" count="0" type="stmt"/>
      <line num="48" count="0" type="cond" truecount="0" falsecount="2"/>
      <line num="49" count="0" type="stmt"/>
      <line num="53" count="4" type="stmt"/>
      <line num="54" count="40" type="stmt"/>
      <line num="57" count="1" type="stmt"/>
      <line num="65" count="4" type="cond" truecount="1" falsecount="1"/>
      <line num="66" count="4" type="cond" truecount="1" falsecount="1"/>
      <line num="67" count="4" type="stmt"/>
      <line num="69" count="4" type="stmt"/>
      <line num="70" count="0" type="stmt"/>
      <line num="76" count="4" type="stmt"/>
      <line num="79" count="4" type="stmt"/>
    </file>
    <file name="App.solution.js" path="/Users/shashankbr/MO-PCCO.R3-assignment-files/RA_15.2/task-03/src/App.solution.js">
      <metrics statements="36" coveredstatements="0" conditionals="18" coveredconditionals="0" methods="8" coveredmethods="0"/>
      <line num="5" count="0" type="stmt"/>
      <line num="6" count="0" type="stmt"/>
      <line num="7" count="0" type="stmt"/>
      <line num="8" count="0" type="stmt"/>
      <line num="9" count="0" type="stmt"/>
      <line num="11" count="0" type="stmt"/>
      <line num="12" count="0" type="stmt"/>
      <line num="13" count="0" type="stmt"/>
      <line num="14" count="0" type="stmt"/>
      <line num="17" count="0" type="stmt"/>
      <line num="18" count="0" type="stmt"/>
      <line num="21" count="0" type="stmt"/>
      <line num="24" count="0" type="stmt"/>
      <line num="25" count="0" type="stmt"/>
      <line num="28" count="0" type="stmt"/>
      <line num="29" count="0" type="stmt"/>
      <line num="30" count="0" type="stmt"/>
      <line num="31" count="0" type="cond" truecount="0" falsecount="2"/>
      <line num="33" count="0" type="cond" truecount="0" falsecount="2"/>
      <line num="37" count="0" type="cond" truecount="0" falsecount="2"/>
      <line num="38" count="0" type="stmt"/>
      <line num="42" count="0" type="cond" truecount="0" falsecount="2"/>
      <line num="43" count="0" type="stmt"/>
      <line num="44" count="0" type="stmt"/>
      <line num="48" count="0" type="cond" truecount="0" falsecount="2"/>
      <line num="49" count="0" type="stmt"/>
      <line num="53" count="0" type="stmt"/>
      <line num="54" count="0" type="stmt"/>
      <line num="57" count="0" type="stmt"/>
      <line num="65" count="0" type="cond" truecount="0" falsecount="2"/>
      <line num="66" count="0" type="cond" truecount="0" falsecount="2"/>
      <line num="67" count="0" type="stmt"/>
      <line num="69" count="0" type="stmt"/>
      <line num="70" count="0" type="stmt"/>
      <line num="76" count="0" type="stmt"/>
      <line num="79" count="0" type="stmt"/>
    </file>
    <file name="PokemonItem.js" path="/Users/shashankbr/MO-PCCO.R3-assignment-files/RA_15.2/task-03/src/PokemonItem.js">
      <metrics statements="14" coveredstatements="0" conditionals="5" coveredconditionals="0" methods="6" coveredmethods="0"/>
      <line num="4" count="0" type="stmt"/>
      <line num="5" count="0" type="stmt"/>
      <line num="7" count="0" type="stmt"/>
      <line num="8" count="0" type="stmt"/>
      <line num="9" count="0" type="cond" truecount="0" falsecount="2"/>
      <line num="10" count="0" type="stmt"/>
      <line num="11" count="0" type="stmt"/>
      <line num="12" count="0" type="stmt"/>
      <line num="16" count="0" type="stmt"/>
      <line num="19" count="0" type="stmt"/>
      <line num="20" count="0" type="stmt"/>
      <line num="23" count="0" type="stmt"/>
      <line num="50" count="0" type="stmt"/>
      <line num="60" count="0" type="stmt"/>
    </file>
    <file name="PokemonList.js" path="/Users/shashankbr/MO-PCCO.R3-assignment-files/RA_15.2/task-03/src/PokemonList.js">
      <metrics statements="3" coveredstatements="2" conditionals="0" coveredconditionals="0" methods="2" coveredmethods="1"/>
      <line num="4" count="1" type="stmt"/>
      <line num="5" count="4" type="stmt"/>
      <line num="8" count="0" type="stmt"/>
    </file>
  </project>
</coverage>
