{"/Users/shashankbr/MO-PCCO.R3-assignment-files/RA_15.2/task-03/src/App.js": {"path":"/Users/shashankbr/MO-PCCO.R3-assignment-files/RA_15.2/task-03/src/App.js","statementMap":{"0":{"start":{"line":5,"column":12},"end":{"line":86,"column":1}},"1":{"start":{"line":6,"column":33},"end":{"line":6,"column":45}},"2":{"start":{"line":7,"column":39},"end":{"line":7,"column":50}},"3":{"start":{"line":8,"column":15},"end":{"line":8,"column":17}},"4":{"start":{"line":9,"column":20},"end":{"line":9,"column":23}},"5":{"start":{"line":11,"column":1},"end":{"line":22,"column":19}},"6":{"start":{"line":12,"column":24},"end":{"line":19,"column":3}},"7":{"start":{"line":13,"column":18},"end":{"line":13,"column":19}},"8":{"start":{"line":14,"column":20},"end":{"line":16,"column":4}},"9":{"start":{"line":17,"column":16},"end":{"line":17,"column":37}},"10":{"start":{"line":18,"column":3},"end":{"line":18,"column":29}},"11":{"start":{"line":21,"column":2},"end":{"line":21,"column":18}},"12":{"start":{"line":24,"column":25},"end":{"line":26,"column":2}},"13":{"start":{"line":25,"column":2},"end":{"line":25,"column":23}},"14":{"start":{"line":28,"column":27},"end":{"line":77,"column":2}},"15":{"start":{"line":29,"column":16},"end":{"line":29,"column":18}},"16":{"start":{"line":30,"column":23},"end":{"line":30,"column":25}},"17":{"start":{"line":31,"column":18},"end":{"line":31,"column":59}},"18":{"start":{"line":33,"column":3},"end":{"line":35,"column":34}},"19":{"start":{"line":37,"column":2},"end":{"line":40,"column":3}},"20":{"start":{"line":38,"column":3},"end":{"line":39,"column":69}},"21":{"start":{"line":42,"column":2},"end":{"line":51,"column":3}},"22":{"start":{"line":43,"column":3},"end":{"line":47,"column":5}},"23":{"start":{"line":44,"column":39},"end":{"line":44,"column":57}},"24":{"start":{"line":48,"column":3},"end":{"line":50,"column":4}},"25":{"start":{"line":49,"column":4},"end":{"line":49,"column":44}},"26":{"start":{"line":53,"column":2},"end":{"line":63,"column":3}},"27":{"start":{"line":53,"column":15},"end":{"line":53,"column":24}},"28":{"start":{"line":54,"column":3},"end":{"line":62,"column":5}},"29":{"start":{"line":57,"column":20},"end":{"line":57,"column":38}},"30":{"start":{"line":65,"column":2},"end":{"line":74,"column":3}},"31":{"start":{"line":66,"column":3},"end":{"line":68,"column":4}},"32":{"start":{"line":67,"column":4},"end":{"line":67,"column":44}},"33":{"start":{"line":69,"column":3},"end":{"line":73,"column":5}},"34":{"start":{"line":70,"column":37},"end":{"line":70,"column":64}},"35":{"start":{"line":76,"column":2},"end":{"line":76,"column":15}},"36":{"start":{"line":79,"column":1},"end":{"line":85,"column":3}}},"fnMap":{"0":{"name":"(anonymous_0)","decl":{"start":{"line":5,"column":12},"end":{"line":5,"column":13}},"loc":{"start":{"line":5,"column":18},"end":{"line":86,"column":1}},"line":5},"1":{"name":"(anonymous_1)","decl":{"start":{"line":11,"column":11},"end":{"line":11,"column":12}},"loc":{"start":{"line":11,"column":17},"end":{"line":22,"column":2}},"line":11},"2":{"name":"(anonymous_2)","decl":{"start":{"line":12,"column":24},"end":{"line":12,"column":25}},"loc":{"start":{"line":12,"column":36},"end":{"line":19,"column":3}},"line":12},"3":{"name":"(anonymous_3)","decl":{"start":{"line":24,"column":25},"end":{"line":24,"column":26}},"loc":{"start":{"line":24,"column":35},"end":{"line":26,"column":2}},"line":24},"4":{"name":"(anonymous_4)","decl":{"start":{"line":28,"column":27},"end":{"line":28,"column":28}},"loc":{"start":{"line":28,"column":33},"end":{"line":77,"column":2}},"line":28},"5":{"name":"(anonymous_5)","decl":{"start":{"line":44,"column":33},"end":{"line":44,"column":34}},"loc":{"start":{"line":44,"column":39},"end":{"line":44,"column":57}},"line":44},"6":{"name":"(anonymous_6)","decl":{"start":{"line":57,"column":14},"end":{"line":57,"column":15}},"loc":{"start":{"line":57,"column":20},"end":{"line":57,"column":38}},"line":57},"7":{"name":"(anonymous_7)","decl":{"start":{"line":70,"column":31},"end":{"line":70,"column":32}},"loc":{"start":{"line":70,"column":37},"end":{"line":70,"column":64}},"line":70}},"branchMap":{"0":{"loc":{"start":{"line":31,"column":18},"end":{"line":31,"column":59}},"type":"cond-expr","locations":[{"start":{"line":31,"column":40},"end":{"line":31,"column":41}},{"start":{"line":31,"column":44},"end":{"line":31,"column":59}}],"line":31},"1":{"loc":{"start":{"line":33,"column":3},"end":{"line":35,"column":34}},"type":"cond-expr","locations":[{"start":{"line":34,"column":6},"end":{"line":34,"column":16}},{"start":{"line":35,"column":6},"end":{"line":35,"column":34}}],"line":33},"2":{"loc":{"start":{"line":37,"column":2},"end":{"line":40,"column":3}},"type":"if","locations":[{"start":{"line":37,"column":2},"end":{"line":40,"column":3}},{"start":{},"end":{}}],"line":37},"3":{"loc":{"start":{"line":39,"column":4},"end":{"line":39,"column":68}},"type":"cond-expr","locations":[{"start":{"line":39,"column":38},"end":{"line":39,"column":39}},{"start":{"line":39,"column":42},"end":{"line":39,"column":68}}],"line":39},"4":{"loc":{"start":{"line":42,"column":2},"end":{"line":51,"column":3}},"type":"if","locations":[{"start":{"line":42,"column":2},"end":{"line":51,"column":3}},{"start":{},"end":{}}],"line":42},"5":{"loc":{"start":{"line":48,"column":3},"end":{"line":50,"column":4}},"type":"if","locations":[{"start":{"line":48,"column":3},"end":{"line":50,"column":4}},{"start":{},"end":{}}],"line":48},"6":{"loc":{"start":{"line":58,"column":16},"end":{"line":58,"column":49}},"type":"cond-expr","locations":[{"start":{"line":58,"column":36},"end":{"line":58,"column":44}},{"start":{"line":58,"column":47},"end":{"line":58,"column":49}}],"line":58},"7":{"loc":{"start":{"line":65,"column":2},"end":{"line":74,"column":3}},"type":"if","locations":[{"start":{"line":65,"column":2},"end":{"line":74,"column":3}},{"start":{},"end":{}}],"line":65},"8":{"loc":{"start":{"line":66,"column":3},"end":{"line":68,"column":4}},"type":"if","locations":[{"start":{"line":66,"column":3},"end":{"line":68,"column":4}},{"start":{},"end":{}}],"line":66}},"s":{"0":1,"1":4,"2":4,"3":4,"4":4,"5":4,"6":4,"7":4,"8":4,"9":0,"10":0,"11":4,"12":4,"13":1,"14":4,"15":4,"16":4,"17":4,"18":4,"19":4,"20":0,"21":4,"22":0,"23":0,"24":0,"25":0,"26":4,"27":4,"28":40,"29":1,"30":4,"31":4,"32":4,"33":4,"34":0,"35":4,"36":4},"f":{"0":4,"1":4,"2":4,"3":1,"4":4,"5":0,"6":1,"7":0},"b":{"0":[4,0],"1":[0,4],"2":[0,4],"3":[0,0],"4":[0,4],"5":[0,0],"6":[4,36],"7":[4,0],"8":[4,0]},"_coverageSchema":"1a1c01bbd47fc00a2c39e90264f33305004495a9","hash":"aa029cc9f6fff9fdcc59484314c0f529052d49de"}
,"/Users/shashankbr/MO-PCCO.R3-assignment-files/RA_15.2/task-03/src/App.solution.js": {"path":"/Users/shashankbr/MO-PCCO.R3-assignment-files/RA_15.2/task-03/src/App.solution.js","statementMap":{"0":{"start":{"line":5,"column":12},"end":{"line":86,"column":1}},"1":{"start":{"line":6,"column":33},"end":{"line":6,"column":45}},"2":{"start":{"line":7,"column":39},"end":{"line":7,"column":50}},"3":{"start":{"line":8,"column":15},"end":{"line":8,"column":17}},"4":{"start":{"line":9,"column":20},"end":{"line":9,"column":23}},"5":{"start":{"line":11,"column":1},"end":{"line":22,"column":19}},"6":{"start":{"line":12,"column":24},"end":{"line":19,"column":3}},"7":{"start":{"line":13,"column":18},"end":{"line":13,"column":43}},"8":{"start":{"line":14,"column":20},"end":{"line":16,"column":4}},"9":{"start":{"line":17,"column":16},"end":{"line":17,"column":37}},"10":{"start":{"line":18,"column":3},"end":{"line":18,"column":29}},"11":{"start":{"line":21,"column":2},"end":{"line":21,"column":18}},"12":{"start":{"line":24,"column":25},"end":{"line":26,"column":2}},"13":{"start":{"line":25,"column":2},"end":{"line":25,"column":23}},"14":{"start":{"line":28,"column":27},"end":{"line":77,"column":2}},"15":{"start":{"line":29,"column":16},"end":{"line":29,"column":18}},"16":{"start":{"line":30,"column":23},"end":{"line":30,"column":25}},"17":{"start":{"line":31,"column":18},"end":{"line":31,"column":59}},"18":{"start":{"line":33,"column":3},"end":{"line":35,"column":34}},"19":{"start":{"line":37,"column":2},"end":{"line":40,"column":3}},"20":{"start":{"line":38,"column":3},"end":{"line":39,"column":69}},"21":{"start":{"line":42,"column":2},"end":{"line":51,"column":3}},"22":{"start":{"line":43,"column":3},"end":{"line":47,"column":5}},"23":{"start":{"line":44,"column":39},"end":{"line":44,"column":57}},"24":{"start":{"line":48,"column":3},"end":{"line":50,"column":4}},"25":{"start":{"line":49,"column":4},"end":{"line":49,"column":44}},"26":{"start":{"line":53,"column":2},"end":{"line":63,"column":3}},"27":{"start":{"line":53,"column":15},"end":{"line":53,"column":24}},"28":{"start":{"line":54,"column":3},"end":{"line":62,"column":5}},"29":{"start":{"line":57,"column":20},"end":{"line":57,"column":38}},"30":{"start":{"line":65,"column":2},"end":{"line":74,"column":3}},"31":{"start":{"line":66,"column":3},"end":{"line":68,"column":4}},"32":{"start":{"line":67,"column":4},"end":{"line":67,"column":44}},"33":{"start":{"line":69,"column":3},"end":{"line":73,"column":5}},"34":{"start":{"line":70,"column":37},"end":{"line":70,"column":64}},"35":{"start":{"line":76,"column":2},"end":{"line":76,"column":15}},"36":{"start":{"line":79,"column":1},"end":{"line":85,"column":3}}},"fnMap":{"0":{"name":"(anonymous_0)","decl":{"start":{"line":5,"column":12},"end":{"line":5,"column":13}},"loc":{"start":{"line":5,"column":18},"end":{"line":86,"column":1}},"line":5},"1":{"name":"(anonymous_1)","decl":{"start":{"line":11,"column":11},"end":{"line":11,"column":12}},"loc":{"start":{"line":11,"column":17},"end":{"line":22,"column":2}},"line":11},"2":{"name":"(anonymous_2)","decl":{"start":{"line":12,"column":24},"end":{"line":12,"column":25}},"loc":{"start":{"line":12,"column":36},"end":{"line":19,"column":3}},"line":12},"3":{"name":"(anonymous_3)","decl":{"start":{"line":24,"column":25},"end":{"line":24,"column":26}},"loc":{"start":{"line":24,"column":35},"end":{"line":26,"column":2}},"line":24},"4":{"name":"(anonymous_4)","decl":{"start":{"line":28,"column":27},"end":{"line":28,"column":28}},"loc":{"start":{"line":28,"column":33},"end":{"line":77,"column":2}},"line":28},"5":{"name":"(anonymous_5)","decl":{"start":{"line":44,"column":33},"end":{"line":44,"column":34}},"loc":{"start":{"line":44,"column":39},"end":{"line":44,"column":57}},"line":44},"6":{"name":"(anonymous_6)","decl":{"start":{"line":57,"column":14},"end":{"line":57,"column":15}},"loc":{"start":{"line":57,"column":20},"end":{"line":57,"column":38}},"line":57},"7":{"name":"(anonymous_7)","decl":{"start":{"line":70,"column":31},"end":{"line":70,"column":32}},"loc":{"start":{"line":70,"column":37},"end":{"line":70,"column":64}},"line":70}},"branchMap":{"0":{"loc":{"start":{"line":31,"column":18},"end":{"line":31,"column":59}},"type":"cond-expr","locations":[{"start":{"line":31,"column":40},"end":{"line":31,"column":41}},{"start":{"line":31,"column":44},"end":{"line":31,"column":59}}],"line":31},"1":{"loc":{"start":{"line":33,"column":3},"end":{"line":35,"column":34}},"type":"cond-expr","locations":[{"start":{"line":34,"column":6},"end":{"line":34,"column":16}},{"start":{"line":35,"column":6},"end":{"line":35,"column":34}}],"line":33},"2":{"loc":{"start":{"line":37,"column":2},"end":{"line":40,"column":3}},"type":"if","locations":[{"start":{"line":37,"column":2},"end":{"line":40,"column":3}},{"start":{},"end":{}}],"line":37},"3":{"loc":{"start":{"line":39,"column":4},"end":{"line":39,"column":68}},"type":"cond-expr","locations":[{"start":{"line":39,"column":38},"end":{"line":39,"column":39}},{"start":{"line":39,"column":42},"end":{"line":39,"column":68}}],"line":39},"4":{"loc":{"start":{"line":42,"column":2},"end":{"line":51,"column":3}},"type":"if","locations":[{"start":{"line":42,"column":2},"end":{"line":51,"column":3}},{"start":{},"end":{}}],"line":42},"5":{"loc":{"start":{"line":48,"column":3},"end":{"line":50,"column":4}},"type":"if","locations":[{"start":{"line":48,"column":3},"end":{"line":50,"column":4}},{"start":{},"end":{}}],"line":48},"6":{"loc":{"start":{"line":58,"column":16},"end":{"line":58,"column":49}},"type":"cond-expr","locations":[{"start":{"line":58,"column":36},"end":{"line":58,"column":44}},{"start":{"line":58,"column":47},"end":{"line":58,"column":49}}],"line":58},"7":{"loc":{"start":{"line":65,"column":2},"end":{"line":74,"column":3}},"type":"if","locations":[{"start":{"line":65,"column":2},"end":{"line":74,"column":3}},{"start":{},"end":{}}],"line":65},"8":{"loc":{"start":{"line":66,"column":3},"end":{"line":68,"column":4}},"type":"if","locations":[{"start":{"line":66,"column":3},"end":{"line":68,"column":4}},{"start":{},"end":{}}],"line":66}},"s":{"0":0,"1":0,"2":0,"3":0,"4":0,"5":0,"6":0,"7":0,"8":0,"9":0,"10":0,"11":0,"12":0,"13":0,"14":0,"15":0,"16":0,"17":0,"18":0,"19":0,"20":0,"21":0,"22":0,"23":0,"24":0,"25":0,"26":0,"27":0,"28":0,"29":0,"30":0,"31":0,"32":0,"33":0,"34":0,"35":0,"36":0},"f":{"0":0,"1":0,"2":0,"3":0,"4":0,"5":0,"6":0,"7":0},"b":{"0":[0,0],"1":[0,0],"2":[0,0],"3":[0,0],"4":[0,0],"5":[0,0],"6":[0,0],"7":[0,0],"8":[0,0]}}
,"/Users/shashankbr/MO-PCCO.R3-assignment-files/RA_15.2/task-03/src/PokemonItem.js": {"path":"/Users/shashankbr/MO-PCCO.R3-assignment-files/RA_15.2/task-03/src/PokemonItem.js","statementMap":{"0":{"start":{"line":4,"column":45},"end":{"line":4,"column":59}},"1":{"start":{"line":5,"column":33},"end":{"line":5,"column":48}},"2":{"start":{"line":7,"column":1},"end":{"line":17,"column":29}},"3":{"start":{"line":8,"column":30},"end":{"line":14,"column":3}},"4":{"start":{"line":9,"column":3},"end":{"line":13,"column":4}},"5":{"start":{"line":10,"column":21},"end":{"line":10,"column":45}},"6":{"start":{"line":11,"column":17},"end":{"line":11,"column":38}},"7":{"start":{"line":12,"column":4},"end":{"line":12,"column":28}},"8":{"start":{"line":16,"column":2},"end":{"line":16,"column":24}},"9":{"start":{"line":19,"column":22},"end":{"line":21,"column":2}},"10":{"start":{"line":20,"column":2},"end":{"line":20,"column":25}},"11":{"start":{"line":23,"column":1},"end":{"line":71,"column":3}},"12":{"start":{"line":50,"column":10},"end":{"line":50,"column":68}},"13":{"start":{"line":60,"column":10},"end":{"line":62,"column":15}}},"fnMap":{"0":{"name":"PokemonItem","decl":{"start":{"line":3,"column":9},"end":{"line":3,"column":20}},"loc":{"start":{"line":3,"column":34},"end":{"line":72,"column":1}},"line":3},"1":{"name":"(anonymous_1)","decl":{"start":{"line":7,"column":11},"end":{"line":7,"column":12}},"loc":{"start":{"line":7,"column":17},"end":{"line":17,"column":2}},"line":7},"2":{"name":"(anonymous_2)","decl":{"start":{"line":8,"column":30},"end":{"line":8,"column":31}},"loc":{"start":{"line":8,"column":42},"end":{"line":14,"column":3}},"line":8},"3":{"name":"(anonymous_3)","decl":{"start":{"line":19,"column":22},"end":{"line":19,"column":23}},"loc":{"start":{"line":19,"column":28},"end":{"line":21,"column":2}},"line":19},"4":{"name":"(anonymous_4)","decl":{"start":{"line":49,"column":39},"end":{"line":49,"column":40}},"loc":{"start":{"line":50,"column":10},"end":{"line":50,"column":68}},"line":50},"5":{"name":"(anonymous_5)","decl":{"start":{"line":59,"column":35},"end":{"line":59,"column":36}},"loc":{"start":{"line":60,"column":10},"end":{"line":62,"column":15}},"line":60}},"branchMap":{"0":{"loc":{"start":{"line":9,"column":3},"end":{"line":13,"column":4}},"type":"if","locations":[{"start":{"line":9,"column":3},"end":{"line":13,"column":4}},{"start":{},"end":{}}],"line":9},"1":{"loc":{"start":{"line":28,"column":4},"end":{"line":69,"column":4}},"type":"binary-expr","locations":[{"start":{"line":28,"column":4},"end":{"line":28,"column":12}},{"start":{"line":28,"column":16},"end":{"line":28,"column":30}},{"start":{"line":29,"column":4},"end":{"line":68,"column":10}}],"line":28}},"s":{"0":0,"1":0,"2":0,"3":0,"4":0,"5":0,"6":0,"7":0,"8":0,"9":0,"10":0,"11":0,"12":0,"13":0},"f":{"0":0,"1":0,"2":0,"3":0,"4":0,"5":0},"b":{"0":[0,0],"1":[0,0,0]},"_coverageSchema":"1a1c01bbd47fc00a2c39e90264f33305004495a9","hash":"aa30f5be04af6ca5ddf95d029e80b7f6597d892d"}
,"/Users/shashankbr/MO-PCCO.R3-assignment-files/RA_15.2/task-03/src/PokemonList.js": {"path":"/Users/shashankbr/MO-PCCO.R3-assignment-files/RA_15.2/task-03/src/PokemonList.js","statementMap":{"0":{"start":{"line":4,"column":20},"end":{"line":12,"column":1}},"1":{"start":{"line":5,"column":1},"end":{"line":11,"column":3}},"2":{"start":{"line":8,"column":4},"end":{"line":8,"column":70}}},"fnMap":{"0":{"name":"(anonymous_0)","decl":{"start":{"line":4,"column":20},"end":{"line":4,"column":21}},"loc":{"start":{"line":4,"column":38},"end":{"line":12,"column":1}},"line":4},"1":{"name":"(anonymous_1)","decl":{"start":{"line":7,"column":17},"end":{"line":7,"column":18}},"loc":{"start":{"line":8,"column":4},"end":{"line":8,"column":70}},"line":8}},"branchMap":{},"s":{"0":1,"1":4,"2":0},"f":{"0":4,"1":0},"b":{},"_coverageSchema":"1a1c01bbd47fc00a2c39e90264f33305004495a9","hash":"5a1932ae8aa2c0a77a69aa83f636d8ed44847285"}
}
