TN:
SF:src/App.js
FN:5,(anonymous_0)
FN:11,(anonymous_1)
FN:12,(anonymous_2)
FN:24,(anonymous_3)
FN:28,(anonymous_4)
FN:44,(anonymous_5)
FN:57,(anonymous_6)
FN:70,(anonymous_7)
FNF:8
FNH:6
FNDA:4,(anonymous_0)
FNDA:4,(anonymous_1)
FNDA:4,(anonymous_2)
FNDA:1,(anonymous_3)
FNDA:4,(anonymous_4)
FNDA:0,(anonymous_5)
FNDA:1,(anonymous_6)
FNDA:0,(anonymous_7)
DA:5,1
DA:6,4
DA:7,4
DA:8,4
DA:9,4
DA:11,4
DA:12,4
DA:13,4
DA:14,4
DA:17,0
DA:18,0
DA:21,4
DA:24,4
DA:25,1
DA:28,4
DA:29,4
DA:30,4
DA:31,4
DA:33,4
DA:37,4
DA:38,0
DA:42,4
DA:43,0
DA:44,0
DA:48,0
DA:49,0
DA:53,4
DA:54,40
DA:57,1
DA:65,4
DA:66,4
DA:67,4
DA:69,4
DA:70,0
DA:76,4
DA:79,4
LF:36
LH:28
BRDA:31,0,0,4
BRDA:31,0,1,0
BRDA:33,1,0,0
BRDA:33,1,1,4
BRDA:37,2,0,0
BRDA:37,2,1,4
BRDA:39,3,0,0
BRDA:39,3,1,0
BRDA:42,4,0,0
BRDA:42,4,1,4
BRDA:48,5,0,0
BRDA:48,5,1,0
BRDA:58,6,0,4
BRDA:58,6,1,36
BRDA:65,7,0,4
BRDA:65,7,1,0
BRDA:66,8,0,4
BRDA:66,8,1,0
BRF:18
BRH:8
end_of_record
TN:
SF:src/App.solution.js
FN:5,(anonymous_0)
FN:11,(anonymous_1)
FN:12,(anonymous_2)
FN:24,(anonymous_3)
FN:28,(anonymous_4)
FN:44,(anonymous_5)
FN:57,(anonymous_6)
FN:70,(anonymous_7)
FNF:8
FNH:0
FNDA:0,(anonymous_0)
FNDA:0,(anonymous_1)
FNDA:0,(anonymous_2)
FNDA:0,(anonymous_3)
FNDA:0,(anonymous_4)
FNDA:0,(anonymous_5)
FNDA:0,(anonymous_6)
FNDA:0,(anonymous_7)
DA:5,0
DA:6,0
DA:7,0
DA:8,0
DA:9,0
DA:11,0
DA:12,0
DA:13,0
DA:14,0
DA:17,0
DA:18,0
DA:21,0
DA:24,0
DA:25,0
DA:28,0
DA:29,0
DA:30,0
DA:31,0
DA:33,0
DA:37,0
DA:38,0
DA:42,0
DA:43,0
DA:44,0
DA:48,0
DA:49,0
DA:53,0
DA:54,0
DA:57,0
DA:65,0
DA:66,0
DA:67,0
DA:69,0
DA:70,0
DA:76,0
DA:79,0
LF:36
LH:0
BRDA:31,0,0,0
BRDA:31,0,1,0
BRDA:33,1,0,0
BRDA:33,1,1,0
BRDA:37,2,0,0
BRDA:37,2,1,0
BRDA:39,3,0,0
BRDA:39,3,1,0
BRDA:42,4,0,0
BRDA:42,4,1,0
BRDA:48,5,0,0
BRDA:48,5,1,0
BRDA:58,6,0,0
BRDA:58,6,1,0
BRDA:65,7,0,0
BRDA:65,7,1,0
BRDA:66,8,0,0
BRDA:66,8,1,0
BRF:18
BRH:0
end_of_record
TN:
SF:src/PokemonItem.js
FN:3,PokemonItem
FN:7,(anonymous_1)
FN:8,(anonymous_2)
FN:19,(anonymous_3)
FN:49,(anonymous_4)
FN:59,(anonymous_5)
FNF:6
FNH:0
FNDA:0,PokemonItem
FNDA:0,(anonymous_1)
FNDA:0,(anonymous_2)
FNDA:0,(anonymous_3)
FNDA:0,(anonymous_4)
FNDA:0,(anonymous_5)
DA:4,0
DA:5,0
DA:7,0
DA:8,0
DA:9,0
DA:10,0
DA:11,0
DA:12,0
DA:16,0
DA:19,0
DA:20,0
DA:23,0
DA:50,0
DA:60,0
LF:14
LH:0
BRDA:9,0,0,0
BRDA:9,0,1,0
BRDA:28,1,0,0
BRDA:28,1,1,0
BRDA:28,1,2,0
BRF:5
BRH:0
end_of_record
TN:
SF:src/PokemonList.js
FN:4,(anonymous_0)
FN:7,(anonymous_1)
FNF:2
FNH:1
FNDA:4,(anonymous_0)
FNDA:0,(anonymous_1)
DA:4,1
DA:5,4
DA:8,0
LF:3
LH:2
BRF:0
BRH:0
end_of_record
