{"/Users/shashankbr/MO-PCCO.R3-assignment-files/RA_15.2/task-02/src/App.js": {"path":"/Users/shashankbr/MO-PCCO.R3-assignment-files/RA_15.2/task-02/src/App.js","statementMap":{"0":{"start":{"line":5,"column":12},"end":{"line":27,"column":1}},"1":{"start":{"line":6,"column":33},"end":{"line":6,"column":45}},"2":{"start":{"line":8,"column":1},"end":{"line":19,"column":8}},"3":{"start":{"line":9,"column":24},"end":{"line":16,"column":3}},"4":{"start":{"line":10,"column":20},"end":{"line":12,"column":4}},"5":{"start":{"line":14,"column":16},"end":{"line":14,"column":37}},"6":{"start":{"line":15,"column":3},"end":{"line":15,"column":29}},"7":{"start":{"line":18,"column":2},"end":{"line":18,"column":18}},"8":{"start":{"line":21,"column":1},"end":{"line":26,"column":3}}},"fnMap":{"0":{"name":"(anonymous_0)","decl":{"start":{"line":5,"column":12},"end":{"line":5,"column":13}},"loc":{"start":{"line":5,"column":18},"end":{"line":27,"column":1}},"line":5},"1":{"name":"(anonymous_1)","decl":{"start":{"line":8,"column":11},"end":{"line":8,"column":12}},"loc":{"start":{"line":8,"column":17},"end":{"line":19,"column":2}},"line":8},"2":{"name":"(anonymous_2)","decl":{"start":{"line":9,"column":24},"end":{"line":9,"column":25}},"loc":{"start":{"line":9,"column":36},"end":{"line":16,"column":3}},"line":9}},"branchMap":{},"s":{"0":0,"1":0,"2":0,"3":0,"4":0,"5":0,"6":0,"7":0,"8":0},"f":{"0":0,"1":0,"2":0},"b":{}}
,"/Users/shashankbr/MO-PCCO.R3-assignment-files/RA_15.2/task-02/src/App.solution.js": {"path":"/Users/shashankbr/MO-PCCO.R3-assignment-files/RA_15.2/task-02/src/App.solution.js","statementMap":{"0":{"start":{"line":5,"column":12},"end":{"line":26,"column":1}},"1":{"start":{"line":6,"column":33},"end":{"line":6,"column":45}},"2":{"start":{"line":8,"column":1},"end":{"line":18,"column":8}},"3":{"start":{"line":9,"column":24},"end":{"line":15,"column":3}},"4":{"start":{"line":10,"column":20},"end":{"line":12,"column":4}},"5":{"start":{"line":13,"column":16},"end":{"line":13,"column":37}},"6":{"start":{"line":14,"column":3},"end":{"line":14,"column":29}},"7":{"start":{"line":17,"column":2},"end":{"line":17,"column":18}},"8":{"start":{"line":20,"column":1},"end":{"line":25,"column":3}}},"fnMap":{"0":{"name":"(anonymous_0)","decl":{"start":{"line":5,"column":12},"end":{"line":5,"column":13}},"loc":{"start":{"line":5,"column":18},"end":{"line":26,"column":1}},"line":5},"1":{"name":"(anonymous_1)","decl":{"start":{"line":8,"column":11},"end":{"line":8,"column":12}},"loc":{"start":{"line":8,"column":17},"end":{"line":18,"column":2}},"line":8},"2":{"name":"(anonymous_2)","decl":{"start":{"line":9,"column":24},"end":{"line":9,"column":25}},"loc":{"start":{"line":9,"column":36},"end":{"line":15,"column":3}},"line":9}},"branchMap":{},"s":{"0":1,"1":4,"2":4,"3":3,"4":3,"5":3,"6":3,"7":3,"8":4},"f":{"0":4,"1":3,"2":3},"b":{},"_coverageSchema":"1a1c01bbd47fc00a2c39e90264f33305004495a9","hash":"511bd38906423558a1bcf06afea3b7bcb6b3bbe0"}
,"/Users/shashankbr/MO-PCCO.R3-assignment-files/RA_15.2/task-02/src/PokemonItem.js": {"path":"/Users/shashankbr/MO-PCCO.R3-assignment-files/RA_15.2/task-02/src/PokemonItem.js","statementMap":{"0":{"start":{"line":4,"column":45},"end":{"line":4,"column":59}},"1":{"start":{"line":5,"column":33},"end":{"line":5,"column":48}},"2":{"start":{"line":7,"column":1},"end":{"line":17,"column":29}},"3":{"start":{"line":8,"column":30},"end":{"line":14,"column":3}},"4":{"start":{"line":9,"column":3},"end":{"line":13,"column":4}},"5":{"start":{"line":10,"column":21},"end":{"line":10,"column":45}},"6":{"start":{"line":11,"column":17},"end":{"line":11,"column":38}},"7":{"start":{"line":12,"column":4},"end":{"line":12,"column":28}},"8":{"start":{"line":16,"column":2},"end":{"line":16,"column":24}},"9":{"start":{"line":19,"column":22},"end":{"line":21,"column":2}},"10":{"start":{"line":20,"column":2},"end":{"line":20,"column":25}},"11":{"start":{"line":23,"column":1},"end":{"line":71,"column":3}},"12":{"start":{"line":50,"column":10},"end":{"line":50,"column":68}},"13":{"start":{"line":60,"column":10},"end":{"line":62,"column":15}}},"fnMap":{"0":{"name":"PokemonItem","decl":{"start":{"line":3,"column":9},"end":{"line":3,"column":20}},"loc":{"start":{"line":3,"column":34},"end":{"line":72,"column":1}},"line":3},"1":{"name":"(anonymous_1)","decl":{"start":{"line":7,"column":11},"end":{"line":7,"column":12}},"loc":{"start":{"line":7,"column":17},"end":{"line":17,"column":2}},"line":7},"2":{"name":"(anonymous_2)","decl":{"start":{"line":8,"column":30},"end":{"line":8,"column":31}},"loc":{"start":{"line":8,"column":42},"end":{"line":14,"column":3}},"line":8},"3":{"name":"(anonymous_3)","decl":{"start":{"line":19,"column":22},"end":{"line":19,"column":23}},"loc":{"start":{"line":19,"column":28},"end":{"line":21,"column":2}},"line":19},"4":{"name":"(anonymous_4)","decl":{"start":{"line":49,"column":39},"end":{"line":49,"column":40}},"loc":{"start":{"line":50,"column":10},"end":{"line":50,"column":68}},"line":50},"5":{"name":"(anonymous_5)","decl":{"start":{"line":59,"column":35},"end":{"line":59,"column":36}},"loc":{"start":{"line":60,"column":10},"end":{"line":62,"column":15}},"line":60}},"branchMap":{"0":{"loc":{"start":{"line":9,"column":3},"end":{"line":13,"column":4}},"type":"if","locations":[{"start":{"line":9,"column":3},"end":{"line":13,"column":4}},{"start":{},"end":{}}],"line":9},"1":{"loc":{"start":{"line":28,"column":4},"end":{"line":69,"column":4}},"type":"binary-expr","locations":[{"start":{"line":28,"column":4},"end":{"line":28,"column":12}},{"start":{"line":28,"column":16},"end":{"line":28,"column":30}},{"start":{"line":29,"column":4},"end":{"line":68,"column":10}}],"line":28}},"s":{"0":10,"1":10,"2":10,"3":10,"4":10,"5":0,"6":0,"7":0,"8":10,"9":10,"10":0,"11":10,"12":0,"13":0},"f":{"0":10,"1":10,"2":10,"3":0,"4":0,"5":0},"b":{"0":[0,10],"1":[10,0,0]},"_coverageSchema":"1a1c01bbd47fc00a2c39e90264f33305004495a9","hash":"b1268f357ff103aafbae6d535234e5d2fd2fabb0"}
,"/Users/shashankbr/MO-PCCO.R3-assignment-files/RA_15.2/task-02/src/PokemonList.js": {"path":"/Users/shashankbr/MO-PCCO.R3-assignment-files/RA_15.2/task-02/src/PokemonList.js","statementMap":{"0":{"start":{"line":4,"column":20},"end":{"line":12,"column":1}},"1":{"start":{"line":5,"column":1},"end":{"line":11,"column":3}},"2":{"start":{"line":8,"column":4},"end":{"line":8,"column":70}}},"fnMap":{"0":{"name":"(anonymous_0)","decl":{"start":{"line":4,"column":20},"end":{"line":4,"column":21}},"loc":{"start":{"line":4,"column":38},"end":{"line":12,"column":1}},"line":4},"1":{"name":"(anonymous_1)","decl":{"start":{"line":7,"column":17},"end":{"line":7,"column":18}},"loc":{"start":{"line":8,"column":4},"end":{"line":8,"column":70}},"line":8}},"branchMap":{},"s":{"0":1,"1":4,"2":10},"f":{"0":4,"1":10},"b":{},"_coverageSchema":"1a1c01bbd47fc00a2c39e90264f33305004495a9","hash":"2c4804a800abd055aa0c24c23cffe6e196f9d345"}
}
