<?xml version="1.0" encoding="UTF-8"?>
<coverage generated="1707295881677" clover="3.2.0">
  <project timestamp="1707295881677" name="All files">
    <metrics statements="24" coveredstatements="16" conditionals="2" coveredconditionals="1" methods="14" coveredmethods="9" elements="40" coveredelements="26" complexity="0" loc="24" ncloc="24" packages="1" files="4" classes="4"/>
    <file name="App.js" path="/Users/shashankbr/MO-PCCO.R3-assignment-files/RA_12.2/task-02/src/App.js">
      <metrics statements="1" coveredstatements="0" conditionals="0" coveredconditionals="0" methods="1" coveredmethods="0"/>
      <line num="6" count="0" type="stmt"/>
    </file>
    <file name="Counter.js" path="/Users/shashankbr/MO-PCCO.R3-assignment-files/RA_12.2/task-02/src/Counter.js">
      <metrics statements="8" coveredstatements="8" conditionals="2" coveredconditionals="1" methods="4" coveredmethods="4"/>
      <line num="5" count="32" type="stmt"/>
      <line num="6" count="4" type="stmt"/>
      <line num="9" count="32" type="stmt"/>
      <line num="10" count="1" type="cond" truecount="1" falsecount="1"/>
      <line num="11" count="1" type="stmt"/>
      <line num="15" count="32" type="stmt"/>
      <line num="16" count="1" type="stmt"/>
      <line num="19" count="32" type="stmt"/>
    </file>
    <file name="FruitContainer.js" path="/Users/shashankbr/MO-PCCO.R3-assignment-files/RA_12.2/task-02/src/FruitContainer.js">
      <metrics statements="7" coveredstatements="0" conditionals="0" coveredconditionals="0" methods="4" coveredmethods="0"/>
      <line num="5" count="0" type="stmt"/>
      <line num="12" count="0" type="stmt"/>
      <line num="14" count="0" type="stmt"/>
      <line num="15" count="0" type="stmt"/>
      <line num="21" count="0" type="stmt"/>
      <line num="24" count="0" type="stmt"/>
      <line num="28" count="0" type="stmt"/>
    </file>
    <file name="FruitContainer.solution.js" path="/Users/shashankbr/MO-PCCO.R3-assignment-files/RA_12.2/task-02/src/FruitContainer.solution.js">
      <metrics statements="8" coveredstatements="8" conditionals="0" coveredconditionals="0" methods="5" coveredmethods="5"/>
      <line num="5" count="8" type="stmt"/>
      <line num="12" count="8" type="stmt"/>
      <line num="14" count="8" type="stmt"/>
      <line num="15" count="6" type="stmt"/>
      <line num="21" count="8" type="stmt"/>
      <line num="22" count="32" type="stmt"/>
      <line num="26" count="8" type="stmt"/>
      <line num="30" count="32" type="stmt"/>
    </file>
  </project>
</coverage>
