{"/Users/shashankbr/MO-PCCO.R3-assignment-files/RA_12.2/task-02/src/App.js": {"path":"/Users/shashankbr/MO-PCCO.R3-assignment-files/RA_12.2/task-02/src/App.js","statementMap":{"0":{"start":{"line":6,"column":1},"end":{"line":11,"column":3}}},"fnMap":{"0":{"name":"App","decl":{"start":{"line":5,"column":9},"end":{"line":5,"column":12}},"loc":{"start":{"line":5,"column":15},"end":{"line":12,"column":1}},"line":5}},"branchMap":{},"s":{"0":0},"f":{"0":0},"b":{}}
,"/Users/shashankbr/MO-PCCO.R3-assignment-files/RA_12.2/task-02/src/Counter.js": {"path":"/Users/shashankbr/MO-PCCO.R3-assignment-files/RA_12.2/task-02/src/Counter.js","statementMap":{"0":{"start":{"line":5,"column":24},"end":{"line":7,"column":2}},"1":{"start":{"line":6,"column":2},"end":{"line":6,"column":33}},"2":{"start":{"line":9,"column":24},"end":{"line":13,"column":2}},"3":{"start":{"line":10,"column":2},"end":{"line":12,"column":3}},"4":{"start":{"line":11,"column":3},"end":{"line":11,"column":34}},"5":{"start":{"line":15,"column":20},"end":{"line":17,"column":2}},"6":{"start":{"line":16,"column":2},"end":{"line":16,"column":25}},"7":{"start":{"line":19,"column":1},"end":{"line":34,"column":3}}},"fnMap":{"0":{"name":"Counter","decl":{"start":{"line":4,"column":9},"end":{"line":4,"column":16}},"loc":{"start":{"line":4,"column":49},"end":{"line":35,"column":1}},"line":4},"1":{"name":"(anonymous_1)","decl":{"start":{"line":5,"column":24},"end":{"line":5,"column":25}},"loc":{"start":{"line":5,"column":30},"end":{"line":7,"column":2}},"line":5},"2":{"name":"(anonymous_2)","decl":{"start":{"line":9,"column":24},"end":{"line":9,"column":25}},"loc":{"start":{"line":9,"column":30},"end":{"line":13,"column":2}},"line":9},"3":{"name":"(anonymous_3)","decl":{"start":{"line":15,"column":20},"end":{"line":15,"column":21}},"loc":{"start":{"line":15,"column":26},"end":{"line":17,"column":2}},"line":15}},"branchMap":{"0":{"loc":{"start":{"line":10,"column":2},"end":{"line":12,"column":3}},"type":"if","locations":[{"start":{"line":10,"column":2},"end":{"line":12,"column":3}},{"start":{},"end":{}}],"line":10}},"s":{"0":32,"1":4,"2":32,"3":1,"4":1,"5":32,"6":1,"7":32},"f":{"0":32,"1":4,"2":1,"3":1},"b":{"0":[1,0]},"_coverageSchema":"1a1c01bbd47fc00a2c39e90264f33305004495a9","hash":"f1cf3259571f0f5c30599cf2dab5409deb380bc3"}
,"/Users/shashankbr/MO-PCCO.R3-assignment-files/RA_12.2/task-02/src/FruitContainer.js": {"path":"/Users/shashankbr/MO-PCCO.R3-assignment-files/RA_12.2/task-02/src/FruitContainer.js","statementMap":{"0":{"start":{"line":5,"column":23},"end":{"line":10,"column":2}},"1":{"start":{"line":12,"column":39},"end":{"line":12,"column":62}},"2":{"start":{"line":14,"column":18},"end":{"line":19,"column":2}},"3":{"start":{"line":15,"column":2},"end":{"line":18,"column":6}},"4":{"start":{"line":15,"column":34},"end":{"line":18,"column":3}},"5":{"start":{"line":21,"column":18},"end":{"line":21,"column":19}},"6":{"start":{"line":24,"column":1},"end":{"line":38,"column":3}},"7":{"start":{"line":28,"column":5},"end":{"line":33,"column":7}}},"fnMap":{"0":{"name":"FruitContainer","decl":{"start":{"line":4,"column":9},"end":{"line":4,"column":23}},"loc":{"start":{"line":4,"column":26},"end":{"line":39,"column":1}},"line":4},"1":{"name":"(anonymous_1)","decl":{"start":{"line":14,"column":18},"end":{"line":14,"column":19}},"loc":{"start":{"line":14,"column":39},"end":{"line":19,"column":2}},"line":14},"2":{"name":"(anonymous_2)","decl":{"start":{"line":15,"column":17},"end":{"line":15,"column":18}},"loc":{"start":{"line":15,"column":34},"end":{"line":18,"column":3}},"line":15},"3":{"name":"(anonymous_3)","decl":{"start":{"line":27,"column":37},"end":{"line":27,"column":38}},"loc":{"start":{"line":28,"column":5},"end":{"line":33,"column":7}},"line":28}},"branchMap":{},"s":{"0":0,"1":0,"2":0,"3":0,"4":0,"5":0,"6":0,"7":0},"f":{"0":0,"1":0,"2":0,"3":0},"b":{}}
,"/Users/shashankbr/MO-PCCO.R3-assignment-files/RA_12.2/task-02/src/FruitContainer.solution.js": {"path":"/Users/shashankbr/MO-PCCO.R3-assignment-files/RA_12.2/task-02/src/FruitContainer.solution.js","statementMap":{"0":{"start":{"line":5,"column":23},"end":{"line":10,"column":2}},"1":{"start":{"line":12,"column":39},"end":{"line":12,"column":62}},"2":{"start":{"line":14,"column":18},"end":{"line":19,"column":2}},"3":{"start":{"line":15,"column":2},"end":{"line":18,"column":6}},"4":{"start":{"line":15,"column":34},"end":{"line":18,"column":3}},"5":{"start":{"line":21,"column":18},"end":{"line":24,"column":2}},"6":{"start":{"line":22,"column":18},"end":{"line":22,"column":29}},"7":{"start":{"line":26,"column":1},"end":{"line":40,"column":3}},"8":{"start":{"line":30,"column":5},"end":{"line":35,"column":7}}},"fnMap":{"0":{"name":"FruitContainer","decl":{"start":{"line":4,"column":9},"end":{"line":4,"column":23}},"loc":{"start":{"line":4,"column":26},"end":{"line":41,"column":1}},"line":4},"1":{"name":"(anonymous_1)","decl":{"start":{"line":14,"column":18},"end":{"line":14,"column":19}},"loc":{"start":{"line":14,"column":39},"end":{"line":19,"column":2}},"line":14},"2":{"name":"(anonymous_2)","decl":{"start":{"line":15,"column":17},"end":{"line":15,"column":18}},"loc":{"start":{"line":15,"column":34},"end":{"line":18,"column":3}},"line":15},"3":{"name":"(anonymous_3)","decl":{"start":{"line":22,"column":2},"end":{"line":22,"column":3}},"loc":{"start":{"line":22,"column":18},"end":{"line":22,"column":29}},"line":22},"4":{"name":"(anonymous_4)","decl":{"start":{"line":29,"column":37},"end":{"line":29,"column":38}},"loc":{"start":{"line":30,"column":5},"end":{"line":35,"column":7}},"line":30}},"branchMap":{},"s":{"0":8,"1":8,"2":8,"3":6,"4":6,"5":8,"6":32,"7":8,"8":32},"f":{"0":8,"1":6,"2":6,"3":32,"4":32},"b":{},"_coverageSchema":"1a1c01bbd47fc00a2c39e90264f33305004495a9","hash":"314dcc330bac4abd4291b9b04bacc4f40f7cc7d0"}
}
