TN:
SF:src/App.js
FN:5,App
FNF:1
FNH:0
FNDA:0,App
DA:6,0
LF:1
LH:0
BRF:0
BRH:0
end_of_record
TN:
SF:src/Counter.js
FN:4,Counter
FN:5,(anonymous_1)
FN:9,(anonymous_2)
FN:15,(anonymous_3)
FNF:4
FNH:4
FNDA:32,Counter
FNDA:4,(anonymous_1)
FNDA:1,(anonymous_2)
FNDA:1,(anonymous_3)
DA:5,32
DA:6,4
DA:9,32
DA:10,1
DA:11,1
DA:15,32
DA:16,1
DA:19,32
LF:8
LH:8
BRDA:10,0,0,1
BRDA:10,0,1,0
BRF:2
BRH:1
end_of_record
TN:
SF:src/FruitContainer.js
FN:4,FruitContainer
FN:14,(anonymous_1)
FN:15,(anonymous_2)
FN:27,(anonymous_3)
FNF:4
FNH:0
FNDA:0,FruitContainer
FNDA:0,(anonymous_1)
FNDA:0,(anonymous_2)
FNDA:0,(anonymous_3)
DA:5,0
DA:12,0
DA:14,0
DA:15,0
DA:21,0
DA:24,0
DA:28,0
LF:7
LH:0
BRF:0
BRH:0
end_of_record
TN:
SF:src/FruitContainer.solution.js
FN:4,FruitContainer
FN:14,(anonymous_1)
FN:15,(anonymous_2)
FN:22,(anonymous_3)
FN:29,(anonymous_4)
FNF:5
FNH:5
FNDA:8,FruitContainer
FNDA:6,(anonymous_1)
FNDA:6,(anonymous_2)
FNDA:32,(anonymous_3)
FNDA:32,(anonymous_4)
DA:5,8
DA:12,8
DA:14,8
DA:15,6
DA:21,8
DA:22,32
DA:26,8
DA:30,32
LF:8
LH:8
BRF:0
BRH:0
end_of_record
