{"/Users/shashankbr/MO-PCCO.R3-assignment-files/RA_11.2/task-01/src/App.js": {"path":"/Users/shashankbr/MO-PCCO.R3-assignment-files/RA_11.2/task-01/src/App.js","statementMap":{"0":{"start":{"line":5,"column":1},"end":{"line":24,"column":3}}},"fnMap":{"0":{"name":"App","decl":{"start":{"line":4,"column":9},"end":{"line":4,"column":12}},"loc":{"start":{"line":4,"column":15},"end":{"line":25,"column":1}},"line":4}},"branchMap":{},"s":{"0":0},"f":{"0":0},"b":{}}
,"/Users/shashankbr/MO-PCCO.R3-assignment-files/RA_11.2/task-01/src/MovieCard.js": {"path":"/Users/shashankbr/MO-PCCO.R3-assignment-files/RA_11.2/task-01/src/MovieCard.js","statementMap":{"0":{"start":{"line":5,"column":1},"end":{"line":33,"column":3}}},"fnMap":{"0":{"name":"MovieCard","decl":{"start":{"line":4,"column":9},"end":{"line":4,"column":18}},"loc":{"start":{"line":4,"column":69},"end":{"line":34,"column":1}},"line":4}},"branchMap":{},"s":{"0":2},"f":{"0":2},"b":{},"_coverageSchema":"1a1c01bbd47fc00a2c39e90264f33305004495a9","hash":"2bb575a60bf7a5189cbe6f3dc9bfffaec6bb28a1"}
,"/Users/shashankbr/MO-PCCO.R3-assignment-files/RA_11.2/task-01/src/MovieCard.solution.js": {"path":"/Users/shashankbr/MO-PCCO.R3-assignment-files/RA_11.2/task-01/src/MovieCard.solution.js","statementMap":{"0":{"start":{"line":5,"column":1},"end":{"line":26,"column":3}}},"fnMap":{"0":{"name":"MovieCard","decl":{"start":{"line":4,"column":9},"end":{"line":4,"column":18}},"loc":{"start":{"line":4,"column":69},"end":{"line":27,"column":1}},"line":4}},"branchMap":{},"s":{"0":0},"f":{"0":0},"b":{}}
}
