{"/Users/shashankbr/MO-PCCO.R3-assignment-files/RA_16.1/task-01/src/AddRecipe.js": {"path":"/Users/shashankbr/MO-PCCO.R3-assignment-files/RA_16.1/task-01/src/AddRecipe.js","statementMap":{"0":{"start":{"line":5,"column":18},"end":{"line":57,"column":1}},"1":{"start":{"line":6,"column":25},"end":{"line":6,"column":37}},"2":{"start":{"line":7,"column":39},"end":{"line":7,"column":51}},"3":{"start":{"line":8,"column":41},"end":{"line":8,"column":53}},"4":{"start":{"line":9,"column":23},"end":{"line":9,"column":48}},"5":{"start":{"line":11,"column":22},"end":{"line":22,"column":2}},"6":{"start":{"line":12,"column":2},"end":{"line":12,"column":21}},"7":{"start":{"line":13,"column":2},"end":{"line":18,"column":5}},"8":{"start":{"line":19,"column":2},"end":{"line":19,"column":14}},"9":{"start":{"line":20,"column":2},"end":{"line":20,"column":21}},"10":{"start":{"line":21,"column":2},"end":{"line":21,"column":22}},"11":{"start":{"line":24,"column":1},"end":{"line":56,"column":3}},"12":{"start":{"line":33,"column":22},"end":{"line":33,"column":45}},"13":{"start":{"line":42,"column":22},"end":{"line":42,"column":52}},"14":{"start":{"line":51,"column":22},"end":{"line":51,"column":53}}},"fnMap":{"0":{"name":"(anonymous_0)","decl":{"start":{"line":5,"column":18},"end":{"line":5,"column":19}},"loc":{"start":{"line":5,"column":24},"end":{"line":57,"column":1}},"line":5},"1":{"name":"(anonymous_1)","decl":{"start":{"line":11,"column":22},"end":{"line":11,"column":23}},"loc":{"start":{"line":11,"column":29},"end":{"line":22,"column":2}},"line":11},"2":{"name":"(anonymous_2)","decl":{"start":{"line":33,"column":15},"end":{"line":33,"column":16}},"loc":{"start":{"line":33,"column":22},"end":{"line":33,"column":45}},"line":33},"3":{"name":"(anonymous_3)","decl":{"start":{"line":42,"column":15},"end":{"line":42,"column":16}},"loc":{"start":{"line":42,"column":22},"end":{"line":42,"column":52}},"line":42},"4":{"name":"(anonymous_4)","decl":{"start":{"line":51,"column":15},"end":{"line":51,"column":16}},"loc":{"start":{"line":51,"column":22},"end":{"line":51,"column":53}},"line":51}},"branchMap":{},"s":{"0":0,"1":0,"2":0,"3":0,"4":0,"5":0,"6":0,"7":0,"8":0,"9":0,"10":0,"11":0,"12":0,"13":0,"14":0},"f":{"0":0,"1":0,"2":0,"3":0,"4":0},"b":{}}
,"/Users/shashankbr/MO-PCCO.R3-assignment-files/RA_16.1/task-01/src/App.js": {"path":"/Users/shashankbr/MO-PCCO.R3-assignment-files/RA_16.1/task-01/src/App.js","statementMap":{"0":{"start":{"line":7,"column":12},"end":{"line":17,"column":1}},"1":{"start":{"line":8,"column":1},"end":{"line":16,"column":3}}},"fnMap":{"0":{"name":"(anonymous_0)","decl":{"start":{"line":7,"column":12},"end":{"line":7,"column":13}},"loc":{"start":{"line":7,"column":18},"end":{"line":17,"column":1}},"line":7}},"branchMap":{},"s":{"0":0,"1":0},"f":{"0":0},"b":{}}
,"/Users/shashankbr/MO-PCCO.R3-assignment-files/RA_16.1/task-01/src/RecipeCard.js": {"path":"/Users/shashankbr/MO-PCCO.R3-assignment-files/RA_16.1/task-01/src/RecipeCard.js","statementMap":{"0":{"start":{"line":3,"column":19},"end":{"line":15,"column":1}},"1":{"start":{"line":4,"column":1},"end":{"line":14,"column":3}}},"fnMap":{"0":{"name":"(anonymous_0)","decl":{"start":{"line":3,"column":19},"end":{"line":3,"column":20}},"loc":{"start":{"line":3,"column":35},"end":{"line":15,"column":1}},"line":3}},"branchMap":{},"s":{"0":0,"1":0},"f":{"0":0},"b":{}}
,"/Users/shashankbr/MO-PCCO.R3-assignment-files/RA_16.1/task-01/src/RecipeContext.js": {"path":"/Users/shashankbr/MO-PCCO.R3-assignment-files/RA_16.1/task-01/src/RecipeContext.js","statementMap":{"0":{"start":{"line":3,"column":29},"end":{"line":3,"column":44}},"1":{"start":{"line":5,"column":30},"end":{"line":17,"column":1}},"2":{"start":{"line":6,"column":31},"end":{"line":6,"column":43}},"3":{"start":{"line":8,"column":19},"end":{"line":10,"column":2}},"4":{"start":{"line":12,"column":1},"end":{"line":16,"column":3}}},"fnMap":{"0":{"name":"(anonymous_0)","decl":{"start":{"line":5,"column":30},"end":{"line":5,"column":31}},"loc":{"start":{"line":5,"column":48},"end":{"line":17,"column":1}},"line":5},"1":{"name":"(anonymous_1)","decl":{"start":{"line":8,"column":19},"end":{"line":8,"column":20}},"loc":{"start":{"line":8,"column":31},"end":{"line":10,"column":2}},"line":8}},"branchMap":{},"s":{"0":0,"1":0,"2":0,"3":0,"4":0},"f":{"0":0,"1":0},"b":{}}
,"/Users/shashankbr/MO-PCCO.R3-assignment-files/RA_16.1/task-01/src/RecipeContext.solution.js": {"path":"/Users/shashankbr/MO-PCCO.R3-assignment-files/RA_16.1/task-01/src/RecipeContext.solution.js","statementMap":{"0":{"start":{"line":3,"column":29},"end":{"line":3,"column":44}},"1":{"start":{"line":5,"column":30},"end":{"line":17,"column":1}},"2":{"start":{"line":6,"column":31},"end":{"line":6,"column":43}},"3":{"start":{"line":8,"column":19},"end":{"line":10,"column":2}},"4":{"start":{"line":9,"column":2},"end":{"line":9,"column":35}},"5":{"start":{"line":12,"column":1},"end":{"line":16,"column":3}}},"fnMap":{"0":{"name":"(anonymous_0)","decl":{"start":{"line":5,"column":30},"end":{"line":5,"column":31}},"loc":{"start":{"line":5,"column":48},"end":{"line":17,"column":1}},"line":5},"1":{"name":"(anonymous_1)","decl":{"start":{"line":8,"column":19},"end":{"line":8,"column":20}},"loc":{"start":{"line":8,"column":31},"end":{"line":10,"column":2}},"line":8}},"branchMap":{},"s":{"0":1,"1":1,"2":2,"3":2,"4":1,"5":2},"f":{"0":2,"1":1},"b":{},"_coverageSchema":"1a1c01bbd47fc00a2c39e90264f33305004495a9","hash":"f74e5af022aac81b0bc0a2f835826eff2a01d9e3"}
,"/Users/shashankbr/MO-PCCO.R3-assignment-files/RA_16.1/task-01/src/RecipeList.js": {"path":"/Users/shashankbr/MO-PCCO.R3-assignment-files/RA_16.1/task-01/src/RecipeList.js","statementMap":{"0":{"start":{"line":5,"column":19},"end":{"line":21,"column":1}},"1":{"start":{"line":6,"column":21},"end":{"line":6,"column":46}},"2":{"start":{"line":8,"column":1},"end":{"line":12,"column":2}},"3":{"start":{"line":9,"column":2},"end":{"line":11,"column":4}},"4":{"start":{"line":14,"column":1},"end":{"line":20,"column":3}},"5":{"start":{"line":17,"column":4},"end":{"line":17,"column":50}}},"fnMap":{"0":{"name":"(anonymous_0)","decl":{"start":{"line":5,"column":19},"end":{"line":5,"column":20}},"loc":{"start":{"line":5,"column":25},"end":{"line":21,"column":1}},"line":5},"1":{"name":"(anonymous_1)","decl":{"start":{"line":16,"column":16},"end":{"line":16,"column":17}},"loc":{"start":{"line":17,"column":4},"end":{"line":17,"column":50}},"line":17}},"branchMap":{"0":{"loc":{"start":{"line":8,"column":1},"end":{"line":12,"column":2}},"type":"if","locations":[{"start":{"line":8,"column":1},"end":{"line":12,"column":2}},{"start":{},"end":{}}],"line":8}},"s":{"0":0,"1":0,"2":0,"3":0,"4":0,"5":0},"f":{"0":0,"1":0},"b":{"0":[0,0]}}
}
