{"/Users/shashankbr/MO-PCCO.R3-assignment-files/RA_16.4_Styling_bad_bank/task-01/src/App.js": {"path":"/Users/shashankbr/MO-PCCO.R3-assignment-files/RA_16.4_Styling_bad_bank/task-01/src/App.js","statementMap":{"0":{"start":{"line":14,"column":1},"end":{"line":32,"column":3}}},"fnMap":{"0":{"name":"App","decl":{"start":{"line":13,"column":9},"end":{"line":13,"column":12}},"loc":{"start":{"line":13,"column":15},"end":{"line":33,"column":1}},"line":13}},"branchMap":{},"s":{"0":0},"f":{"0":0},"b":{}}
,"/Users/shashankbr/MO-PCCO.R3-assignment-files/RA_16.4_Styling_bad_bank/task-01/src/alldata.js": {"path":"/Users/shashankbr/MO-PCCO.R3-assignment-files/RA_16.4_Styling_bad_bank/task-01/src/alldata.js","statementMap":{"0":{"start":{"line":4,"column":13},"end":{"line":4,"column":36}},"1":{"start":{"line":5,"column":1},"end":{"line":9,"column":3}}},"fnMap":{"0":{"name":"AllData","decl":{"start":{"line":3,"column":9},"end":{"line":3,"column":16}},"loc":{"start":{"line":3,"column":19},"end":{"line":10,"column":1}},"line":3}},"branchMap":{},"s":{"0":0,"1":0},"f":{"0":0},"b":{}}
,"/Users/shashankbr/MO-PCCO.R3-assignment-files/RA_16.4_Styling_bad_bank/task-01/src/balance.js": {"path":"/Users/shashankbr/MO-PCCO.R3-assignment-files/RA_16.4_Styling_bad_bank/task-01/src/balance.js","statementMap":{"0":{"start":{"line":5,"column":13},"end":{"line":5,"column":36}},"1":{"start":{"line":6,"column":1},"end":{"line":6,"column":25}}},"fnMap":{"0":{"name":"Balance","decl":{"start":{"line":4,"column":9},"end":{"line":4,"column":16}},"loc":{"start":{"line":4,"column":19},"end":{"line":7,"column":1}},"line":4}},"branchMap":{},"s":{"0":0,"1":0},"f":{"0":0},"b":{}}
,"/Users/shashankbr/MO-PCCO.R3-assignment-files/RA_16.4_Styling_bad_bank/task-01/src/card.js": {"path":"/Users/shashankbr/MO-PCCO.R3-assignment-files/RA_16.4_Styling_bad_bank/task-01/src/card.js","statementMap":{"0":{"start":{"line":4,"column":13},"end":{"line":4,"column":57}},"1":{"start":{"line":5,"column":14},"end":{"line":5,"column":72}},"2":{"start":{"line":6,"column":2},"end":{"line":6,"column":33}},"3":{"start":{"line":9,"column":1},"end":{"line":19,"column":3}}},"fnMap":{"0":{"name":"Card","decl":{"start":{"line":2,"column":9},"end":{"line":2,"column":13}},"loc":{"start":{"line":2,"column":21},"end":{"line":20,"column":1}},"line":2},"1":{"name":"classes","decl":{"start":{"line":3,"column":10},"end":{"line":3,"column":17}},"loc":{"start":{"line":3,"column":20},"end":{"line":7,"column":2}},"line":3}},"branchMap":{"0":{"loc":{"start":{"line":4,"column":13},"end":{"line":4,"column":57}},"type":"cond-expr","locations":[{"start":{"line":4,"column":29},"end":{"line":4,"column":51}},{"start":{"line":4,"column":54},"end":{"line":4,"column":57}}],"line":4},"1":{"loc":{"start":{"line":5,"column":14},"end":{"line":5,"column":72}},"type":"cond-expr","locations":[{"start":{"line":5,"column":31},"end":{"line":5,"column":56}},{"start":{"line":5,"column":59},"end":{"line":5,"column":72}}],"line":5},"2":{"loc":{"start":{"line":13,"column":5},"end":{"line":13,"column":65}},"type":"binary-expr","locations":[{"start":{"line":13,"column":5},"end":{"line":13,"column":16}},{"start":{"line":13,"column":20},"end":{"line":13,"column":65}}],"line":13},"3":{"loc":{"start":{"line":14,"column":5},"end":{"line":14,"column":60}},"type":"binary-expr","locations":[{"start":{"line":14,"column":5},"end":{"line":14,"column":15}},{"start":{"line":14,"column":19},"end":{"line":14,"column":60}}],"line":14},"4":{"loc":{"start":{"line":16,"column":5},"end":{"line":16,"column":64}},"type":"binary-expr","locations":[{"start":{"line":16,"column":5},"end":{"line":16,"column":17}},{"start":{"line":16,"column":21},"end":{"line":16,"column":64}}],"line":16}},"s":{"0":0,"1":0,"2":0,"3":0},"f":{"0":0,"1":0},"b":{"0":[0,0],"1":[0,0],"2":[0,0],"3":[0,0],"4":[0,0]}}
,"/Users/shashankbr/MO-PCCO.R3-assignment-files/RA_16.4_Styling_bad_bank/task-01/src/context.js": {"path":"/Users/shashankbr/MO-PCCO.R3-assignment-files/RA_16.4_Styling_bad_bank/task-01/src/context.js","statementMap":{"0":{"start":{"line":2,"column":27},"end":{"line":2,"column":42}},"1":{"start":{"line":4,"column":28},"end":{"line":21,"column":1}},"2":{"start":{"line":5,"column":1},"end":{"line":20,"column":3}}},"fnMap":{"0":{"name":"(anonymous_0)","decl":{"start":{"line":4,"column":28},"end":{"line":4,"column":29}},"loc":{"start":{"line":4,"column":46},"end":{"line":21,"column":1}},"line":4}},"branchMap":{},"s":{"0":1,"1":1,"2":0},"f":{"0":0},"b":{},"_coverageSchema":"1a1c01bbd47fc00a2c39e90264f33305004495a9","hash":"db2dba1469f837033d055f9ed992ac62db50cf77"}
,"/Users/shashankbr/MO-PCCO.R3-assignment-files/RA_16.4_Styling_bad_bank/task-01/src/createaccount.js": {"path":"/Users/shashankbr/MO-PCCO.R3-assignment-files/RA_16.4_Styling_bad_bank/task-01/src/createaccount.js","statementMap":{"0":{"start":{"line":4,"column":13},"end":{"line":4,"column":36}},"1":{"start":{"line":5,"column":1},"end":{"line":5,"column":32}}},"fnMap":{"0":{"name":"CreateAccount","decl":{"start":{"line":3,"column":9},"end":{"line":3,"column":22}},"loc":{"start":{"line":3,"column":25},"end":{"line":6,"column":1}},"line":3}},"branchMap":{},"s":{"0":0,"1":0},"f":{"0":0},"b":{}}
,"/Users/shashankbr/MO-PCCO.R3-assignment-files/RA_16.4_Styling_bad_bank/task-01/src/deposit.js": {"path":"/Users/shashankbr/MO-PCCO.R3-assignment-files/RA_16.4_Styling_bad_bank/task-01/src/deposit.js","statementMap":{"0":{"start":{"line":5,"column":13},"end":{"line":5,"column":36}},"1":{"start":{"line":6,"column":1},"end":{"line":6,"column":25}}},"fnMap":{"0":{"name":"Deposit","decl":{"start":{"line":4,"column":9},"end":{"line":4,"column":16}},"loc":{"start":{"line":4,"column":19},"end":{"line":7,"column":1}},"line":4}},"branchMap":{},"s":{"0":0,"1":0},"f":{"0":0},"b":{}}
,"/Users/shashankbr/MO-PCCO.R3-assignment-files/RA_16.4_Styling_bad_bank/task-01/src/home.js": {"path":"/Users/shashankbr/MO-PCCO.R3-assignment-files/RA_16.4_Styling_bad_bank/task-01/src/home.js","statementMap":{"0":{"start":{"line":5,"column":13},"end":{"line":5,"column":36}},"1":{"start":{"line":6,"column":1},"end":{"line":19,"column":3}}},"fnMap":{"0":{"name":"Home","decl":{"start":{"line":4,"column":9},"end":{"line":4,"column":13}},"loc":{"start":{"line":4,"column":16},"end":{"line":20,"column":1}},"line":4}},"branchMap":{},"s":{"0":0,"1":0},"f":{"0":0},"b":{}}
,"/Users/shashankbr/MO-PCCO.R3-assignment-files/RA_16.4_Styling_bad_bank/task-01/src/home.solution.js": {"path":"/Users/shashankbr/MO-PCCO.R3-assignment-files/RA_16.4_Styling_bad_bank/task-01/src/home.solution.js","statementMap":{"0":{"start":{"line":5,"column":13},"end":{"line":5,"column":36}},"1":{"start":{"line":6,"column":1},"end":{"line":18,"column":3}}},"fnMap":{"0":{"name":"Home","decl":{"start":{"line":4,"column":9},"end":{"line":4,"column":13}},"loc":{"start":{"line":4,"column":16},"end":{"line":19,"column":1}},"line":4}},"branchMap":{},"s":{"0":5,"1":5},"f":{"0":5},"b":{},"_coverageSchema":"1a1c01bbd47fc00a2c39e90264f33305004495a9","hash":"87bb656eaf303b9fe0d61c05b4d3b1f05a4ef286"}
,"/Users/shashankbr/MO-PCCO.R3-assignment-files/RA_16.4_Styling_bad_bank/task-01/src/login.js": {"path":"/Users/shashankbr/MO-PCCO.R3-assignment-files/RA_16.4_Styling_bad_bank/task-01/src/login.js","statementMap":{"0":{"start":{"line":5,"column":13},"end":{"line":5,"column":36}},"1":{"start":{"line":6,"column":1},"end":{"line":6,"column":23}}},"fnMap":{"0":{"name":"Login","decl":{"start":{"line":4,"column":9},"end":{"line":4,"column":14}},"loc":{"start":{"line":4,"column":17},"end":{"line":7,"column":1}},"line":4}},"branchMap":{},"s":{"0":0,"1":0},"f":{"0":0},"b":{}}
,"/Users/shashankbr/MO-PCCO.R3-assignment-files/RA_16.4_Styling_bad_bank/task-01/src/navbar.js": {"path":"/Users/shashankbr/MO-PCCO.R3-assignment-files/RA_16.4_Styling_bad_bank/task-01/src/navbar.js","statementMap":{"0":{"start":{"line":4,"column":1},"end":{"line":11,"column":3}}},"fnMap":{"0":{"name":"NavBar","decl":{"start":{"line":3,"column":9},"end":{"line":3,"column":15}},"loc":{"start":{"line":3,"column":18},"end":{"line":12,"column":1}},"line":3}},"branchMap":{},"s":{"0":0},"f":{"0":0},"b":{}}
,"/Users/shashankbr/MO-PCCO.R3-assignment-files/RA_16.4_Styling_bad_bank/task-01/src/withdraw.js": {"path":"/Users/shashankbr/MO-PCCO.R3-assignment-files/RA_16.4_Styling_bad_bank/task-01/src/withdraw.js","statementMap":{"0":{"start":{"line":5,"column":13},"end":{"line":5,"column":36}},"1":{"start":{"line":6,"column":1},"end":{"line":6,"column":26}}},"fnMap":{"0":{"name":"Withdraw","decl":{"start":{"line":4,"column":9},"end":{"line":4,"column":17}},"loc":{"start":{"line":4,"column":20},"end":{"line":7,"column":1}},"line":4}},"branchMap":{},"s":{"0":0,"1":0},"f":{"0":0},"b":{}}
}
