TN:
SF:src/App.js
FN:13,App
FNF:1
FNH:0
FNDA:0,App
DA:14,0
LF:1
LH:0
BRF:0
BRH:0
end_of_record
TN:
SF:src/alldata.js
FN:3,AllData
FNF:1
FNH:0
FNDA:0,AllData
DA:4,0
DA:5,0
LF:2
LH:0
BRF:0
BRH:0
end_of_record
TN:
SF:src/balance.js
FN:4,Balance
FNF:1
FNH:0
FNDA:0,Balance
DA:5,0
DA:6,0
LF:2
LH:0
BRF:0
BRH:0
end_of_record
TN:
SF:src/card.js
FN:2,Card
FN:3,classes
FNF:2
FNH:0
FNDA:0,Card
FNDA:0,classes
DA:4,0
DA:5,0
DA:6,0
DA:9,0
LF:4
LH:0
BRDA:4,0,0,0
BRDA:4,0,1,0
BRDA:5,1,0,0
BRDA:5,1,1,0
BRDA:13,2,0,0
BRDA:13,2,1,0
BRDA:14,3,0,0
BRDA:14,3,1,0
BRDA:16,4,0,0
BRDA:16,4,1,0
BRF:10
BRH:0
end_of_record
TN:
SF:src/context.js
FN:4,(anonymous_0)
FNF:1
FNH:0
FNDA:0,(anonymous_0)
DA:2,1
DA:4,1
DA:5,0
LF:3
LH:2
BRF:0
BRH:0
end_of_record
TN:
SF:src/createaccount.js
FN:3,CreateAccount
FNF:1
FNH:0
FNDA:0,CreateAccount
DA:4,0
DA:5,0
LF:2
LH:0
BRF:0
BRH:0
end_of_record
TN:
SF:src/deposit.js
FN:4,Deposit
FNF:1
FNH:0
FNDA:0,Deposit
DA:5,0
DA:6,0
LF:2
LH:0
BRF:0
BRH:0
end_of_record
TN:
SF:src/home.js
FN:4,Home
FNF:1
FNH:0
FNDA:0,Home
DA:5,0
DA:6,0
LF:2
LH:0
BRF:0
BRH:0
end_of_record
TN:
SF:src/home.solution.js
FN:4,Home
FNF:1
FNH:1
FNDA:5,Home
DA:5,5
DA:6,5
LF:2
LH:2
BRF:0
BRH:0
end_of_record
TN:
SF:src/login.js
FN:4,Login
FNF:1
FNH:0
FNDA:0,Login
DA:5,0
DA:6,0
LF:2
LH:0
BRF:0
BRH:0
end_of_record
TN:
SF:src/navbar.js
FN:3,NavBar
FNF:1
FNH:0
FNDA:0,NavBar
DA:4,0
LF:1
LH:0
BRF:0
BRH:0
end_of_record
TN:
SF:src/withdraw.js
FN:4,Withdraw
FNF:1
FNH:0
FNDA:0,Withdraw
DA:5,0
DA:6,0
LF:2
LH:0
BRF:0
BRH:0
end_of_record
